#
# A fatal error has been detected by the Java Runtime Environment:
#
#  EXCEPTION_ACCESS_VIOLATION (0xc0000005) at pc=0x00007ffdaa33b303, pid=11384, tid=13656
#
# JRE version: OpenJDK Runtime Environment (11.0.13) (build 11.0.13+0-b1751.21-8125866)
# Java VM: OpenJDK 64-Bit Server VM (11.0.13+0-b1751.21-8125866, mixed mode, tiered, compressed oops, g1 gc, windows-amd64)
# Problematic frame:
# V  [jvm.dll+0x19b303]
#
# No core dump will be written. Minidumps are not enabled by default on client versions of Windows
#
# If you would like to submit a bug report, please visit:
#   https://bugreport.java.com/bugreport/crash.jsp
#

---------------  S U M M A R Y ------------

Command Line: --add-opens=java.base/java.util=ALL-UNNAMED --add-opens=java.base/java.lang=ALL-UNNAMED --add-opens=java.base/java.lang.invoke=ALL-UNNAMED --add-opens=java.prefs/java.util.prefs=ALL-UNNAMED -Xmx1536m -Dfile.encoding=windows-1252 -Duser.country=US -Duser.language=en -Duser.variant org.gradle.launcher.daemon.bootstrap.GradleDaemon 6.7.1

Host: AMD Athlon(tm) II X4 620 Processor, 4 cores, 7G,  Windows 11 , 64 bit Build 22000 (10.0.22000.434)
Time: Mon Mar 28 17:30:23 2022 Iran Daylight Time elapsed time: 5756.078323 seconds (0d 1h 35m 56s)

---------------  T H R E A D  ---------------

Current thread (0x000002b0c6037000):  JavaThread "C2 CompilerThread1" daemon [_thread_in_native, id=13656, stack(0x000000ef1f400000,0x000000ef1f500000)]


Current CompileTask:
C2:5756078 34975       4       com.android.tools.r8.ir.conversion.S::a (128 bytes)

Stack: [0x000000ef1f400000,0x000000ef1f500000],  sp=0x000000ef1f4fb560,  free space=1005k
Native frames: (J=compiled Java code, j=interpreted, Vv=VM code, C=native code)
V  [jvm.dll+0x19b303]
V  [jvm.dll+0x199059]
V  [jvm.dll+0x63dff5]
V  [jvm.dll+0x63ce1d]
V  [jvm.dll+0x20413f]
V  [jvm.dll+0x2023c2]
V  [jvm.dll+0x188e01]
V  [jvm.dll+0x21106b]
V  [jvm.dll+0x20f8c1]
V  [jvm.dll+0x70de0f]
V  [jvm.dll+0x706a75]
V  [jvm.dll+0x60ed66]
C  [ucrtbase.dll+0x26c0c]
C  [KERNEL32.DLL+0x154e0]
C  [ntdll.dll+0x485b]


siginfo: EXCEPTION_ACCESS_VIOLATION (0xc0000005), reading address 0xffffffff00000024


Register to memory mapping:

RIP=0x00007ffdaa33b303 jvm.dll
RAX=0xffffffff00000014 is an unknown value
RBX=0x000002b0bd275a90 points into unknown readable memory: 0xffffffff00000014 | 14 00 00 00 ff ff ff ff
RCX=0x000002b0bd275a90 points into unknown readable memory: 0xffffffff00000014 | 14 00 00 00 ff ff ff ff
RDX=0x000002b0c4bd7720 points into unknown readable memory: 0x0000000001000080 | 80 00 00 01 00 00 00 00
RSP=0x000000ef1f4fb560 is pointing into the stack for thread: 0x000002b0c6037000
RBP=0x000000ef1f4fb5e0 is pointing into the stack for thread: 0x000002b0c6037000
RSI=0x0 is NULL
RDI=0x0000000000000071 is an unknown value
R8 =0x0000000000000080 is an unknown value
R9 =0x0 is NULL
R10=0x000002b0c4bd6e30 points into unknown readable memory: 0x000002b0c34f9220 | 20 92 4f c3 b0 02 00 00
R11=0x000002b0c4bd8060 points into unknown readable memory: 0x000002b0c1e942d8 | d8 42 e9 c1 b0 02 00 00
R12=0x000002b0c1a418a0 points into unknown readable memory: 0x00007ffdaa9ae580 | 80 e5 9a aa fd 7f 00 00
R13=0x000002b0bd2777f0 points into unknown readable memory: 0x00007ffdaa9c3780 | 80 37 9c aa fd 7f 00 00
R14=0x0 is NULL
R15=0x0000000000000004 is an unknown value


Registers:
RAX=0xffffffff00000014, RBX=0x000002b0bd275a90, RCX=0x000002b0bd275a90, RDX=0x000002b0c4bd7720
RSP=0x000000ef1f4fb560, RBP=0x000000ef1f4fb5e0, RSI=0x0000000000000000, RDI=0x0000000000000071
R8 =0x0000000000000080, R9 =0x0000000000000000, R10=0x000002b0c4bd6e30, R11=0x000002b0c4bd8060
R12=0x000002b0c1a418a0, R13=0x000002b0bd2777f0, R14=0x0000000000000000, R15=0x0000000000000004
RIP=0x00007ffdaa33b303, EFLAGS=0x0000000000010206

Top of Stack: (sp=0x000000ef1f4fb560)
0x000000ef1f4fb560:   000002b0bdd6ec10 000000ef1f4fb5e0
0x000000ef1f4fb570:   0000000000000008 000000ef1f4fb658
0x000000ef1f4fb580:   00000000000302e8 000002b0c4bd6e30
0x000000ef1f4fb590:   000002b0c4bddbe8 000002b0c60089b0
0x000000ef1f4fb5a0:   000002b000000080 000002b0c4bd7e60
0x000000ef1f4fb5b0:   0000000000000071 00007ffdaaa38fa8
0x000000ef1f4fb5c0:   000002b0c60089b0 000002b000000400
0x000000ef1f4fb5d0:   000002b0c4bd6e60 00007ffdaa4dbc99
0x000000ef1f4fb5e0:   0000000000000000 0000000000000002
0x000000ef1f4fb5f0:   0000000000000000 000002b0c1a418a0
0x000000ef1f4fb600:   0000000000000001 000000ef1f4fc3a0
0x000000ef1f4fb610:   0000000000000c00 00007ffdaa339059
0x000000ef1f4fb620:   000002b0c1a41801 0000000000000001
0x000000ef1f4fb630:   000002b0c60089b0 000002b0c4bd5c00
0x000000ef1f4fb640:   0000000000000c7d 000002b0c1a40728
0x000000ef1f4fb650:   000002b0bf0f4068 0000000000000000 

Instructions: (pc=0x00007ffdaa33b303)
0x00007ffdaa33b203:   4d d8 48 c7 00 00 00 00 00 48 8b d3 48 8b 45 c8
0x00007ffdaa33b213:   48 c7 40 08 00 00 00 00 48 8b 45 c8 48 c7 40 10
0x00007ffdaa33b223:   00 00 00 00 48 8b 45 c8 48 c7 40 18 00 00 00 00
0x00007ffdaa33b233:   c7 45 d0 00 00 00 00 e8 b1 5c 59 00 49 8b 47 10
0x00007ffdaa33b243:   48 8b b8 60 02 00 00 8b 45 d0 8b d8 ff c0 89 45
0x00007ffdaa33b253:   d0 3b 5d c0 72 0b 8b d3 48 8d 4d b8 e8 7c 3a 45
0x00007ffdaa33b263:   00 48 8b 45 c8 48 89 3c d8 44 8b 47 28 41 8b c0
0x00007ffdaa33b273:   c1 e8 05 3b 45 e8 72 10 48 8b 45 d8 48 8d 4d d8
0x00007ffdaa33b283:   41 8b d0 ff 50 18 eb 1b 8b c8 41 83 e0 1f 48 8b
0x00007ffdaa33b293:   45 f0 48 8d 14 88 b8 01 00 00 00 41 0f b6 c8 d3
0x00007ffdaa33b2a3:   e0 09 02 83 7d d0 00 4c 89 ac 24 c8 00 00 00 0f
0x00007ffdaa33b2b3:   84 d8 00 00 00 0f 1f 84 00 00 00 00 00 8b 45 d0
0x00007ffdaa33b2c3:   45 33 f6 ff c8 89 45 d0 8b c8 48 8b 45 c8 4c 8b
0x00007ffdaa33b2d3:   2c c8 45 8b 7d 20 45 85 ff 0f 84 a4 00 00 00 33
0x00007ffdaa33b2e3:   f6 0f 1f 40 00 0f 1f 84 00 00 00 00 00 49 8b 5d
0x00007ffdaa33b2f3:   10 48 8b 1c 1e 48 85 db 74 79 48 8b 03 48 8b cb
0x00007ffdaa33b303:   ff 50 10 84 c0 74 6c 49 3b dc 0f 84 d0 00 00 00
0x00007ffdaa33b313:   8b 4b 28 8b c1 c1 e8 05 3b 45 e8 72 0f 48 8b 45
0x00007ffdaa33b323:   d8 8b d1 48 8d 4d d8 ff 50 18 eb 25 83 e1 1f 41
0x00007ffdaa33b333:   b8 01 00 00 00 41 d3 e0 8b c8 48 8b 45 f0 48 8d
0x00007ffdaa33b343:   14 88 8b 0c 88 8b c1 41 0b c0 89 02 41 23 c8 75
0x00007ffdaa33b353:   22 8b 45 d0 8b f8 ff c0 89 45 d0 3b 7d c0 72 0b
0x00007ffdaa33b363:   8b d7 48 8d 4d b8 e8 72 39 45 00 48 8b 45 c8 48
0x00007ffdaa33b373:   89 1c f8 41 ff c6 48 83 c6 08 45 3b f7 0f 82 6a
0x00007ffdaa33b383:   ff ff ff 83 7d d0 00 0f 85 30 ff ff ff b3 01 48
0x00007ffdaa33b393:   8b 75 58 48 8d 05 5b 6d 67 00 4c 8b ac 24 c8 00
0x00007ffdaa33b3a3:   00 00 48 8b 7d 50 48 89 45 d8 48 83 3e 00 74 14
0x00007ffdaa33b3b3:   48 8b 55 a0 48 8b cf e8 d1 59 f2 ff 48 8b ce e8
0x00007ffdaa33b3c3:   79 58 f2 ff 48 8b 45 a8 48 89 47 18 48 8b 45 b0
0x00007ffdaa33b3d3:   48 89 47 20 0f b6 c3 48 89 77 10 e9 73 fd ff ff
0x00007ffdaa33b3e3:   32 db eb ab cc cc cc cc cc cc cc cc cc 40 55 53
0x00007ffdaa33b3f3:   41 55 48 8d 6c 24 b9 48 81 ec a0 00 00 00 48 8b 


Stack slot to memory mapping:
stack at sp + 0 slots: 0x000002b0bdd6ec10 points into unknown readable memory: 0x00007ffdaa9aeaf0 | f0 ea 9a aa fd 7f 00 00
stack at sp + 1 slots: 0x000000ef1f4fb5e0 is pointing into the stack for thread: 0x000002b0c6037000
stack at sp + 2 slots: 0x0000000000000008 is an unknown value
stack at sp + 3 slots: 0x000000ef1f4fb658 is pointing into the stack for thread: 0x000002b0c6037000
stack at sp + 4 slots: 0x00000000000302e8 is an unknown value
stack at sp + 5 slots: 0x000002b0c4bd6e30 points into unknown readable memory: 0x000002b0c34f9220 | 20 92 4f c3 b0 02 00 00
stack at sp + 6 slots: 0x000002b0c4bddbe8 points into unknown readable memory: 0x005c3e6b8ad35e15 | 15 5e d3 8a 6b 3e 5c 00
stack at sp + 7 slots: 0x000002b0c60089b0 points into unknown readable memory: 0x0000000000000006 | 06 00 00 00 00 00 00 00


---------------  P R O C E S S  ---------------

Threads class SMR info:
_java_thread_list=0x000002b0bf0f4b60, length=60, elements={
0x000002b09e08e800, 0x000002b0b698a000, 0x000002b0b698c800, 0x000002b0b69ad800,
0x000002b0b69ae800, 0x000002b0b69af800, 0x000002b0b69b0800, 0x000002b0b69b6000,
0x000002b0b69c0800, 0x000002b0b745f800, 0x000002b0b89d3800, 0x000002b0b7fe6000,
0x000002b0b8e56800, 0x000002b0b8121800, 0x000002b0b8122000, 0x000002b0b8123000,
0x000002b0b8124000, 0x000002b0b746c000, 0x000002b0b9688000, 0x000002b0b9690000,
0x000002b0bd872800, 0x000002b0c48ca000, 0x000002b0c48c1000, 0x000002b0c48c2000,
0x000002b0c48bf800, 0x000002b0c48be000, 0x000002b0c48be800, 0x000002b0c48c3800,
0x000002b0c48c4800, 0x000002b0c48c0000, 0x000002b0c48c9000, 0x000002b0c48cb000,
0x000002b0c48c5000, 0x000002b0c48cb800, 0x000002b0c48c6000, 0x000002b0c48cc800,
0x000002b0c48c6800, 0x000002b0c519e800, 0x000002b0c5199800, 0x000002b0c519d000,
0x000002b0c519d800, 0x000002b0c519b000, 0x000002b0c5199000, 0x000002b0c51a0000,
0x000002b0c519a800, 0x000002b0c51a1000, 0x000002b0c51a2800, 0x000002b0c51a3800,
0x000002b0c51a7800, 0x000002b0c51a2000, 0x000002b0c51a4000, 0x000002b0c51a5000,
0x000002b0c51a6000, 0x000002b0c51a6800, 0x000002b0c6037000, 0x000002b0bd9d1800,
0x000002b0bd9d4000, 0x000002b0bd9d5800, 0x000002b0bd9d8800, 0x000002b0bd9d8000
}

Java Threads: ( => current thread )
  0x000002b09e08e800 JavaThread "main" [_thread_blocked, id=6060, stack(0x000000ef1c700000,0x000000ef1c800000)]
  0x000002b0b698a000 JavaThread "Reference Handler" daemon [_thread_blocked, id=10604, stack(0x000000ef1ce00000,0x000000ef1cf00000)]
  0x000002b0b698c800 JavaThread "Finalizer" daemon [_thread_blocked, id=6668, stack(0x000000ef1cf00000,0x000000ef1d000000)]
  0x000002b0b69ad800 JavaThread "Signal Dispatcher" daemon [_thread_blocked, id=1368, stack(0x000000ef1d000000,0x000000ef1d100000)]
  0x000002b0b69ae800 JavaThread "Attach Listener" daemon [_thread_blocked, id=1276, stack(0x000000ef1d100000,0x000000ef1d200000)]
  0x000002b0b69af800 JavaThread "Service Thread" daemon [_thread_blocked, id=11008, stack(0x000000ef1d200000,0x000000ef1d300000)]
  0x000002b0b69b0800 JavaThread "C2 CompilerThread0" daemon [_thread_in_native, id=10416, stack(0x000000ef1d300000,0x000000ef1d400000)]
  0x000002b0b69b6000 JavaThread "C1 CompilerThread0" daemon [_thread_blocked, id=4572, stack(0x000000ef1d400000,0x000000ef1d500000)]
  0x000002b0b69c0800 JavaThread "Sweeper thread" daemon [_thread_blocked, id=10772, stack(0x000000ef1d500000,0x000000ef1d600000)]
  0x000002b0b745f800 JavaThread "Common-Cleaner" daemon [_thread_blocked, id=9028, stack(0x000000ef1d600000,0x000000ef1d700000)]
  0x000002b0b89d3800 JavaThread "Daemon health stats" [_thread_blocked, id=10028, stack(0x000000ef1db00000,0x000000ef1dc00000)]
  0x000002b0b7fe6000 JavaThread "Incoming local TCP Connector on port 50912" [_thread_in_native, id=11328, stack(0x000000ef1dd00000,0x000000ef1de00000)]
  0x000002b0b8e56800 JavaThread "Daemon periodic checks" [_thread_blocked, id=9304, stack(0x000000ef1de00000,0x000000ef1df00000)]
  0x000002b0b8121800 JavaThread "Cache worker for file hash cache (C:\Users\amirn\.gradle\caches\6.7.1\fileHashes)" [_thread_blocked, id=10588, stack(0x000000ef1e700000,0x000000ef1e800000)]
  0x000002b0b8122000 JavaThread "File lock request listener" [_thread_in_native, id=11816, stack(0x000000ef1e800000,0x000000ef1e900000)]
  0x000002b0b8123000 JavaThread "Cache worker for journal cache (C:\Users\amirn\.gradle\caches\journal-1)" [_thread_blocked, id=2964, stack(0x000000ef1e900000,0x000000ef1ea00000)]
  0x000002b0b8124000 JavaThread "Cache worker for execution history cache (C:\Users\amirn\.gradle\caches\6.7.1\executionHistory)" [_thread_blocked, id=7776, stack(0x000000ef1ee00000,0x000000ef1ef00000)]
  0x000002b0b746c000 JavaThread "Cache worker for file content cache (C:\Users\amirn\.gradle\caches\6.7.1\fileContent)" [_thread_blocked, id=6892, stack(0x000000ef1f000000,0x000000ef1f100000)]
  0x000002b0b9688000 JavaThread "Memory manager" [_thread_blocked, id=9936, stack(0x000000ef25700000,0x000000ef25800000)]
  0x000002b0b9690000 JavaThread "Java2D Disposer" daemon [_thread_blocked, id=6344, stack(0x000000ef26200000,0x000000ef26300000)]
  0x000002b0bd872800 JavaThread "Cache worker for Java compile cache (C:\Users\amirn\.gradle\caches\6.7.1\javaCompile)" [_thread_blocked, id=2612, stack(0x000000ef1ef00000,0x000000ef1f000000)]
  0x000002b0c48ca000 JavaThread "ForkJoinPool.commonPool-worker-5" daemon [_thread_blocked, id=5256, stack(0x000000ef26300000,0x000000ef26400000)]
  0x000002b0c48c1000 JavaThread "Daemon Thread 7" [_thread_blocked, id=13880, stack(0x000000ef1c400000,0x000000ef1c500000)]
  0x000002b0c48c2000 JavaThread "Handler for socket connection from /127.0.0.1:50912 to /127.0.0.1:53042" [_thread_in_native, id=9868, stack(0x000000ef1c500000,0x000000ef1c600000)]
  0x000002b0c48bf800 JavaThread "Cancel handler" [_thread_blocked, id=12464, stack(0x000000ef1c600000,0x000000ef1c700000)]
  0x000002b0c48be000 JavaThread "Daemon worker Thread 7" [_thread_blocked, id=14048, stack(0x000000ef1d800000,0x000000ef1d900000)]
  0x000002b0c48be800 JavaThread "Asynchronous log dispatcher for DefaultDaemonConnection: socket connection from /127.0.0.1:50912 to /127.0.0.1:53042" [_thread_blocked, id=8340, stack(0x000000ef1dc00000,0x000000ef1dd00000)]
  0x000002b0c48c3800 JavaThread "Thread-759" [_thread_blocked, id=14052, stack(0x000000ef1e000000,0x000000ef1e100000)]
  0x000002b0c48c4800 JavaThread "Cache worker for file hash cache (C:\Users\amirn\Desktop\ScientistProject\.gradle\6.7.1\fileHashes)" [_thread_blocked, id=8352, stack(0x000000ef1e100000,0x000000ef1e200000)]
  0x000002b0c48c0000 JavaThread "Cache worker for checksums cache (C:\Users\amirn\Desktop\ScientistProject\.gradle\checksums)" [_thread_blocked, id=8952, stack(0x000000ef1e200000,0x000000ef1e300000)]
  0x000002b0c48c9000 JavaThread "Cache worker for cache directory md-supplier (C:\Users\amirn\.gradle\caches\6.7.1\md-supplier)" [_thread_blocked, id=5704, stack(0x000000ef1e300000,0x000000ef1e400000)]
  0x000002b0c48cb000 JavaThread "Cache worker for cache directory md-rule (C:\Users\amirn\.gradle\caches\6.7.1\md-rule)" [_thread_blocked, id=6684, stack(0x000000ef1e400000,0x000000ef1e500000)]
  0x000002b0c48c5000 JavaThread "Cache worker for Build Output Cleanup Cache (C:\Users\amirn\Desktop\ScientistProject\.gradle\buildOutputCleanup)" [_thread_blocked, id=13044, stack(0x000000ef1e500000,0x000000ef1e600000)]
  0x000002b0c48cb800 JavaThread "Build operations" [_thread_blocked, id=10048, stack(0x000000ef1ea00000,0x000000ef1eb00000)]
  0x000002b0c48c6000 JavaThread "Build operations Thread 2" [_thread_blocked, id=14020, stack(0x000000ef1eb00000,0x000000ef1ec00000)]
  0x000002b0c48cc800 JavaThread "Build operations Thread 3" [_thread_blocked, id=13996, stack(0x000000ef1ec00000,0x000000ef1ed00000)]
  0x000002b0c48c6800 JavaThread "Build operations Thread 4" [_thread_blocked, id=7836, stack(0x000000ef1ed00000,0x000000ef1ee00000)]
  0x000002b0c519e800 JavaThread "build event listener" [_thread_blocked, id=4768, stack(0x000000ef25300000,0x000000ef25400000)]
  0x000002b0c5199800 JavaThread "build event listener" [_thread_blocked, id=3932, stack(0x000000ef25400000,0x000000ef25500000)]
  0x000002b0c519d000 JavaThread "Execution worker for ':'" [_thread_blocked, id=5572, stack(0x000000ef25500000,0x000000ef25600000)]
  0x000002b0c519d800 JavaThread "Execution worker for ':' Thread 2" [_thread_blocked, id=8404, stack(0x000000ef25600000,0x000000ef25700000)]
  0x000002b0c519b000 JavaThread "Execution worker for ':' Thread 3" [_thread_blocked, id=8272, stack(0x000000ef25800000,0x000000ef25900000)]
  0x000002b0c5199000 JavaThread "Cache worker for execution history cache (C:\Users\amirn\Desktop\ScientistProject\.gradle\6.7.1\executionHistory)" [_thread_blocked, id=12480, stack(0x000000ef25900000,0x000000ef25a00000)]
  0x000002b0c51a0000 JavaThread "WorkerExecutor Queue Thread 2" [_thread_blocked, id=10520, stack(0x000000ef25b00000,0x000000ef25c00000)]
  0x000002b0c519a800 JavaThread "WorkerExecutor Queue Thread 3" [_thread_blocked, id=10276, stack(0x000000ef25c00000,0x000000ef25d00000)]
  0x000002b0c51a1000 JavaThread "pool-34-thread-1" [_thread_blocked, id=13344, stack(0x000000ef25d00000,0x000000ef25e00000)]
  0x000002b0c51a2800 JavaThread "stderr" [_thread_in_native, id=6952, stack(0x000000ef25e00000,0x000000ef25f00000)]
  0x000002b0c51a3800 JavaThread "stdout" [_thread_in_native, id=8004, stack(0x000000ef25f00000,0x000000ef26000000)]
  0x000002b0c51a7800 JavaThread "stderr" [_thread_in_native, id=12376, stack(0x000000ef26000000,0x000000ef26100000)]
  0x000002b0c51a2000 JavaThread "stdout" [_thread_in_native, id=13572, stack(0x000000ef26100000,0x000000ef26200000)]
  0x000002b0c51a4000 JavaThread "stderr" [_thread_in_native, id=13640, stack(0x000000ef26400000,0x000000ef26500000)]
  0x000002b0c51a5000 JavaThread "stdout" [_thread_in_native, id=13980, stack(0x000000ef26500000,0x000000ef26600000)]
  0x000002b0c51a6000 JavaThread "WorkerExecutor Queue Thread 5" [_thread_blocked, id=11316, stack(0x000000ef26600000,0x000000ef26700000)]
  0x000002b0c51a6800 JavaThread "Cache worker for Java compile cache (C:\Users\amirn\Desktop\ScientistProject\.gradle\6.7.1\javaCompile)" [_thread_blocked, id=11224, stack(0x000000ef25200000,0x000000ef25300000)]
=>0x000002b0c6037000 JavaThread "C2 CompilerThread1" daemon [_thread_in_native, id=13656, stack(0x000000ef1f400000,0x000000ef1f500000)]
  0x000002b0bd9d1800 JavaThread "ForkJoinPool-7-worker-3" daemon [_thread_in_Java, id=11576, stack(0x000000ef1df00000,0x000000ef1e000000)]
  0x000002b0bd9d4000 JavaThread "ForkJoinPool-7-worker-5" daemon [_thread_blocked, id=8156, stack(0x000000ef1f200000,0x000000ef1f300000)]
  0x000002b0bd9d5800 JavaThread "ForkJoinPool-7-worker-7" daemon [_thread_blocked, id=12740, stack(0x000000ef1f600000,0x000000ef1f700000)]
  0x000002b0bd9d8800 JavaThread "ForkJoinPool-7-worker-1" daemon [_thread_blocked, id=5356, stack(0x000000ef1f700000,0x000000ef1f800000)]
  0x000002b0bd9d8000 JavaThread "WorkerExecutor Queue Thread 7" [_thread_blocked, id=12924, stack(0x000000ef1f300000,0x000000ef1f400000)]

Other Threads:
  0x000002b0b6964000 VMThread "VM Thread" [stack: 0x000000ef1cd00000,0x000000ef1ce00000] [id=204]
  0x000002b0b7483800 WatcherThread [stack: 0x000000ef1d700000,0x000000ef1d800000] [id=5616]
  0x000002b09e0a7800 GCTaskThread "GC Thread#0" [stack: 0x000000ef1c800000,0x000000ef1c900000] [id=7808]
  0x000002b0b7824000 GCTaskThread "GC Thread#1" [stack: 0x000000ef1d900000,0x000000ef1da00000] [id=5204]
  0x000002b0b7f82800 GCTaskThread "GC Thread#2" [stack: 0x000000ef1da00000,0x000000ef1db00000] [id=1704]
  0x000002b0b9571000 GCTaskThread "GC Thread#3" [stack: 0x000000ef1e600000,0x000000ef1e700000] [id=8292]
  0x000002b09e0cd000 ConcurrentGCThread "G1 Main Marker" [stack: 0x000000ef1c900000,0x000000ef1ca00000] [id=4020]
  0x000002b09e0ce000 ConcurrentGCThread "G1 Conc#0" [stack: 0x000000ef1ca00000,0x000000ef1cb00000] [id=4796]
  0x000002b09e160000 ConcurrentGCThread "G1 Refine#0" [stack: 0x000000ef1cb00000,0x000000ef1cc00000] [id=7156]
  0x000002b09e161000 ConcurrentGCThread "G1 Young RemSet Sampling" [stack: 0x000000ef1cc00000,0x000000ef1cd00000] [id=4180]

Threads with active compile tasks:
C2 CompilerThread05756335 34978       4       com.android.tools.r8.r.o.E::a (567 bytes)
C2 CompilerThread15756335 34975       4       com.android.tools.r8.ir.conversion.S::a (128 bytes)

VM state:not at safepoint (normal execution)

VM Mutex/Monitor currently owned by a thread: None

Heap address: 0x00000000a0000000, size: 1536 MB, Compressed Oops mode: 32-bit
Narrow klass base: 0x0000000000000000, Narrow klass shift: 3
Compressed class space size: 1073741824 Address: 0x0000000100000000

Heap:
 garbage-first heap   total 375808K, used 294672K [0x00000000a0000000, 0x0000000100000000)
  region size 1024K, 140 young (143360K), 1 survivors (1024K)
 Metaspace       used 178502K, capacity 182173K, committed 182320K, reserved 1210368K
  class space    used 20885K, capacity 22143K, committed 22144K, reserved 1048576K
Heap Regions: E=young(eden), S=young(survivor), O=old, HS=humongous(starts), HC=humongous(continues), CS=collection set, F=free, A=archive, TAMS=top-at-mark-start (previous, next)
|   0|0x00000000a0000000, 0x00000000a0100000, 0x00000000a0100000|100%| O|  |TAMS 0x00000000a0100000, 0x00000000a0000000| Untracked 
|   1|0x00000000a0100000, 0x00000000a0200000, 0x00000000a0200000|100%| O|  |TAMS 0x00000000a0200000, 0x00000000a0100000| Complete 
|   2|0x00000000a0200000, 0x00000000a0300000, 0x00000000a0300000|100%| O|  |TAMS 0x00000000a0300000, 0x00000000a0200000| Complete 
|   3|0x00000000a0300000, 0x00000000a0400000, 0x00000000a0400000|100%|HS|  |TAMS 0x00000000a0400000, 0x00000000a0300000| Complete 
|   4|0x00000000a0400000, 0x00000000a0500000, 0x00000000a0500000|100%|HC|  |TAMS 0x00000000a0500000, 0x00000000a0400000| Complete 
|   5|0x00000000a0500000, 0x00000000a0600000, 0x00000000a0600000|100%|HC|  |TAMS 0x00000000a0600000, 0x00000000a0500000| Complete 
|   6|0x00000000a0600000, 0x00000000a0700000, 0x00000000a0700000|100%| O|  |TAMS 0x00000000a0700000, 0x00000000a0600000| Untracked 
|   7|0x00000000a0700000, 0x00000000a0800000, 0x00000000a0800000|100%| O|  |TAMS 0x00000000a0800000, 0x00000000a0700000| Untracked 
|   8|0x00000000a0800000, 0x00000000a0900000, 0x00000000a0900000|100%| O|  |TAMS 0x00000000a0900000, 0x00000000a0800000| Complete 
|   9|0x00000000a0900000, 0x00000000a0a00000, 0x00000000a0a00000|100%| O|  |TAMS 0x00000000a0a00000, 0x00000000a0900000| Untracked 
|  10|0x00000000a0a00000, 0x00000000a0b00000, 0x00000000a0b00000|100%| O|  |TAMS 0x00000000a0b00000, 0x00000000a0a00000| Untracked 
|  11|0x00000000a0b00000, 0x00000000a0c00000, 0x00000000a0c00000|100%| O|  |TAMS 0x00000000a0c00000, 0x00000000a0b00000| Untracked 
|  12|0x00000000a0c00000, 0x00000000a0d00000, 0x00000000a0d00000|100%| O|  |TAMS 0x00000000a0d00000, 0x00000000a0c00000| Complete 
|  13|0x00000000a0d00000, 0x00000000a0e00000, 0x00000000a0e00000|100%| O|  |TAMS 0x00000000a0e00000, 0x00000000a0d00000| Untracked 
|  14|0x00000000a0e00000, 0x00000000a0f00000, 0x00000000a0f00000|100%| O|  |TAMS 0x00000000a0f00000, 0x00000000a0e00000| Complete 
|  15|0x00000000a0f00000, 0x00000000a1000000, 0x00000000a1000000|100%| O|  |TAMS 0x00000000a1000000, 0x00000000a0f00000| Complete 
|  16|0x00000000a1000000, 0x00000000a1100000, 0x00000000a1100000|100%| O|  |TAMS 0x00000000a1100000, 0x00000000a1000000| Complete 
|  17|0x00000000a1100000, 0x00000000a1200000, 0x00000000a1200000|100%| O|  |TAMS 0x00000000a1200000, 0x00000000a1100000| Complete 
|  18|0x00000000a1200000, 0x00000000a1300000, 0x00000000a1300000|100%| O|  |TAMS 0x00000000a1300000, 0x00000000a1200000| Complete 
|  19|0x00000000a1300000, 0x00000000a1400000, 0x00000000a1400000|100%|HS|  |TAMS 0x00000000a1400000, 0x00000000a1300000| Complete 
|  20|0x00000000a1400000, 0x00000000a1500000, 0x00000000a1500000|100%| O|  |TAMS 0x00000000a1500000, 0x00000000a1400000| Complete 
|  21|0x00000000a1500000, 0x00000000a1600000, 0x00000000a1600000|100%| O|  |TAMS 0x00000000a1600000, 0x00000000a1500000| Complete 
|  22|0x00000000a1600000, 0x00000000a1700000, 0x00000000a1700000|100%|HS|  |TAMS 0x00000000a1700000, 0x00000000a1600000| Complete 
|  23|0x00000000a1700000, 0x00000000a1800000, 0x00000000a1800000|100%|HC|  |TAMS 0x00000000a1800000, 0x00000000a1700000| Complete 
|  24|0x00000000a1800000, 0x00000000a1900000, 0x00000000a1900000|100%| O|  |TAMS 0x00000000a1900000, 0x00000000a1800000| Complete 
|  25|0x00000000a1900000, 0x00000000a1a00000, 0x00000000a1a00000|100%| O|  |TAMS 0x00000000a1a00000, 0x00000000a1900000| Complete 
|  26|0x00000000a1a00000, 0x00000000a1b00000, 0x00000000a1b00000|100%| O|  |TAMS 0x00000000a1b00000, 0x00000000a1a00000| Complete 
|  27|0x00000000a1b00000, 0x00000000a1c00000, 0x00000000a1c00000|100%| O|  |TAMS 0x00000000a1c00000, 0x00000000a1b00000| Complete 
|  28|0x00000000a1c00000, 0x00000000a1d00000, 0x00000000a1d00000|100%| O|  |TAMS 0x00000000a1d00000, 0x00000000a1c00000| Complete 
|  29|0x00000000a1d00000, 0x00000000a1e00000, 0x00000000a1e00000|100%| O|  |TAMS 0x00000000a1e00000, 0x00000000a1d00000| Complete 
|  30|0x00000000a1e00000, 0x00000000a1f00000, 0x00000000a1f00000|100%| O|  |TAMS 0x00000000a1f00000, 0x00000000a1e00000| Untracked 
|  31|0x00000000a1f00000, 0x00000000a2000000, 0x00000000a2000000|100%| O|  |TAMS 0x00000000a2000000, 0x00000000a1f00000| Untracked 
|  32|0x00000000a2000000, 0x00000000a2100000, 0x00000000a2100000|100%| O|  |TAMS 0x00000000a2100000, 0x00000000a2000000| Untracked 
|  33|0x00000000a2100000, 0x00000000a2200000, 0x00000000a2200000|100%| O|  |TAMS 0x00000000a2200000, 0x00000000a2100000| Complete 
|  34|0x00000000a2200000, 0x00000000a2300000, 0x00000000a2300000|100%| O|  |TAMS 0x00000000a2300000, 0x00000000a2200000| Complete 
|  35|0x00000000a2300000, 0x00000000a2400000, 0x00000000a2400000|100%| O|  |TAMS 0x00000000a2400000, 0x00000000a2300000| Untracked 
|  36|0x00000000a2400000, 0x00000000a2500000, 0x00000000a2500000|100%| O|  |TAMS 0x00000000a2500000, 0x00000000a2400000| Complete 
|  37|0x00000000a2500000, 0x00000000a2600000, 0x00000000a2600000|100%| O|  |TAMS 0x00000000a2600000, 0x00000000a2500000| Complete 
|  38|0x00000000a2600000, 0x00000000a2700000, 0x00000000a2700000|100%| O|  |TAMS 0x00000000a2700000, 0x00000000a2600000| Complete 
|  39|0x00000000a2700000, 0x00000000a2800000, 0x00000000a2800000|100%| O|  |TAMS 0x00000000a2800000, 0x00000000a2700000| Complete 
|  40|0x00000000a2800000, 0x00000000a2900000, 0x00000000a2900000|100%|HS|  |TAMS 0x00000000a2900000, 0x00000000a2800000| Complete 
|  41|0x00000000a2900000, 0x00000000a2a00000, 0x00000000a2a00000|100%| O|  |TAMS 0x00000000a2a00000, 0x00000000a2900000| Untracked 
|  42|0x00000000a2a00000, 0x00000000a2b00000, 0x00000000a2b00000|100%| O|  |TAMS 0x00000000a2b00000, 0x00000000a2a00000| Complete 
|  43|0x00000000a2b00000, 0x00000000a2c00000, 0x00000000a2c00000|100%| O|  |TAMS 0x00000000a2c00000, 0x00000000a2b00000| Complete 
|  44|0x00000000a2c00000, 0x00000000a2d00000, 0x00000000a2d00000|100%| O|  |TAMS 0x00000000a2d00000, 0x00000000a2c00000| Complete 
|  45|0x00000000a2d00000, 0x00000000a2e00000, 0x00000000a2e00000|100%|HS|  |TAMS 0x00000000a2d00000, 0x00000000a2d00000| Complete 
|  46|0x00000000a2e00000, 0x00000000a2f00000, 0x00000000a2f00000|100%| O|  |TAMS 0x00000000a2f00000, 0x00000000a2e00000| Complete 
|  47|0x00000000a2f00000, 0x00000000a3000000, 0x00000000a3000000|100%| O|  |TAMS 0x00000000a3000000, 0x00000000a2f00000| Complete 
|  48|0x00000000a3000000, 0x00000000a3100000, 0x00000000a3100000|100%| O|  |TAMS 0x00000000a3100000, 0x00000000a3000000| Complete 
|  49|0x00000000a3100000, 0x00000000a3200000, 0x00000000a3200000|100%| O|  |TAMS 0x00000000a3200000, 0x00000000a3100000| Complete 
|  50|0x00000000a3200000, 0x00000000a3300000, 0x00000000a3300000|100%| O|  |TAMS 0x00000000a3300000, 0x00000000a3200000| Complete 
|  51|0x00000000a3300000, 0x00000000a3400000, 0x00000000a3400000|100%| O|  |TAMS 0x00000000a3400000, 0x00000000a3300000| Complete 
|  52|0x00000000a3400000, 0x00000000a3500000, 0x00000000a3500000|100%| O|  |TAMS 0x00000000a3500000, 0x00000000a3400000| Untracked 
|  53|0x00000000a3500000, 0x00000000a3600000, 0x00000000a3600000|100%| O|  |TAMS 0x00000000a3600000, 0x00000000a3500000| Complete 
|  54|0x00000000a3600000, 0x00000000a3700000, 0x00000000a3700000|100%| O|  |TAMS 0x00000000a3700000, 0x00000000a3600000| Untracked 
|  55|0x00000000a3700000, 0x00000000a3800000, 0x00000000a3800000|100%| O|  |TAMS 0x00000000a3800000, 0x00000000a3700000| Complete 
|  56|0x00000000a3800000, 0x00000000a3900000, 0x00000000a3900000|100%| O|  |TAMS 0x00000000a3900000, 0x00000000a3800000| Untracked 
|  57|0x00000000a3900000, 0x00000000a3a00000, 0x00000000a3a00000|100%| O|  |TAMS 0x00000000a3a00000, 0x00000000a3900000| Complete 
|  58|0x00000000a3a00000, 0x00000000a3b00000, 0x00000000a3b00000|100%| O|  |TAMS 0x00000000a3b00000, 0x00000000a3a00000| Complete 
|  59|0x00000000a3b00000, 0x00000000a3c00000, 0x00000000a3c00000|100%| O|  |TAMS 0x00000000a3c00000, 0x00000000a3b00000| Complete 
|  60|0x00000000a3c00000, 0x00000000a3d00000, 0x00000000a3d00000|100%| O|  |TAMS 0x00000000a3d00000, 0x00000000a3c00000| Complete 
|  61|0x00000000a3d00000, 0x00000000a3e00000, 0x00000000a3e00000|100%| O|  |TAMS 0x00000000a3e00000, 0x00000000a3d00000| Complete 
|  62|0x00000000a3e00000, 0x00000000a3f00000, 0x00000000a3f00000|100%| O|  |TAMS 0x00000000a3f00000, 0x00000000a3e00000| Complete 
|  63|0x00000000a3f00000, 0x00000000a4000000, 0x00000000a4000000|100%| O|  |TAMS 0x00000000a4000000, 0x00000000a3f00000| Complete 
|  64|0x00000000a4000000, 0x00000000a4100000, 0x00000000a4100000|100%| O|  |TAMS 0x00000000a4100000, 0x00000000a4000000| Untracked 
|  65|0x00000000a4100000, 0x00000000a4200000, 0x00000000a4200000|100%| O|  |TAMS 0x00000000a4200000, 0x00000000a4100000| Complete 
|  66|0x00000000a4200000, 0x00000000a4300000, 0x00000000a4300000|100%| O|  |TAMS 0x00000000a4300000, 0x00000000a4200000| Complete 
|  67|0x00000000a4300000, 0x00000000a4400000, 0x00000000a4400000|100%| O|  |TAMS 0x00000000a4400000, 0x00000000a4300000| Complete 
|  68|0x00000000a4400000, 0x00000000a4500000, 0x00000000a4500000|100%| O|  |TAMS 0x00000000a4500000, 0x00000000a4400000| Complete 
|  69|0x00000000a4500000, 0x00000000a4600000, 0x00000000a4600000|100%|HS|  |TAMS 0x00000000a4500000, 0x00000000a4500000| Complete 
|  70|0x00000000a4600000, 0x00000000a4700000, 0x00000000a4700000|100%| O|  |TAMS 0x00000000a4700000, 0x00000000a4600000| Complete 
|  71|0x00000000a4700000, 0x00000000a4800000, 0x00000000a4800000|100%| O|  |TAMS 0x00000000a4800000, 0x00000000a4700000| Complete 
|  72|0x00000000a4800000, 0x00000000a4900000, 0x00000000a4900000|100%| O|  |TAMS 0x00000000a4900000, 0x00000000a4800000| Complete 
|  73|0x00000000a4900000, 0x00000000a4a00000, 0x00000000a4a00000|100%| O|  |TAMS 0x00000000a4a00000, 0x00000000a4900000| Complete 
|  74|0x00000000a4a00000, 0x00000000a4b00000, 0x00000000a4b00000|100%| O|  |TAMS 0x00000000a4b00000, 0x00000000a4a00000| Complete 
|  75|0x00000000a4b00000, 0x00000000a4c00000, 0x00000000a4c00000|100%| O|  |TAMS 0x00000000a4c00000, 0x00000000a4b00000| Untracked 
|  76|0x00000000a4c00000, 0x00000000a4d00000, 0x00000000a4d00000|100%| O|  |TAMS 0x00000000a4d00000, 0x00000000a4c00000| Complete 
|  77|0x00000000a4d00000, 0x00000000a4e00000, 0x00000000a4e00000|100%| O|  |TAMS 0x00000000a4e00000, 0x00000000a4d00000| Complete 
|  78|0x00000000a4e00000, 0x00000000a4f00000, 0x00000000a4f00000|100%| O|  |TAMS 0x00000000a4f00000, 0x00000000a4e00000| Untracked 
|  79|0x00000000a4f00000, 0x00000000a5000000, 0x00000000a5000000|100%| O|  |TAMS 0x00000000a5000000, 0x00000000a4f00000| Complete 
|  80|0x00000000a5000000, 0x00000000a5100000, 0x00000000a5100000|100%| O|  |TAMS 0x00000000a5100000, 0x00000000a5000000| Complete 
|  81|0x00000000a5100000, 0x00000000a5200000, 0x00000000a5200000|100%|HS|  |TAMS 0x00000000a5200000, 0x00000000a5100000| Complete 
|  82|0x00000000a5200000, 0x00000000a5300000, 0x00000000a5300000|100%|HC|  |TAMS 0x00000000a5300000, 0x00000000a5200000| Complete 
|  83|0x00000000a5300000, 0x00000000a5400000, 0x00000000a5400000|100%|HC|  |TAMS 0x00000000a5400000, 0x00000000a5300000| Complete 
|  84|0x00000000a5400000, 0x00000000a5500000, 0x00000000a5500000|100%| O|  |TAMS 0x00000000a5500000, 0x00000000a5400000| Complete 
|  85|0x00000000a5500000, 0x00000000a5600000, 0x00000000a5600000|100%| O|  |TAMS 0x00000000a5600000, 0x00000000a5500000| Complete 
|  86|0x00000000a5600000, 0x00000000a5700000, 0x00000000a5700000|100%|HS|  |TAMS 0x00000000a5600000, 0x00000000a5600000| Complete 
|  87|0x00000000a5700000, 0x00000000a5800000, 0x00000000a5800000|100%| O|  |TAMS 0x00000000a5800000, 0x00000000a5700000| Complete 
|  88|0x00000000a5800000, 0x00000000a5900000, 0x00000000a5900000|100%| O|  |TAMS 0x00000000a5900000, 0x00000000a5800000| Complete 
|  89|0x00000000a5900000, 0x00000000a5a00000, 0x00000000a5a00000|100%| O|  |TAMS 0x00000000a5a00000, 0x00000000a5900000| Untracked 
|  90|0x00000000a5a00000, 0x00000000a5b00000, 0x00000000a5b00000|100%| O|  |TAMS 0x00000000a5b00000, 0x00000000a5a00000| Complete 
|  91|0x00000000a5b00000, 0x00000000a5c00000, 0x00000000a5c00000|100%|HS|  |TAMS 0x00000000a5c00000, 0x00000000a5b00000| Complete 
|  92|0x00000000a5c00000, 0x00000000a5d00000, 0x00000000a5d00000|100%|HC|  |TAMS 0x00000000a5d00000, 0x00000000a5c00000| Complete 
|  93|0x00000000a5d00000, 0x00000000a5e00000, 0x00000000a5e00000|100%|HC|  |TAMS 0x00000000a5e00000, 0x00000000a5d00000| Complete 
|  94|0x00000000a5e00000, 0x00000000a5f00000, 0x00000000a5f00000|100%| O|  |TAMS 0x00000000a5f00000, 0x00000000a5e00000| Complete 
|  95|0x00000000a5f00000, 0x00000000a6000000, 0x00000000a6000000|100%| O|  |TAMS 0x00000000a6000000, 0x00000000a5f00000| Complete 
|  96|0x00000000a6000000, 0x00000000a6100000, 0x00000000a6100000|100%| O|  |TAMS 0x00000000a6100000, 0x00000000a6000000| Untracked 
|  97|0x00000000a6100000, 0x00000000a6200000, 0x00000000a6200000|100%| O|  |TAMS 0x00000000a6200000, 0x00000000a6100000| Complete 
|  98|0x00000000a6200000, 0x00000000a6300000, 0x00000000a6300000|100%| O|  |TAMS 0x00000000a6300000, 0x00000000a6200000| Complete 
|  99|0x00000000a6300000, 0x00000000a6400000, 0x00000000a6400000|100%| O|  |TAMS 0x00000000a6400000, 0x00000000a6300000| Untracked 
| 100|0x00000000a6400000, 0x00000000a6500000, 0x00000000a6500000|100%| O|  |TAMS 0x00000000a6500000, 0x00000000a6400000| Complete 
| 101|0x00000000a6500000, 0x00000000a6600000, 0x00000000a6600000|100%| O|  |TAMS 0x00000000a6600000, 0x00000000a6500000| Complete 
| 102|0x00000000a6600000, 0x00000000a6700000, 0x00000000a6700000|100%| O|  |TAMS 0x00000000a6700000, 0x00000000a6600000| Untracked 
| 103|0x00000000a6700000, 0x00000000a6800000, 0x00000000a6800000|100%| O|  |TAMS 0x00000000a6800000, 0x00000000a6700000| Untracked 
| 104|0x00000000a6800000, 0x00000000a6900000, 0x00000000a6900000|100%| O|  |TAMS 0x00000000a6900000, 0x00000000a6800000| Complete 
| 105|0x00000000a6900000, 0x00000000a6a00000, 0x00000000a6a00000|100%| O|  |TAMS 0x00000000a6a00000, 0x00000000a6900000| Untracked 
| 106|0x00000000a6a00000, 0x00000000a6b00000, 0x00000000a6b00000|100%| O|  |TAMS 0x00000000a6b00000, 0x00000000a6a00000| Complete 
| 107|0x00000000a6b00000, 0x00000000a6c00000, 0x00000000a6c00000|100%|HS|  |TAMS 0x00000000a6c00000, 0x00000000a6b00000| Complete 
| 108|0x00000000a6c00000, 0x00000000a6d00000, 0x00000000a6d00000|100%|HC|  |TAMS 0x00000000a6d00000, 0x00000000a6c00000| Complete 
| 109|0x00000000a6d00000, 0x00000000a6e00000, 0x00000000a6e00000|100%| O|  |TAMS 0x00000000a6e00000, 0x00000000a6d00000| Complete 
| 110|0x00000000a6e00000, 0x00000000a6f00000, 0x00000000a6f00000|100%| O|  |TAMS 0x00000000a6f00000, 0x00000000a6e00000| Untracked 
| 111|0x00000000a6f00000, 0x00000000a7000000, 0x00000000a7000000|100%| O|  |TAMS 0x00000000a7000000, 0x00000000a6f00000| Complete 
| 112|0x00000000a7000000, 0x00000000a7100000, 0x00000000a7100000|100%| O|  |TAMS 0x00000000a7100000, 0x00000000a7000000| Complete 
| 113|0x00000000a7100000, 0x00000000a7200000, 0x00000000a7200000|100%| O|  |TAMS 0x00000000a7200000, 0x00000000a7100000| Complete 
| 114|0x00000000a7200000, 0x00000000a7300000, 0x00000000a7300000|100%| O|  |TAMS 0x00000000a7300000, 0x00000000a7200000| Complete 
| 115|0x00000000a7300000, 0x00000000a7400000, 0x00000000a7400000|100%| O|  |TAMS 0x00000000a7400000, 0x00000000a7300000| Complete 
| 116|0x00000000a7400000, 0x00000000a7500000, 0x00000000a7500000|100%| O|  |TAMS 0x00000000a7500000, 0x00000000a7400000| Complete 
| 117|0x00000000a7500000, 0x00000000a7600000, 0x00000000a7600000|100%| O|  |TAMS 0x00000000a7600000, 0x00000000a7500000| Complete 
| 118|0x00000000a7600000, 0x00000000a7700000, 0x00000000a7700000|100%| O|  |TAMS 0x00000000a7700000, 0x00000000a7600000| Complete 
| 119|0x00000000a7700000, 0x00000000a7800000, 0x00000000a7800000|100%| O|  |TAMS 0x00000000a7800000, 0x00000000a7700000| Untracked 
| 120|0x00000000a7800000, 0x00000000a7900000, 0x00000000a7900000|100%| O|  |TAMS 0x00000000a7900000, 0x00000000a7800000| Complete 
| 121|0x00000000a7900000, 0x00000000a7a00000, 0x00000000a7a00000|100%| O|  |TAMS 0x00000000a7a00000, 0x00000000a7900000| Complete 
| 122|0x00000000a7a00000, 0x00000000a7b00000, 0x00000000a7b00000|100%| O|  |TAMS 0x00000000a7b00000, 0x00000000a7a00000| Complete 
| 123|0x00000000a7b00000, 0x00000000a7c00000, 0x00000000a7c00000|100%| O|  |TAMS 0x00000000a7c00000, 0x00000000a7b00000| Complete 
| 124|0x00000000a7c00000, 0x00000000a7d00000, 0x00000000a7d00000|100%| O|  |TAMS 0x00000000a7d00000, 0x00000000a7c00000| Complete 
| 125|0x00000000a7d00000, 0x00000000a7e00000, 0x00000000a7e00000|100%|HS|  |TAMS 0x00000000a7d00000, 0x00000000a7d00000| Complete 
| 126|0x00000000a7e00000, 0x00000000a7f00000, 0x00000000a7f00000|100%| O|  |TAMS 0x00000000a7f00000, 0x00000000a7e00000| Complete 
| 127|0x00000000a7f00000, 0x00000000a8000000, 0x00000000a8000000|100%| O|  |TAMS 0x00000000a8000000, 0x00000000a7f00000| Complete 
| 128|0x00000000a8000000, 0x00000000a8100000, 0x00000000a8100000|100%|HS|  |TAMS 0x00000000a8000000, 0x00000000a8000000| Complete 
| 129|0x00000000a8100000, 0x00000000a8200000, 0x00000000a8200000|100%|HS|  |TAMS 0x00000000a8100000, 0x00000000a8100000| Complete 
| 130|0x00000000a8200000, 0x00000000a8300000, 0x00000000a8300000|100%| O|  |TAMS 0x00000000a8300000, 0x00000000a8200000| Untracked 
| 131|0x00000000a8300000, 0x00000000a8400000, 0x00000000a8400000|100%|HS|  |TAMS 0x00000000a8300000, 0x00000000a8300000| Complete 
| 132|0x00000000a8400000, 0x00000000a8500000, 0x00000000a8500000|100%|HS|  |TAMS 0x00000000a8400000, 0x00000000a8400000| Complete 
| 133|0x00000000a8500000, 0x00000000a8600000, 0x00000000a8600000|100%|HC|  |TAMS 0x00000000a8500000, 0x00000000a8500000| Complete 
| 134|0x00000000a8600000, 0x00000000a8700000, 0x00000000a8700000|100%|HC|  |TAMS 0x00000000a8600000, 0x00000000a8600000| Complete 
| 135|0x00000000a8700000, 0x00000000a8800000, 0x00000000a8800000|100%|HC|  |TAMS 0x00000000a8700000, 0x00000000a8700000| Complete 
| 136|0x00000000a8800000, 0x00000000a8800000, 0x00000000a8900000|  0%| F|  |TAMS 0x00000000a8800000, 0x00000000a8800000| Untracked 
| 137|0x00000000a8900000, 0x00000000a8900000, 0x00000000a8a00000|  0%| F|  |TAMS 0x00000000a8900000, 0x00000000a8900000| Untracked 
| 138|0x00000000a8a00000, 0x00000000a8b00000, 0x00000000a8b00000|100%| O|  |TAMS 0x00000000a8b00000, 0x00000000a8a00000| Complete 
| 139|0x00000000a8b00000, 0x00000000a8c00000, 0x00000000a8c00000|100%|HS|  |TAMS 0x00000000a8b00000, 0x00000000a8b00000| Complete 
| 140|0x00000000a8c00000, 0x00000000a8d00000, 0x00000000a8d00000|100%|HC|  |TAMS 0x00000000a8c00000, 0x00000000a8c00000| Complete 
| 141|0x00000000a8d00000, 0x00000000a8e00000, 0x00000000a8e00000|100%|HC|  |TAMS 0x00000000a8d00000, 0x00000000a8d00000| Complete 
| 142|0x00000000a8e00000, 0x00000000a8f00000, 0x00000000a8f00000|100%|HC|  |TAMS 0x00000000a8e00000, 0x00000000a8e00000| Complete 
| 143|0x00000000a8f00000, 0x00000000a9000000, 0x00000000a9000000|100%|HS|  |TAMS 0x00000000a8f00000, 0x00000000a8f00000| Complete 
| 144|0x00000000a9000000, 0x00000000a9100000, 0x00000000a9100000|100%|HC|  |TAMS 0x00000000a9000000, 0x00000000a9000000| Complete 
| 145|0x00000000a9100000, 0x00000000a9200000, 0x00000000a9200000|100%|HC|  |TAMS 0x00000000a9100000, 0x00000000a9100000| Complete 
| 146|0x00000000a9200000, 0x00000000a9300000, 0x00000000a9300000|100%|HC|  |TAMS 0x00000000a9200000, 0x00000000a9200000| Complete 
| 147|0x00000000a9300000, 0x00000000a9400000, 0x00000000a9400000|100%|HS|  |TAMS 0x00000000a9300000, 0x00000000a9300000| Complete 
| 148|0x00000000a9400000, 0x00000000a9500000, 0x00000000a9500000|100%|HC|  |TAMS 0x00000000a9400000, 0x00000000a9400000| Complete 
| 149|0x00000000a9500000, 0x00000000a9600000, 0x00000000a9600000|100%|HC|  |TAMS 0x00000000a9500000, 0x00000000a9500000| Complete 
| 150|0x00000000a9600000, 0x00000000a9700000, 0x00000000a9700000|100%|HC|  |TAMS 0x00000000a9600000, 0x00000000a9600000| Complete 
| 151|0x00000000a9700000, 0x00000000a9800000, 0x00000000a9800000|100%|HC|  |TAMS 0x00000000a9700000, 0x00000000a9700000| Complete 
| 152|0x00000000a9800000, 0x00000000a9800000, 0x00000000a9900000|  0%| F|  |TAMS 0x00000000a9800000, 0x00000000a9800000| Untracked 
| 153|0x00000000a9900000, 0x00000000a9900000, 0x00000000a9a00000|  0%| F|  |TAMS 0x00000000a9900000, 0x00000000a9900000| Untracked 
| 154|0x00000000a9a00000, 0x00000000a9a00000, 0x00000000a9b00000|  0%| F|  |TAMS 0x00000000a9a00000, 0x00000000a9a00000| Untracked 
| 155|0x00000000a9b00000, 0x00000000a9b00000, 0x00000000a9c00000|  0%| F|  |TAMS 0x00000000a9b00000, 0x00000000a9b00000| Untracked 
| 156|0x00000000a9c00000, 0x00000000a9c00000, 0x00000000a9d00000|  0%| F|  |TAMS 0x00000000a9c00000, 0x00000000a9c00000| Untracked 
| 157|0x00000000a9d00000, 0x00000000a9d00000, 0x00000000a9e00000|  0%| F|  |TAMS 0x00000000a9d00000, 0x00000000a9d00000| Untracked 
| 158|0x00000000a9e00000, 0x00000000a9e00000, 0x00000000a9f00000|  0%| F|  |TAMS 0x00000000a9e00000, 0x00000000a9e00000| Untracked 
| 159|0x00000000a9f00000, 0x00000000a9f00000, 0x00000000aa000000|  0%| F|  |TAMS 0x00000000a9f00000, 0x00000000a9f00000| Untracked 
| 160|0x00000000aa000000, 0x00000000aa000000, 0x00000000aa100000|  0%| F|  |TAMS 0x00000000aa000000, 0x00000000aa000000| Untracked 
| 161|0x00000000aa100000, 0x00000000aa100000, 0x00000000aa200000|  0%| F|  |TAMS 0x00000000aa100000, 0x00000000aa100000| Untracked 
| 162|0x00000000aa200000, 0x00000000aa200000, 0x00000000aa300000|  0%| F|  |TAMS 0x00000000aa200000, 0x00000000aa200000| Untracked 
| 163|0x00000000aa300000, 0x00000000aa300000, 0x00000000aa400000|  0%| F|  |TAMS 0x00000000aa300000, 0x00000000aa300000| Untracked 
| 164|0x00000000aa400000, 0x00000000aa400000, 0x00000000aa500000|  0%| F|  |TAMS 0x00000000aa400000, 0x00000000aa400000| Untracked 
| 165|0x00000000aa500000, 0x00000000aa500000, 0x00000000aa600000|  0%| F|  |TAMS 0x00000000aa500000, 0x00000000aa500000| Untracked 
| 166|0x00000000aa600000, 0x00000000aa600000, 0x00000000aa700000|  0%| F|  |TAMS 0x00000000aa600000, 0x00000000aa600000| Untracked 
| 167|0x00000000aa700000, 0x00000000aa700000, 0x00000000aa800000|  0%| F|  |TAMS 0x00000000aa700000, 0x00000000aa700000| Untracked 
| 168|0x00000000aa800000, 0x00000000aa800000, 0x00000000aa900000|  0%| F|  |TAMS 0x00000000aa800000, 0x00000000aa800000| Untracked 
| 169|0x00000000aa900000, 0x00000000aa900000, 0x00000000aaa00000|  0%| F|  |TAMS 0x00000000aa900000, 0x00000000aa900000| Untracked 
| 170|0x00000000aaa00000, 0x00000000aaa00000, 0x00000000aab00000|  0%| F|  |TAMS 0x00000000aaa00000, 0x00000000aaa00000| Untracked 
| 171|0x00000000aab00000, 0x00000000aab00000, 0x00000000aac00000|  0%| F|  |TAMS 0x00000000aab00000, 0x00000000aab00000| Untracked 
| 172|0x00000000aac00000, 0x00000000aac00000, 0x00000000aad00000|  0%| F|  |TAMS 0x00000000aac00000, 0x00000000aac00000| Untracked 
| 173|0x00000000aad00000, 0x00000000aad00000, 0x00000000aae00000|  0%| F|  |TAMS 0x00000000aad00000, 0x00000000aad00000| Untracked 
| 174|0x00000000aae00000, 0x00000000aae00000, 0x00000000aaf00000|  0%| F|  |TAMS 0x00000000aae00000, 0x00000000aae00000| Untracked 
| 175|0x00000000aaf00000, 0x00000000aaf00000, 0x00000000ab000000|  0%| F|  |TAMS 0x00000000aaf00000, 0x00000000aaf00000| Untracked 
| 176|0x00000000ab000000, 0x00000000ab000000, 0x00000000ab100000|  0%| F|  |TAMS 0x00000000ab000000, 0x00000000ab000000| Untracked 
| 177|0x00000000ab100000, 0x00000000ab100000, 0x00000000ab200000|  0%| F|  |TAMS 0x00000000ab100000, 0x00000000ab100000| Untracked 
| 178|0x00000000ab200000, 0x00000000ab200000, 0x00000000ab300000|  0%| F|  |TAMS 0x00000000ab200000, 0x00000000ab200000| Untracked 
| 179|0x00000000ab300000, 0x00000000ab300000, 0x00000000ab400000|  0%| F|  |TAMS 0x00000000ab300000, 0x00000000ab300000| Untracked 
| 180|0x00000000ab400000, 0x00000000ab400000, 0x00000000ab500000|  0%| F|  |TAMS 0x00000000ab400000, 0x00000000ab400000| Untracked 
| 181|0x00000000ab500000, 0x00000000ab500000, 0x00000000ab600000|  0%| F|  |TAMS 0x00000000ab500000, 0x00000000ab500000| Untracked 
| 182|0x00000000ab600000, 0x00000000ab600000, 0x00000000ab700000|  0%| F|  |TAMS 0x00000000ab600000, 0x00000000ab600000| Untracked 
| 183|0x00000000ab700000, 0x00000000ab700000, 0x00000000ab800000|  0%| F|  |TAMS 0x00000000ab700000, 0x00000000ab700000| Untracked 
| 184|0x00000000ab800000, 0x00000000ab800000, 0x00000000ab900000|  0%| F|  |TAMS 0x00000000ab800000, 0x00000000ab800000| Untracked 
| 185|0x00000000ab900000, 0x00000000ab900000, 0x00000000aba00000|  0%| F|  |TAMS 0x00000000ab900000, 0x00000000ab900000| Untracked 
| 186|0x00000000aba00000, 0x00000000aba00000, 0x00000000abb00000|  0%| F|  |TAMS 0x00000000aba00000, 0x00000000aba00000| Untracked 
| 187|0x00000000abb00000, 0x00000000abb00000, 0x00000000abc00000|  0%| F|  |TAMS 0x00000000abb00000, 0x00000000abb00000| Untracked 
| 188|0x00000000abc00000, 0x00000000abc00000, 0x00000000abd00000|  0%| F|  |TAMS 0x00000000abc00000, 0x00000000abc00000| Untracked 
| 189|0x00000000abd00000, 0x00000000abd00000, 0x00000000abe00000|  0%| F|  |TAMS 0x00000000abd00000, 0x00000000abd00000| Untracked 
| 190|0x00000000abe00000, 0x00000000abe00000, 0x00000000abf00000|  0%| F|  |TAMS 0x00000000abe00000, 0x00000000abe00000| Untracked 
| 191|0x00000000abf00000, 0x00000000abf00000, 0x00000000ac000000|  0%| F|  |TAMS 0x00000000abf00000, 0x00000000abf00000| Untracked 
| 192|0x00000000ac000000, 0x00000000ac000000, 0x00000000ac100000|  0%| F|  |TAMS 0x00000000ac000000, 0x00000000ac000000| Untracked 
| 193|0x00000000ac100000, 0x00000000ac100000, 0x00000000ac200000|  0%| F|  |TAMS 0x00000000ac100000, 0x00000000ac100000| Untracked 
| 194|0x00000000ac200000, 0x00000000ac200000, 0x00000000ac300000|  0%| F|  |TAMS 0x00000000ac200000, 0x00000000ac200000| Untracked 
| 195|0x00000000ac300000, 0x00000000ac300000, 0x00000000ac400000|  0%| F|  |TAMS 0x00000000ac300000, 0x00000000ac300000| Untracked 
| 196|0x00000000ac400000, 0x00000000ac400000, 0x00000000ac500000|  0%| F|  |TAMS 0x00000000ac400000, 0x00000000ac400000| Untracked 
| 197|0x00000000ac500000, 0x00000000ac500000, 0x00000000ac600000|  0%| F|  |TAMS 0x00000000ac500000, 0x00000000ac500000| Untracked 
| 198|0x00000000ac600000, 0x00000000ac600000, 0x00000000ac700000|  0%| F|  |TAMS 0x00000000ac600000, 0x00000000ac600000| Untracked 
| 199|0x00000000ac700000, 0x00000000ac700000, 0x00000000ac800000|  0%| F|  |TAMS 0x00000000ac700000, 0x00000000ac700000| Untracked 
| 200|0x00000000ac800000, 0x00000000ac800000, 0x00000000ac900000|  0%| F|  |TAMS 0x00000000ac800000, 0x00000000ac800000| Untracked 
| 201|0x00000000ac900000, 0x00000000ac900000, 0x00000000aca00000|  0%| F|  |TAMS 0x00000000ac900000, 0x00000000ac900000| Untracked 
| 202|0x00000000aca00000, 0x00000000aca00000, 0x00000000acb00000|  0%| F|  |TAMS 0x00000000aca00000, 0x00000000aca00000| Untracked 
| 203|0x00000000acb00000, 0x00000000acb00000, 0x00000000acc00000|  0%| F|  |TAMS 0x00000000acb00000, 0x00000000acb00000| Untracked 
| 204|0x00000000acc00000, 0x00000000acc00000, 0x00000000acd00000|  0%| F|  |TAMS 0x00000000acc00000, 0x00000000acc00000| Untracked 
| 205|0x00000000acd00000, 0x00000000acd00000, 0x00000000ace00000|  0%| F|  |TAMS 0x00000000acd00000, 0x00000000acd00000| Untracked 
| 206|0x00000000ace00000, 0x00000000ace00000, 0x00000000acf00000|  0%| F|  |TAMS 0x00000000ace00000, 0x00000000ace00000| Untracked 
| 207|0x00000000acf00000, 0x00000000acf00000, 0x00000000ad000000|  0%| F|  |TAMS 0x00000000acf00000, 0x00000000acf00000| Untracked 
| 208|0x00000000ad000000, 0x00000000ad000000, 0x00000000ad100000|  0%| F|  |TAMS 0x00000000ad000000, 0x00000000ad000000| Untracked 
| 209|0x00000000ad100000, 0x00000000ad100000, 0x00000000ad200000|  0%| F|  |TAMS 0x00000000ad100000, 0x00000000ad100000| Untracked 
| 210|0x00000000ad200000, 0x00000000ad200000, 0x00000000ad300000|  0%| F|  |TAMS 0x00000000ad200000, 0x00000000ad200000| Untracked 
| 211|0x00000000ad300000, 0x00000000ad300000, 0x00000000ad400000|  0%| F|  |TAMS 0x00000000ad300000, 0x00000000ad300000| Untracked 
| 212|0x00000000ad400000, 0x00000000ad400000, 0x00000000ad500000|  0%| F|  |TAMS 0x00000000ad400000, 0x00000000ad400000| Untracked 
| 213|0x00000000ad500000, 0x00000000ad500000, 0x00000000ad600000|  0%| F|  |TAMS 0x00000000ad500000, 0x00000000ad500000| Untracked 
| 214|0x00000000ad600000, 0x00000000ad600000, 0x00000000ad700000|  0%| F|  |TAMS 0x00000000ad600000, 0x00000000ad600000| Untracked 
| 215|0x00000000ad700000, 0x00000000ad700000, 0x00000000ad800000|  0%| F|  |TAMS 0x00000000ad700000, 0x00000000ad700000| Untracked 
| 216|0x00000000ad800000, 0x00000000ad800000, 0x00000000ad900000|  0%| F|  |TAMS 0x00000000ad800000, 0x00000000ad800000| Untracked 
| 217|0x00000000ad900000, 0x00000000ad900000, 0x00000000ada00000|  0%| F|  |TAMS 0x00000000ad900000, 0x00000000ad900000| Untracked 
| 218|0x00000000ada00000, 0x00000000ada00000, 0x00000000adb00000|  0%| F|  |TAMS 0x00000000ada00000, 0x00000000ada00000| Untracked 
| 219|0x00000000adb00000, 0x00000000adb00000, 0x00000000adc00000|  0%| F|  |TAMS 0x00000000adb00000, 0x00000000adb00000| Untracked 
| 220|0x00000000adc00000, 0x00000000adc00000, 0x00000000add00000|  0%| F|  |TAMS 0x00000000adc00000, 0x00000000adc00000| Untracked 
| 221|0x00000000add00000, 0x00000000add00000, 0x00000000ade00000|  0%| F|  |TAMS 0x00000000add00000, 0x00000000add00000| Untracked 
| 222|0x00000000ade00000, 0x00000000ade00000, 0x00000000adf00000|  0%| F|  |TAMS 0x00000000ade00000, 0x00000000ade00000| Untracked 
| 223|0x00000000adf00000, 0x00000000adf00000, 0x00000000ae000000|  0%| F|  |TAMS 0x00000000adf00000, 0x00000000adf00000| Untracked 
| 224|0x00000000ae000000, 0x00000000ae000000, 0x00000000ae100000|  0%| F|  |TAMS 0x00000000ae000000, 0x00000000ae000000| Untracked 
| 225|0x00000000ae100000, 0x00000000ae100000, 0x00000000ae200000|  0%| F|  |TAMS 0x00000000ae100000, 0x00000000ae100000| Untracked 
| 226|0x00000000ae200000, 0x00000000ae200000, 0x00000000ae300000|  0%| F|  |TAMS 0x00000000ae200000, 0x00000000ae200000| Untracked 
| 227|0x00000000ae300000, 0x00000000ae380850, 0x00000000ae400000| 50%| E|  |TAMS 0x00000000ae300000, 0x00000000ae300000| Complete 
| 228|0x00000000ae400000, 0x00000000ae500000, 0x00000000ae500000|100%| E|CS|TAMS 0x00000000ae400000, 0x00000000ae400000| Complete 
| 229|0x00000000ae500000, 0x00000000ae600000, 0x00000000ae600000|100%| E|CS|TAMS 0x00000000ae500000, 0x00000000ae500000| Complete 
| 230|0x00000000ae600000, 0x00000000ae700000, 0x00000000ae700000|100%| E|CS|TAMS 0x00000000ae600000, 0x00000000ae600000| Complete 
| 231|0x00000000ae700000, 0x00000000ae800000, 0x00000000ae800000|100%| E|CS|TAMS 0x00000000ae700000, 0x00000000ae700000| Complete 
| 232|0x00000000ae800000, 0x00000000ae900000, 0x00000000ae900000|100%| E|CS|TAMS 0x00000000ae800000, 0x00000000ae800000| Complete 
| 233|0x00000000ae900000, 0x00000000aea00000, 0x00000000aea00000|100%| E|CS|TAMS 0x00000000ae900000, 0x00000000ae900000| Complete 
| 234|0x00000000aea00000, 0x00000000aeb00000, 0x00000000aeb00000|100%| E|CS|TAMS 0x00000000aea00000, 0x00000000aea00000| Complete 
| 235|0x00000000aeb00000, 0x00000000aec00000, 0x00000000aec00000|100%| E|CS|TAMS 0x00000000aeb00000, 0x00000000aeb00000| Complete 
| 236|0x00000000aec00000, 0x00000000aed00000, 0x00000000aed00000|100%| E|CS|TAMS 0x00000000aec00000, 0x00000000aec00000| Complete 
| 237|0x00000000aed00000, 0x00000000aee00000, 0x00000000aee00000|100%| E|CS|TAMS 0x00000000aed00000, 0x00000000aed00000| Complete 
| 238|0x00000000aee00000, 0x00000000aef00000, 0x00000000aef00000|100%| E|CS|TAMS 0x00000000aee00000, 0x00000000aee00000| Complete 
| 239|0x00000000aef00000, 0x00000000af000000, 0x00000000af000000|100%| E|CS|TAMS 0x00000000aef00000, 0x00000000aef00000| Complete 
| 240|0x00000000af000000, 0x00000000af100000, 0x00000000af100000|100%| E|CS|TAMS 0x00000000af000000, 0x00000000af000000| Complete 
| 241|0x00000000af100000, 0x00000000af200000, 0x00000000af200000|100%| E|CS|TAMS 0x00000000af100000, 0x00000000af100000| Complete 
| 242|0x00000000af200000, 0x00000000af300000, 0x00000000af300000|100%| E|CS|TAMS 0x00000000af200000, 0x00000000af200000| Complete 
| 243|0x00000000af300000, 0x00000000af400000, 0x00000000af400000|100%| E|CS|TAMS 0x00000000af300000, 0x00000000af300000| Complete 
| 244|0x00000000af400000, 0x00000000af500000, 0x00000000af500000|100%| E|CS|TAMS 0x00000000af400000, 0x00000000af400000| Complete 
| 245|0x00000000af500000, 0x00000000af600000, 0x00000000af600000|100%| E|CS|TAMS 0x00000000af500000, 0x00000000af500000| Complete 
| 246|0x00000000af600000, 0x00000000af700000, 0x00000000af700000|100%| E|CS|TAMS 0x00000000af600000, 0x00000000af600000| Complete 
| 247|0x00000000af700000, 0x00000000af800000, 0x00000000af800000|100%| E|CS|TAMS 0x00000000af700000, 0x00000000af700000| Complete 
| 248|0x00000000af800000, 0x00000000af900000, 0x00000000af900000|100%| E|CS|TAMS 0x00000000af800000, 0x00000000af800000| Complete 
| 249|0x00000000af900000, 0x00000000afa00000, 0x00000000afa00000|100%| E|CS|TAMS 0x00000000af900000, 0x00000000af900000| Complete 
| 250|0x00000000afa00000, 0x00000000afb00000, 0x00000000afb00000|100%| E|CS|TAMS 0x00000000afa00000, 0x00000000afa00000| Complete 
| 251|0x00000000afb00000, 0x00000000afc00000, 0x00000000afc00000|100%| E|CS|TAMS 0x00000000afb00000, 0x00000000afb00000| Complete 
| 252|0x00000000afc00000, 0x00000000afd00000, 0x00000000afd00000|100%| E|CS|TAMS 0x00000000afc00000, 0x00000000afc00000| Complete 
| 253|0x00000000afd00000, 0x00000000afe00000, 0x00000000afe00000|100%| E|CS|TAMS 0x00000000afd00000, 0x00000000afd00000| Complete 
| 254|0x00000000afe00000, 0x00000000aff00000, 0x00000000aff00000|100%| E|CS|TAMS 0x00000000afe00000, 0x00000000afe00000| Complete 
| 255|0x00000000aff00000, 0x00000000b0000000, 0x00000000b0000000|100%| E|CS|TAMS 0x00000000aff00000, 0x00000000aff00000| Complete 
| 256|0x00000000b0000000, 0x00000000b0100000, 0x00000000b0100000|100%| E|CS|TAMS 0x00000000b0000000, 0x00000000b0000000| Complete 
| 257|0x00000000b0100000, 0x00000000b0200000, 0x00000000b0200000|100%| E|CS|TAMS 0x00000000b0100000, 0x00000000b0100000| Complete 
| 258|0x00000000b0200000, 0x00000000b0300000, 0x00000000b0300000|100%| E|CS|TAMS 0x00000000b0200000, 0x00000000b0200000| Complete 
| 259|0x00000000b0300000, 0x00000000b0400000, 0x00000000b0400000|100%| E|CS|TAMS 0x00000000b0300000, 0x00000000b0300000| Complete 
| 260|0x00000000b0400000, 0x00000000b0500000, 0x00000000b0500000|100%| E|CS|TAMS 0x00000000b0400000, 0x00000000b0400000| Complete 
| 261|0x00000000b0500000, 0x00000000b0600000, 0x00000000b0600000|100%| E|  |TAMS 0x00000000b0500000, 0x00000000b0500000| Complete 
| 262|0x00000000b0600000, 0x00000000b0700000, 0x00000000b0700000|100%| E|CS|TAMS 0x00000000b0600000, 0x00000000b0600000| Complete 
| 263|0x00000000b0700000, 0x00000000b0800000, 0x00000000b0800000|100%| E|CS|TAMS 0x00000000b0700000, 0x00000000b0700000| Complete 
| 264|0x00000000b0800000, 0x00000000b0900000, 0x00000000b0900000|100%| E|CS|TAMS 0x00000000b0800000, 0x00000000b0800000| Complete 
| 265|0x00000000b0900000, 0x00000000b0a00000, 0x00000000b0a00000|100%| E|CS|TAMS 0x00000000b0900000, 0x00000000b0900000| Complete 
| 266|0x00000000b0a00000, 0x00000000b0b00000, 0x00000000b0b00000|100%| E|CS|TAMS 0x00000000b0a00000, 0x00000000b0a00000| Complete 
| 267|0x00000000b0b00000, 0x00000000b0c00000, 0x00000000b0c00000|100%| E|CS|TAMS 0x00000000b0b00000, 0x00000000b0b00000| Complete 
| 268|0x00000000b0c00000, 0x00000000b0d00000, 0x00000000b0d00000|100%| E|CS|TAMS 0x00000000b0c00000, 0x00000000b0c00000| Complete 
| 269|0x00000000b0d00000, 0x00000000b0e00000, 0x00000000b0e00000|100%| E|CS|TAMS 0x00000000b0d00000, 0x00000000b0d00000| Complete 
| 270|0x00000000b0e00000, 0x00000000b0f00000, 0x00000000b0f00000|100%| E|CS|TAMS 0x00000000b0e00000, 0x00000000b0e00000| Complete 
| 271|0x00000000b0f00000, 0x00000000b1000000, 0x00000000b1000000|100%| E|CS|TAMS 0x00000000b0f00000, 0x00000000b0f00000| Complete 
| 272|0x00000000b1000000, 0x00000000b1100000, 0x00000000b1100000|100%| E|CS|TAMS 0x00000000b1000000, 0x00000000b1000000| Complete 
| 273|0x00000000b1100000, 0x00000000b1200000, 0x00000000b1200000|100%| E|CS|TAMS 0x00000000b1100000, 0x00000000b1100000| Complete 
| 274|0x00000000b1200000, 0x00000000b1300000, 0x00000000b1300000|100%| E|CS|TAMS 0x00000000b1200000, 0x00000000b1200000| Complete 
| 275|0x00000000b1300000, 0x00000000b1400000, 0x00000000b1400000|100%| E|CS|TAMS 0x00000000b1300000, 0x00000000b1300000| Complete 
| 276|0x00000000b1400000, 0x00000000b1500000, 0x00000000b1500000|100%| E|CS|TAMS 0x00000000b1400000, 0x00000000b1400000| Complete 
| 277|0x00000000b1500000, 0x00000000b1600000, 0x00000000b1600000|100%| E|CS|TAMS 0x00000000b1500000, 0x00000000b1500000| Complete 
| 278|0x00000000b1600000, 0x00000000b1700000, 0x00000000b1700000|100%| E|CS|TAMS 0x00000000b1600000, 0x00000000b1600000| Complete 
| 279|0x00000000b1700000, 0x00000000b1800000, 0x00000000b1800000|100%| E|CS|TAMS 0x00000000b1700000, 0x00000000b1700000| Complete 
| 280|0x00000000b1800000, 0x00000000b1900000, 0x00000000b1900000|100%| E|CS|TAMS 0x00000000b1800000, 0x00000000b1800000| Complete 
| 281|0x00000000b1900000, 0x00000000b1a00000, 0x00000000b1a00000|100%| E|CS|TAMS 0x00000000b1900000, 0x00000000b1900000| Complete 
| 282|0x00000000b1a00000, 0x00000000b1b00000, 0x00000000b1b00000|100%| E|CS|TAMS 0x00000000b1a00000, 0x00000000b1a00000| Complete 
| 283|0x00000000b1b00000, 0x00000000b1c00000, 0x00000000b1c00000|100%| E|CS|TAMS 0x00000000b1b00000, 0x00000000b1b00000| Complete 
| 284|0x00000000b1c00000, 0x00000000b1d00000, 0x00000000b1d00000|100%| E|CS|TAMS 0x00000000b1c00000, 0x00000000b1c00000| Complete 
| 285|0x00000000b1d00000, 0x00000000b1e00000, 0x00000000b1e00000|100%| E|CS|TAMS 0x00000000b1d00000, 0x00000000b1d00000| Complete 
| 286|0x00000000b1e00000, 0x00000000b1f00000, 0x00000000b1f00000|100%| E|CS|TAMS 0x00000000b1e00000, 0x00000000b1e00000| Complete 
| 287|0x00000000b1f00000, 0x00000000b2000000, 0x00000000b2000000|100%| E|CS|TAMS 0x00000000b1f00000, 0x00000000b1f00000| Complete 
| 288|0x00000000b2000000, 0x00000000b2100000, 0x00000000b2100000|100%| E|CS|TAMS 0x00000000b2000000, 0x00000000b2000000| Complete 
| 289|0x00000000b2100000, 0x00000000b2200000, 0x00000000b2200000|100%| E|CS|TAMS 0x00000000b2100000, 0x00000000b2100000| Complete 
| 290|0x00000000b2200000, 0x00000000b2300000, 0x00000000b2300000|100%| E|CS|TAMS 0x00000000b2200000, 0x00000000b2200000| Complete 
| 291|0x00000000b2300000, 0x00000000b2400000, 0x00000000b2400000|100%| E|CS|TAMS 0x00000000b2300000, 0x00000000b2300000| Complete 
| 292|0x00000000b2400000, 0x00000000b2500000, 0x00000000b2500000|100%| E|CS|TAMS 0x00000000b2400000, 0x00000000b2400000| Complete 
| 293|0x00000000b2500000, 0x00000000b2600000, 0x00000000b2600000|100%| E|CS|TAMS 0x00000000b2500000, 0x00000000b2500000| Complete 
| 294|0x00000000b2600000, 0x00000000b2700000, 0x00000000b2700000|100%| E|CS|TAMS 0x00000000b2600000, 0x00000000b2600000| Complete 
| 295|0x00000000b2700000, 0x00000000b2800000, 0x00000000b2800000|100%| E|CS|TAMS 0x00000000b2700000, 0x00000000b2700000| Complete 
| 296|0x00000000b2800000, 0x00000000b2900000, 0x00000000b2900000|100%| E|CS|TAMS 0x00000000b2800000, 0x00000000b2800000| Complete 
| 297|0x00000000b2900000, 0x00000000b2a00000, 0x00000000b2a00000|100%| E|CS|TAMS 0x00000000b2900000, 0x00000000b2900000| Complete 
| 298|0x00000000b2a00000, 0x00000000b2b00000, 0x00000000b2b00000|100%| E|CS|TAMS 0x00000000b2a00000, 0x00000000b2a00000| Complete 
| 299|0x00000000b2b00000, 0x00000000b2c00000, 0x00000000b2c00000|100%| E|CS|TAMS 0x00000000b2b00000, 0x00000000b2b00000| Complete 
| 300|0x00000000b2c00000, 0x00000000b2d00000, 0x00000000b2d00000|100%| E|CS|TAMS 0x00000000b2c00000, 0x00000000b2c00000| Complete 
| 301|0x00000000b2d00000, 0x00000000b2e00000, 0x00000000b2e00000|100%| E|CS|TAMS 0x00000000b2d00000, 0x00000000b2d00000| Complete 
| 302|0x00000000b2e00000, 0x00000000b2f00000, 0x00000000b2f00000|100%| E|CS|TAMS 0x00000000b2e00000, 0x00000000b2e00000| Complete 
| 303|0x00000000b2f00000, 0x00000000b3000000, 0x00000000b3000000|100%| E|CS|TAMS 0x00000000b2f00000, 0x00000000b2f00000| Complete 
| 304|0x00000000b3000000, 0x00000000b3100000, 0x00000000b3100000|100%| E|CS|TAMS 0x00000000b3000000, 0x00000000b3000000| Complete 
| 305|0x00000000b3100000, 0x00000000b3200000, 0x00000000b3200000|100%| E|CS|TAMS 0x00000000b3100000, 0x00000000b3100000| Complete 
| 306|0x00000000b3200000, 0x00000000b3300000, 0x00000000b3300000|100%| E|CS|TAMS 0x00000000b3200000, 0x00000000b3200000| Complete 
| 307|0x00000000b3300000, 0x00000000b3400000, 0x00000000b3400000|100%| E|CS|TAMS 0x00000000b3300000, 0x00000000b3300000| Complete 
| 308|0x00000000b3400000, 0x00000000b3500000, 0x00000000b3500000|100%| E|CS|TAMS 0x00000000b3400000, 0x00000000b3400000| Complete 
| 309|0x00000000b3500000, 0x00000000b3600000, 0x00000000b3600000|100%| E|CS|TAMS 0x00000000b3500000, 0x00000000b3500000| Complete 
| 310|0x00000000b3600000, 0x00000000b3700000, 0x00000000b3700000|100%| E|CS|TAMS 0x00000000b3600000, 0x00000000b3600000| Complete 
| 311|0x00000000b3700000, 0x00000000b3800000, 0x00000000b3800000|100%| E|CS|TAMS 0x00000000b3700000, 0x00000000b3700000| Complete 
| 312|0x00000000b3800000, 0x00000000b3900000, 0x00000000b3900000|100%| E|CS|TAMS 0x00000000b3800000, 0x00000000b3800000| Complete 
| 313|0x00000000b3900000, 0x00000000b3a00000, 0x00000000b3a00000|100%| E|CS|TAMS 0x00000000b3900000, 0x00000000b3900000| Complete 
| 314|0x00000000b3a00000, 0x00000000b3b00000, 0x00000000b3b00000|100%| E|CS|TAMS 0x00000000b3a00000, 0x00000000b3a00000| Complete 
| 315|0x00000000b3b00000, 0x00000000b3c00000, 0x00000000b3c00000|100%| E|CS|TAMS 0x00000000b3b00000, 0x00000000b3b00000| Complete 
| 316|0x00000000b3c00000, 0x00000000b3d00000, 0x00000000b3d00000|100%| E|CS|TAMS 0x00000000b3c00000, 0x00000000b3c00000| Complete 
| 317|0x00000000b3d00000, 0x00000000b3e00000, 0x00000000b3e00000|100%| E|CS|TAMS 0x00000000b3d00000, 0x00000000b3d00000| Complete 
| 318|0x00000000b3e00000, 0x00000000b3f00000, 0x00000000b3f00000|100%| E|CS|TAMS 0x00000000b3e00000, 0x00000000b3e00000| Complete 
| 319|0x00000000b3f00000, 0x00000000b4000000, 0x00000000b4000000|100%| E|CS|TAMS 0x00000000b3f00000, 0x00000000b3f00000| Complete 
| 320|0x00000000b4000000, 0x00000000b4100000, 0x00000000b4100000|100%| E|CS|TAMS 0x00000000b4000000, 0x00000000b4000000| Complete 
| 321|0x00000000b4100000, 0x00000000b4200000, 0x00000000b4200000|100%| E|CS|TAMS 0x00000000b4100000, 0x00000000b4100000| Complete 
| 322|0x00000000b4200000, 0x00000000b4300000, 0x00000000b4300000|100%| E|CS|TAMS 0x00000000b4200000, 0x00000000b4200000| Complete 
| 323|0x00000000b4300000, 0x00000000b4400000, 0x00000000b4400000|100%| E|CS|TAMS 0x00000000b4300000, 0x00000000b4300000| Complete 
| 324|0x00000000b4400000, 0x00000000b4500000, 0x00000000b4500000|100%| E|CS|TAMS 0x00000000b4400000, 0x00000000b4400000| Complete 
| 325|0x00000000b4500000, 0x00000000b4600000, 0x00000000b4600000|100%| E|CS|TAMS 0x00000000b4500000, 0x00000000b4500000| Complete 
| 326|0x00000000b4600000, 0x00000000b4700000, 0x00000000b4700000|100%| E|CS|TAMS 0x00000000b4600000, 0x00000000b4600000| Complete 
| 327|0x00000000b4700000, 0x00000000b4800000, 0x00000000b4800000|100%| E|CS|TAMS 0x00000000b4700000, 0x00000000b4700000| Complete 
| 328|0x00000000b4800000, 0x00000000b4900000, 0x00000000b4900000|100%| E|CS|TAMS 0x00000000b4800000, 0x00000000b4800000| Complete 
| 329|0x00000000b4900000, 0x00000000b4a00000, 0x00000000b4a00000|100%| E|CS|TAMS 0x00000000b4900000, 0x00000000b4900000| Complete 
| 330|0x00000000b4a00000, 0x00000000b4b00000, 0x00000000b4b00000|100%| E|CS|TAMS 0x00000000b4a00000, 0x00000000b4a00000| Complete 
| 331|0x00000000b4b00000, 0x00000000b4c00000, 0x00000000b4c00000|100%| E|CS|TAMS 0x00000000b4b00000, 0x00000000b4b00000| Complete 
| 332|0x00000000b4c00000, 0x00000000b4d00000, 0x00000000b4d00000|100%| E|CS|TAMS 0x00000000b4c00000, 0x00000000b4c00000| Complete 
| 333|0x00000000b4d00000, 0x00000000b4e00000, 0x00000000b4e00000|100%| E|CS|TAMS 0x00000000b4d00000, 0x00000000b4d00000| Complete 
| 334|0x00000000b4e00000, 0x00000000b4f00000, 0x00000000b4f00000|100%| E|CS|TAMS 0x00000000b4e00000, 0x00000000b4e00000| Complete 
| 335|0x00000000b4f00000, 0x00000000b5000000, 0x00000000b5000000|100%| E|CS|TAMS 0x00000000b4f00000, 0x00000000b4f00000| Complete 
| 336|0x00000000b5000000, 0x00000000b5100000, 0x00000000b5100000|100%| E|CS|TAMS 0x00000000b5000000, 0x00000000b5000000| Complete 
| 337|0x00000000b5100000, 0x00000000b5200000, 0x00000000b5200000|100%| E|CS|TAMS 0x00000000b5100000, 0x00000000b5100000| Complete 
| 338|0x00000000b5200000, 0x00000000b5300000, 0x00000000b5300000|100%| E|CS|TAMS 0x00000000b5200000, 0x00000000b5200000| Complete 
| 339|0x00000000b5300000, 0x00000000b5400000, 0x00000000b5400000|100%| E|CS|TAMS 0x00000000b5300000, 0x00000000b5300000| Complete 
| 340|0x00000000b5400000, 0x00000000b5500000, 0x00000000b5500000|100%| E|CS|TAMS 0x00000000b5400000, 0x00000000b5400000| Complete 
| 341|0x00000000b5500000, 0x00000000b5600000, 0x00000000b5600000|100%| E|CS|TAMS 0x00000000b5500000, 0x00000000b5500000| Complete 
| 342|0x00000000b5600000, 0x00000000b5700000, 0x00000000b5700000|100%| E|CS|TAMS 0x00000000b5600000, 0x00000000b5600000| Complete 
| 343|0x00000000b5700000, 0x00000000b5800000, 0x00000000b5800000|100%| E|CS|TAMS 0x00000000b5700000, 0x00000000b5700000| Complete 
| 344|0x00000000b5800000, 0x00000000b5900000, 0x00000000b5900000|100%| E|CS|TAMS 0x00000000b5800000, 0x00000000b5800000| Complete 
| 345|0x00000000b5900000, 0x00000000b5a00000, 0x00000000b5a00000|100%| E|CS|TAMS 0x00000000b5900000, 0x00000000b5900000| Complete 
| 346|0x00000000b5a00000, 0x00000000b5b00000, 0x00000000b5b00000|100%| E|CS|TAMS 0x00000000b5a00000, 0x00000000b5a00000| Complete 
| 347|0x00000000b5b00000, 0x00000000b5c00000, 0x00000000b5c00000|100%| E|CS|TAMS 0x00000000b5b00000, 0x00000000b5b00000| Complete 
| 348|0x00000000b5c00000, 0x00000000b5cc41d8, 0x00000000b5d00000| 76%| S|CS|TAMS 0x00000000b5c00000, 0x00000000b5c00000| Complete 
| 349|0x00000000b5d00000, 0x00000000b5e00000, 0x00000000b5e00000|100%| E|CS|TAMS 0x00000000b5d00000, 0x00000000b5d00000| Complete 
| 350|0x00000000b5e00000, 0x00000000b5f00000, 0x00000000b5f00000|100%| E|CS|TAMS 0x00000000b5e00000, 0x00000000b5e00000| Complete 
| 351|0x00000000b5f00000, 0x00000000b6000000, 0x00000000b6000000|100%| E|CS|TAMS 0x00000000b5f00000, 0x00000000b5f00000| Complete 
| 352|0x00000000b6000000, 0x00000000b6100000, 0x00000000b6100000|100%| E|CS|TAMS 0x00000000b6000000, 0x00000000b6000000| Complete 
| 353|0x00000000b6100000, 0x00000000b6200000, 0x00000000b6200000|100%| E|CS|TAMS 0x00000000b6100000, 0x00000000b6100000| Complete 
| 354|0x00000000b6200000, 0x00000000b6300000, 0x00000000b6300000|100%| E|CS|TAMS 0x00000000b6200000, 0x00000000b6200000| Complete 
| 355|0x00000000b6300000, 0x00000000b6400000, 0x00000000b6400000|100%| E|CS|TAMS 0x00000000b6300000, 0x00000000b6300000| Complete 
| 356|0x00000000b6400000, 0x00000000b6500000, 0x00000000b6500000|100%| E|CS|TAMS 0x00000000b6400000, 0x00000000b6400000| Complete 
| 357|0x00000000b6500000, 0x00000000b6600000, 0x00000000b6600000|100%| E|CS|TAMS 0x00000000b6500000, 0x00000000b6500000| Complete 
| 358|0x00000000b6600000, 0x00000000b6700000, 0x00000000b6700000|100%| E|CS|TAMS 0x00000000b6600000, 0x00000000b6600000| Complete 
| 359|0x00000000b6700000, 0x00000000b6800000, 0x00000000b6800000|100%| E|CS|TAMS 0x00000000b6700000, 0x00000000b6700000| Complete 
| 360|0x00000000b6800000, 0x00000000b6900000, 0x00000000b6900000|100%| E|CS|TAMS 0x00000000b6800000, 0x00000000b6800000| Complete 
| 361|0x00000000b6900000, 0x00000000b6a00000, 0x00000000b6a00000|100%| E|CS|TAMS 0x00000000b6900000, 0x00000000b6900000| Complete 
| 362|0x00000000b6a00000, 0x00000000b6b00000, 0x00000000b6b00000|100%| E|CS|TAMS 0x00000000b6a00000, 0x00000000b6a00000| Complete 
| 363|0x00000000b6b00000, 0x00000000b6c00000, 0x00000000b6c00000|100%| E|CS|TAMS 0x00000000b6b00000, 0x00000000b6b00000| Complete 
| 364|0x00000000b6c00000, 0x00000000b6d00000, 0x00000000b6d00000|100%| E|CS|TAMS 0x00000000b6c00000, 0x00000000b6c00000| Complete 
| 365|0x00000000b6d00000, 0x00000000b6e00000, 0x00000000b6e00000|100%| E|CS|TAMS 0x00000000b6d00000, 0x00000000b6d00000| Complete 
| 366|0x00000000b6e00000, 0x00000000b6f00000, 0x00000000b6f00000|100%| E|CS|TAMS 0x00000000b6e00000, 0x00000000b6e00000| Complete 

Card table byte_map: [0x000002b0b0eb0000,0x000002b0b11b0000] _byte_map_base: 0x000002b0b09b0000

Marking Bits (Prev, Next): (CMBitMap*) 0x000002b09e0c6028, (CMBitMap*) 0x000002b09e0c6060
 Prev Bits: [0x000002b0b14b0000, 0x000002b0b2cb0000)
 Next Bits: [0x000002b0b2cb0000, 0x000002b0b44b0000)

Polling page: 0x000002b09c230000

Metaspace:

Usage:
  Non-class:    156.28 MB capacity,   153.92 MB ( 98%) used,     1.89 MB (  1%) free+waste,   481.38 KB ( <1%) overhead. 
      Class:     21.62 MB capacity,    20.40 MB ( 94%) used,     1.03 MB (  5%) free+waste,   201.81 KB ( <1%) overhead. 
       Both:    177.90 MB capacity,   174.32 MB ( 98%) used,     2.92 MB (  2%) free+waste,   683.19 KB ( <1%) overhead. 

Virtual space:
  Non-class space:      158.00 MB reserved,     156.42 MB (>99%) committed 
      Class space:        1.00 GB reserved,      21.63 MB (  2%) committed 
             Both:        1.15 GB reserved,     178.05 MB ( 15%) committed 

Chunk freelists:
   Non-Class:  18.00 KB
       Class:  1.00 KB
        Both:  19.00 KB

MaxMetaspaceSize: 17179869184.00 GB
CompressedClassSpaceSize: 1.00 GB
Initial GC threshold: 20.80 MB
Current GC threshold: 296.33 MB
CDS: off

CodeHeap 'non-profiled nmethods': size=120064Kb used=26740Kb max_used=26740Kb free=93324Kb
 bounds [0x000002b0a9670000, 0x000002b0ab0a0000, 0x000002b0b0bb0000]
CodeHeap 'profiled nmethods': size=120000Kb used=59761Kb max_used=60732Kb free=60238Kb
 bounds [0x000002b0a2140000, 0x000002b0a5ce0000, 0x000002b0a9670000]
CodeHeap 'non-nmethods': size=5696Kb used=2581Kb max_used=2637Kb free=3114Kb
 bounds [0x000002b0a1bb0000, 0x000002b0a1e60000, 0x000002b0a2140000]
 total_blobs=28209 nmethods=27056 adapters=1063
 compilation: enabled
              stopped_count=0, restarted_count=0
 full_count=0

Compilation events (20 events):
Event: 5754.645 Thread 0x000002b0b69b6000 35315   !   2       java.io.PrintWriter::println (34 bytes)
Event: 5754.649 Thread 0x000002b0b69b6000 nmethod 35315 0x000002b0a49fcf10 code [0x000002b0a49fd100, 0x000002b0a49fd4b8]
Event: 5754.649 Thread 0x000002b0b69b6000 35313   !   2       java.io.PrintWriter::newLine (65 bytes)
Event: 5754.650 Thread 0x000002b0b69b6000 nmethod 35313 0x000002b0a3613510 code [0x000002b0a3613720, 0x000002b0a3613b78]
Event: 5754.650 Thread 0x000002b0b69b6000 35316       2       java.lang.StackTraceElement::toString (322 bytes)
Event: 5754.654 Thread 0x000002b0b69b6000 nmethod 35316 0x000002b0a5853d10 code [0x000002b0a5854140, 0x000002b0a58554d8]
Event: 5754.654 Thread 0x000002b0b69b6000 35317       2       java.lang.StackTraceElement::dropClassLoaderName (16 bytes)
Event: 5754.655 Thread 0x000002b0b69b6000 nmethod 35317 0x000002b0a4931410 code [0x000002b0a49315c0, 0x000002b0a49316d8]
Event: 5754.655 Thread 0x000002b0b69b6000 35318       2       java.lang.StackTraceElement::isNativeMethod (15 bytes)
Event: 5754.655 Thread 0x000002b0b69b6000 nmethod 35318 0x000002b0a49c1d10 code [0x000002b0a49c1ec0, 0x000002b0a49c1fd8]
Event: 5754.686 Thread 0x000002b0c6037000 nmethod 34932 0x000002b0ab06fb10 code [0x000002b0ab070040, 0x000002b0ab075008]
Event: 5754.687 Thread 0x000002b0c6037000 34990 % !   4       com.android.tools.r8.ir.optimize.w::a @ 37 (838 bytes)
Event: 5755.374 Thread 0x000002b0b69b0800 nmethod 34987% 0x000002b0ab078910 code [0x000002b0ab079240, 0x000002b0ab07f628]
Event: 5755.375 Thread 0x000002b0b69b0800 35098       4       java.util.TimSort::mergeLo (659 bytes)
Event: 5755.539 Thread 0x000002b0b69b0800 nmethod 35098 0x000002b0aa002510 code [0x000002b0aa002740, 0x000002b0aa004608]
Event: 5755.539 Thread 0x000002b0b69b0800 34930       4       com.android.tools.r8.ir.optimize.Z::a (583 bytes)
Event: 5755.599 Thread 0x000002b0c6037000 nmethod 34990% 0x000002b0ab084a90 code [0x000002b0ab085000, 0x000002b0ab089b98]
Event: 5755.600 Thread 0x000002b0c6037000 34975       4       com.android.tools.r8.ir.conversion.S::a (128 bytes)
Event: 5755.685 Thread 0x000002b0b69b6000 35319       2       com.android.tools.r8.graph.H1::a (24 bytes)
Event: 5755.686 Thread 0x000002b0b69b6000 nmethod 35319 0x000002b0a3f49490 code [0x000002b0a3f49640, 0x000002b0a3f497e8]

GC Heap History (20 events):
Event: 5657.092 GC heap before
{Heap before GC invocations=181 (full 0):
 garbage-first heap   total 375808K, used 130685K [0x00000000a0000000, 0x0000000100000000)
  region size 1024K, 40 young (40960K), 3 survivors (3072K)
 Metaspace       used 128632K, capacity 131721K, committed 131760K, reserved 1165312K
  class space    used 15015K, capacity 16097K, committed 16128K, reserved 1048576K
}
Event: 5657.117 GC heap after
{Heap after GC invocations=182 (full 0):
 garbage-first heap   total 375808K, used 99417K [0x00000000a0000000, 0x0000000100000000)
  region size 1024K, 8 young (8192K), 8 survivors (8192K)
 Metaspace       used 128632K, capacity 131721K, committed 131760K, reserved 1165312K
  class space    used 15015K, capacity 16097K, committed 16128K, reserved 1048576K
}
Event: 5689.840 GC heap before
{Heap before GC invocations=183 (full 0):
 garbage-first heap   total 375808K, used 229465K [0x00000000a0000000, 0x0000000100000000)
  region size 1024K, 128 young (131072K), 8 survivors (8192K)
 Metaspace       used 141124K, capacity 144509K, committed 144560K, reserved 1177600K
  class space    used 16227K, capacity 17389K, committed 17408K, reserved 1048576K
}
Event: 5689.865 GC heap after
{Heap after GC invocations=184 (full 0):
 garbage-first heap   total 375808K, used 111848K [0x00000000a0000000, 0x0000000100000000)
  region size 1024K, 13 young (13312K), 13 survivors (13312K)
 Metaspace       used 141124K, capacity 144509K, committed 144560K, reserved 1177600K
  class space    used 16227K, capacity 17389K, committed 17408K, reserved 1048576K
}
Event: 5692.128 GC heap before
{Heap before GC invocations=184 (full 0):
 garbage-first heap   total 375808K, used 115944K [0x00000000a0000000, 0x0000000100000000)
  region size 1024K, 18 young (18432K), 13 survivors (13312K)
 Metaspace       used 141924K, capacity 145288K, committed 145456K, reserved 1177600K
  class space    used 16306K, capacity 17457K, committed 17536K, reserved 1048576K
}
Event: 5692.180 GC heap after
{Heap after GC invocations=185 (full 0):
 garbage-first heap   total 375808K, used 109650K [0x00000000a0000000, 0x0000000100000000)
  region size 1024K, 2 young (2048K), 2 survivors (2048K)
 Metaspace       used 141924K, capacity 145288K, committed 145456K, reserved 1177600K
  class space    used 16306K, capacity 17457K, committed 17536K, reserved 1048576K
}
Event: 5697.258 GC heap before
{Heap before GC invocations=185 (full 0):
 garbage-first heap   total 375808K, used 118866K [0x00000000a0000000, 0x0000000100000000)
  region size 1024K, 12 young (12288K), 2 survivors (2048K)
 Metaspace       used 144475K, capacity 147874K, committed 148144K, reserved 1179648K
  class space    used 16637K, capacity 17816K, committed 17920K, reserved 1048576K
}
Event: 5697.269 GC heap after
{Heap after GC invocations=186 (full 0):
 garbage-first heap   total 375808K, used 108781K [0x00000000a0000000, 0x0000000100000000)
  region size 1024K, 1 young (1024K), 1 survivors (1024K)
 Metaspace       used 144475K, capacity 147874K, committed 148144K, reserved 1179648K
  class space    used 16637K, capacity 17816K, committed 17920K, reserved 1048576K
}
Event: 5731.088 GC heap before
{Heap before GC invocations=187 (full 0):
 garbage-first heap   total 375808K, used 255213K [0x00000000a0000000, 0x0000000100000000)
  region size 1024K, 142 young (145408K), 1 survivors (1024K)
 Metaspace       used 169942K, capacity 173516K, committed 173744K, reserved 1202176K
  class space    used 19969K, capacity 21215K, committed 21248K, reserved 1048576K
}
Event: 5731.114 GC heap after
{Heap after GC invocations=188 (full 0):
 garbage-first heap   total 375808K, used 123220K [0x00000000a0000000, 0x0000000100000000)
  region size 1024K, 14 young (14336K), 14 survivors (14336K)
 Metaspace       used 169942K, capacity 173516K, committed 173744K, reserved 1202176K
  class space    used 19969K, capacity 21215K, committed 21248K, reserved 1048576K
}
Event: 5731.458 GC heap before
{Heap before GC invocations=188 (full 0):
 garbage-first heap   total 375808K, used 127316K [0x00000000a0000000, 0x0000000100000000)
  region size 1024K, 18 young (18432K), 14 survivors (14336K)
 Metaspace       used 170329K, capacity 173872K, committed 174000K, reserved 1202176K
  class space    used 20015K, capacity 21248K, committed 21248K, reserved 1048576K
}
Event: 5731.490 GC heap after
{Heap after GC invocations=189 (full 0):
 garbage-first heap   total 375808K, used 119155K [0x00000000a0000000, 0x0000000100000000)
  region size 1024K, 2 young (2048K), 2 survivors (2048K)
 Metaspace       used 170329K, capacity 173872K, committed 174000K, reserved 1202176K
  class space    used 20015K, capacity 21248K, committed 21248K, reserved 1048576K
}
Event: 5731.897 GC heap before
{Heap before GC invocations=189 (full 0):
 garbage-first heap   total 375808K, used 121203K [0x00000000a0000000, 0x0000000100000000)
  region size 1024K, 5 young (5120K), 2 survivors (2048K)
 Metaspace       used 170680K, capacity 174262K, committed 174384K, reserved 1202176K
  class space    used 20051K, capacity 21314K, committed 21376K, reserved 1048576K
}
Event: 5731.911 GC heap after
{Heap after GC invocations=190 (full 0):
 garbage-first heap   total 375808K, used 118729K [0x00000000a0000000, 0x0000000100000000)
  region size 1024K, 2 young (2048K), 2 survivors (2048K)
 Metaspace       used 170680K, capacity 174262K, committed 174384K, reserved 1202176K
  class space    used 20051K, capacity 21314K, committed 21376K, reserved 1048576K
}
Event: 5745.952 GC heap before
{Heap before GC invocations=191 (full 0):
 garbage-first heap   total 375808K, used 275401K [0x00000000a0000000, 0x0000000100000000)
  region size 1024K, 152 young (155648K), 2 survivors (2048K)
 Metaspace       used 178317K, capacity 181929K, committed 182064K, reserved 1210368K
  class space    used 20862K, capacity 22109K, committed 22144K, reserved 1048576K
}
Event: 5745.990 GC heap after
{Heap after GC invocations=192 (full 0):
 garbage-first heap   total 375808K, used 135048K [0x00000000a0000000, 0x0000000100000000)
  region size 1024K, 19 young (19456K), 19 survivors (19456K)
 Metaspace       used 178317K, capacity 181929K, committed 182064K, reserved 1210368K
  class space    used 20862K, capacity 22109K, committed 22144K, reserved 1048576K
}
Event: 5746.087 GC heap before
{Heap before GC invocations=192 (full 0):
 garbage-first heap   total 375808K, used 135048K [0x00000000a0000000, 0x0000000100000000)
  region size 1024K, 20 young (20480K), 19 survivors (19456K)
 Metaspace       used 178317K, capacity 181929K, committed 182064K, reserved 1210368K
  class space    used 20862K, capacity 22109K, committed 22144K, reserved 1048576K
}
Event: 5746.117 GC heap after
{Heap after GC invocations=193 (full 0):
 garbage-first heap   total 375808K, used 136003K [0x00000000a0000000, 0x0000000100000000)
  region size 1024K, 2 young (2048K), 2 survivors (2048K)
 Metaspace       used 178317K, capacity 181929K, committed 182064K, reserved 1210368K
  class space    used 20862K, capacity 22109K, committed 22144K, reserved 1048576K
}
Event: 5748.085 GC heap before
{Heap before GC invocations=193 (full 0):
 garbage-first heap   total 375808K, used 150339K [0x00000000a0000000, 0x0000000100000000)
  region size 1024K, 18 young (18432K), 2 survivors (2048K)
 Metaspace       used 178333K, capacity 181929K, committed 182064K, reserved 1210368K
  class space    used 20862K, capacity 22109K, committed 22144K, reserved 1048576K
}
Event: 5748.098 GC heap after
{Heap after GC invocations=194 (full 0):
 garbage-first heap   total 375808K, used 134739K [0x00000000a0000000, 0x0000000100000000)
  region size 1024K, 1 young (1024K), 1 survivors (1024K)
 Metaspace       used 178333K, capacity 181929K, committed 182064K, reserved 1210368K
  class space    used 20862K, capacity 22109K, committed 22144K, reserved 1048576K
}

Deoptimization events (20 events):
Event: 5754.977 Thread 0x000002b0bd9d1800 DEOPT PACKING pc=0x000002b0a3ef8700 sp=0x000000ef1dffe7e0
Event: 5754.977 Thread 0x000002b0bd9d1800 DEOPT UNPACKING pc=0x000002b0a1bfa93f sp=0x000000ef1dffdcd0 mode 0
Event: 5754.981 Thread 0x000002b0bd9d1800 DEOPT PACKING pc=0x000002b0a3568ef7 sp=0x000000ef1dffe7f0
Event: 5754.981 Thread 0x000002b0bd9d1800 DEOPT UNPACKING pc=0x000002b0a1bfa93f sp=0x000000ef1dffdcd8 mode 0
Event: 5754.988 Thread 0x000002b0bd9d1800 DEOPT PACKING pc=0x000002b0a3568ef7 sp=0x000000ef1dffe7f0
Event: 5754.988 Thread 0x000002b0bd9d1800 DEOPT UNPACKING pc=0x000002b0a1bfa93f sp=0x000000ef1dffdcd8 mode 0
Event: 5754.995 Thread 0x000002b0bd9d1800 DEOPT PACKING pc=0x000002b0a3568ef7 sp=0x000000ef1dffe7f0
Event: 5754.995 Thread 0x000002b0bd9d1800 DEOPT UNPACKING pc=0x000002b0a1bfa93f sp=0x000000ef1dffdcd8 mode 0
Event: 5755.000 Thread 0x000002b0bd9d1800 DEOPT PACKING pc=0x000002b0a3ef8700 sp=0x000000ef1dffe7e0
Event: 5755.000 Thread 0x000002b0bd9d1800 DEOPT UNPACKING pc=0x000002b0a1bfa93f sp=0x000000ef1dffdcd0 mode 0
Event: 5755.002 Thread 0x000002b0bd9d1800 DEOPT PACKING pc=0x000002b0a3568ef7 sp=0x000000ef1dffe7f0
Event: 5755.002 Thread 0x000002b0bd9d1800 DEOPT UNPACKING pc=0x000002b0a1bfa93f sp=0x000000ef1dffdcd8 mode 0
Event: 5755.034 Thread 0x000002b0bd9d1800 DEOPT PACKING pc=0x000002b0a3568ef7 sp=0x000000ef1dffe7f0
Event: 5755.034 Thread 0x000002b0bd9d1800 DEOPT UNPACKING pc=0x000002b0a1bfa93f sp=0x000000ef1dffdcd8 mode 0
Event: 5755.037 Thread 0x000002b0bd9d1800 DEOPT PACKING pc=0x000002b0a3ef8700 sp=0x000000ef1dffe790
Event: 5755.037 Thread 0x000002b0bd9d1800 DEOPT UNPACKING pc=0x000002b0a1bfa93f sp=0x000000ef1dffdc80 mode 0
Event: 5755.050 Thread 0x000002b0bd9d1800 DEOPT PACKING pc=0x000002b0a3ef8700 sp=0x000000ef1dffe790
Event: 5755.050 Thread 0x000002b0bd9d1800 DEOPT UNPACKING pc=0x000002b0a1bfa93f sp=0x000000ef1dffdc80 mode 0
Event: 5755.054 Thread 0x000002b0bd9d1800 DEOPT PACKING pc=0x000002b0a3ef8700 sp=0x000000ef1dffe790
Event: 5755.054 Thread 0x000002b0bd9d1800 DEOPT UNPACKING pc=0x000002b0a1bfa93f sp=0x000000ef1dffdc80 mode 0

Classes redefined (0 events):
No events

Internal exceptions (20 events):
Event: 5746.824 Thread 0x000002b0c519f800 Exception <a 'sun/nio/fs/WindowsException'{0x00000000b69eced8}> (0x00000000b69eced8) thrown at [./src/hotspot/share/prims/jni.cpp, line 616]
Event: 5746.841 Thread 0x000002b0c519f800 Exception <a 'sun/nio/fs/WindowsException'{0x00000000b69f3988}> (0x00000000b69f3988) thrown at [./src/hotspot/share/prims/jni.cpp, line 616]
Event: 5746.843 Thread 0x000002b0c519f800 Exception <a 'sun/nio/fs/WindowsException'{0x00000000b69fb108}> (0x00000000b69fb108) thrown at [./src/hotspot/share/prims/jni.cpp, line 616]
Event: 5746.851 Thread 0x000002b0c51a0000 Exception <a 'sun/nio/fs/WindowsException'{0x00000000b67e99e0}> (0x00000000b67e99e0) thrown at [./src/hotspot/share/prims/jni.cpp, line 616]
Event: 5746.893 Thread 0x000002b0c51a0000 Exception <a 'sun/nio/fs/WindowsException'{0x00000000b67f39e8}> (0x00000000b67f39e8) thrown at [./src/hotspot/share/prims/jni.cpp, line 616]
Event: 5746.896 Thread 0x000002b0c519f800 Exception <a 'sun/nio/fs/WindowsException'{0x00000000b63c2e40}> (0x00000000b63c2e40) thrown at [./src/hotspot/share/prims/jni.cpp, line 616]
Event: 5747.005 Thread 0x000002b0c51a0000 Exception <a 'sun/nio/fs/WindowsException'{0x00000000b67f88c0}> (0x00000000b67f88c0) thrown at [./src/hotspot/share/prims/jni.cpp, line 616]
Event: 5747.007 Thread 0x000002b0c51a0000 Exception <a 'sun/nio/fs/WindowsException'{0x00000000b67fef88}> (0x00000000b67fef88) thrown at [./src/hotspot/share/prims/jni.cpp, line 616]
Event: 5747.130 Thread 0x000002b0c519f800 Exception <a 'sun/nio/fs/WindowsException'{0x00000000b63cace0}> (0x00000000b63cace0) thrown at [./src/hotspot/share/prims/jni.cpp, line 616]
Event: 5747.132 Thread 0x000002b0c519f800 Exception <a 'sun/nio/fs/WindowsException'{0x00000000b63d4218}> (0x00000000b63d4218) thrown at [./src/hotspot/share/prims/jni.cpp, line 616]
Event: 5747.135 Thread 0x000002b0c519f800 Exception <a 'sun/nio/fs/WindowsException'{0x00000000b63db3d0}> (0x00000000b63db3d0) thrown at [./src/hotspot/share/prims/jni.cpp, line 616]
Event: 5747.138 Thread 0x000002b0c519f800 Exception <a 'sun/nio/fs/WindowsException'{0x00000000b63e12a8}> (0x00000000b63e12a8) thrown at [./src/hotspot/share/prims/jni.cpp, line 616]
Event: 5747.141 Thread 0x000002b0c519f800 Exception <a 'sun/nio/fs/WindowsException'{0x00000000b63e81b0}> (0x00000000b63e81b0) thrown at [./src/hotspot/share/prims/jni.cpp, line 616]
Event: 5747.144 Thread 0x000002b0c519f800 Exception <a 'sun/nio/fs/WindowsException'{0x00000000b63f39c8}> (0x00000000b63f39c8) thrown at [./src/hotspot/share/prims/jni.cpp, line 616]
Event: 5748.673 Thread 0x000002b0c519a800 Exception <a 'sun/nio/fs/WindowsException'{0x00000000b6e4de50}> (0x00000000b6e4de50) thrown at [./src/hotspot/share/prims/jni.cpp, line 616]
Event: 5749.284 Thread 0x000002b0c51a0000 Implicit null exception at 0x000002b0aaa9d499 to 0x000002b0aaa9d520
Event: 5754.624 Thread 0x000002b0c519a800 Exception <a 'java/lang/InterruptedException'{0x00000000b1bdc918}> (0x00000000b1bdc918) thrown at [./src/hotspot/share/runtime/objectMonitor.cpp, line 1635]
Event: 5754.648 Thread 0x000002b0c48c3800 Exception <a 'java/lang/NoSuchMethodError'{0x00000000b1781a50}: <clinit>> (0x00000000b1781a50) thrown at [./src/hotspot/share/prims/jni.cpp, line 1366]
Event: 5754.651 Thread 0x000002b0c48c3800 Exception <a 'java/lang/NoSuchMethodError'{0x00000000b1793728}: <clinit>> (0x00000000b1793728) thrown at [./src/hotspot/share/prims/jni.cpp, line 1366]
Event: 5754.789 Thread 0x000002b0c519a800 Exception <a 'java/lang/ClassNotFoundException'{0x00000000b17b2160}: sun/misc/SharedSecrets> (0x00000000b17b2160) thrown at [./src/hotspot/share/classfile/systemDictionary.cpp, line 231]

Events (20 events):
Event: 5754.637 loading class java/lang/Throwable$WrappedPrintWriter
Event: 5754.638 loading class java/lang/Throwable$PrintStreamOrWriter
Event: 5754.638 loading class java/lang/Throwable$PrintStreamOrWriter done
Event: 5754.638 loading class java/lang/Throwable$WrappedPrintWriter done
Event: 5754.640 loading class org/gradle/tooling/events/task/internal/DefaultTaskFailureResult
Event: 5754.640 loading class org/gradle/tooling/events/task/internal/DefaultTaskFailureResult done
Event: 5754.640 loading class org/gradle/tooling/events/internal/DefaultOperationFailureResult
Event: 5754.640 loading class org/gradle/tooling/events/internal/DefaultOperationFailureResult done
Event: 5754.656 loading class org/gradle/tooling/internal/consumer/DefaultFailure
Event: 5754.656 loading class org/gradle/tooling/internal/consumer/DefaultFailure done
Event: 5754.658 loading class com/android/tools/r8/errors/DuplicateTypesDiagnostic
Event: 5754.658 loading class com/android/tools/r8/errors/DuplicateTypesDiagnostic done
Event: 5754.674 loading class com/android/build/gradle/internal/crash/PluginCrashReporter
Event: 5754.674 loading class com/android/build/gradle/internal/crash/PluginCrashReporter done
Event: 5754.727 loading class com/google/common/base/Throwables
Event: 5754.727 loading class com/google/common/base/Throwables done
Event: 5754.789 loading class sun/misc/SharedSecrets
Event: 5754.789 loading class sun/misc/SharedSecrets done
Event: 5754.792 loading class com/android/build/api/transform/TransformException
Event: 5754.792 loading class com/android/build/api/transform/TransformException done


Dynamic libraries:
0x00007ff68af00000 - 0x00007ff68af0a000 	C:\Program Files\Android\Android Studio\jre\bin\java.exe
0x00007ffde04c0000 - 0x00007ffde06c9000 	C:\Windows\SYSTEM32\ntdll.dll
0x00007ffde03c0000 - 0x00007ffde047d000 	C:\Windows\System32\KERNEL32.DLL
0x00007ffddddf0000 - 0x00007ffdde164000 	C:\Windows\System32\KERNELBASE.dll
0x00007ffdde1a0000 - 0x00007ffdde2b1000 	C:\Windows\System32\ucrtbase.dll
0x00007ffdca8a0000 - 0x00007ffdca8b7000 	C:\Program Files\Android\Android Studio\jre\bin\VCRUNTIME140.dll
0x00007ffdc8df0000 - 0x00007ffdc8e09000 	C:\Program Files\Android\Android Studio\jre\bin\jli.dll
0x00007ffddffc0000 - 0x00007ffde016c000 	C:\Windows\System32\USER32.dll
0x00007ffdde170000 - 0x00007ffdde196000 	C:\Windows\System32\win32u.dll
0x00007ffde02b0000 - 0x00007ffde02d9000 	C:\Windows\System32\GDI32.dll
0x00007ffddcbc0000 - 0x00007ffddce65000 	C:\Windows\WinSxS\amd64_microsoft.windows.common-controls_6595b64144ccf1df_6.0.22000.120_none_9d947278b86cc467\COMCTL32.dll
0x00007ffddd9b0000 - 0x00007ffdddac2000 	C:\Windows\System32\gdi32full.dll
0x00007ffddfc90000 - 0x00007ffddfd33000 	C:\Windows\System32\msvcrt.dll
0x00007ffdde2c0000 - 0x00007ffdde35d000 	C:\Windows\System32\msvcp_win.dll
0x00007ffde0270000 - 0x00007ffde02a1000 	C:\Windows\System32\IMM32.DLL
0x00007ffdbdf80000 - 0x00007ffdbe01d000 	C:\Program Files\Android\Android Studio\jre\bin\msvcp140.dll
0x00007ffdaa1a0000 - 0x00007ffdaaca2000 	C:\Program Files\Android\Android Studio\jre\bin\server\jvm.dll
0x00007ffddf3f0000 - 0x00007ffddf49e000 	C:\Windows\System32\ADVAPI32.dll
0x00007ffde01d0000 - 0x00007ffde026e000 	C:\Windows\System32\sechost.dll
0x00007ffddea80000 - 0x00007ffddeba0000 	C:\Windows\System32\RPCRT4.dll
0x00007ffddeba0000 - 0x00007ffddeba8000 	C:\Windows\System32\PSAPI.DLL
0x00007ffdd07c0000 - 0x00007ffdd07c9000 	C:\Windows\SYSTEM32\WSOCK32.dll
0x00007ffdd7190000 - 0x00007ffdd71c3000 	C:\Windows\SYSTEM32\WINMM.dll
0x00007ffdded70000 - 0x00007ffddeddf000 	C:\Windows\System32\WS2_32.dll
0x00007ffdd71e0000 - 0x00007ffdd71ea000 	C:\Windows\SYSTEM32\VERSION.dll
0x00007ffddc550000 - 0x00007ffddc568000 	C:\Windows\SYSTEM32\kernel.appcore.dll
0x00007ffddbbd0000 - 0x00007ffddbbe1000 	C:\Program Files\Android\Android Studio\jre\bin\verify.dll
0x00007ffddd260000 - 0x00007ffddd481000 	C:\Windows\SYSTEM32\DBGHELP.DLL
0x00007ffddd130000 - 0x00007ffddd161000 	C:\Windows\SYSTEM32\dbgcore.DLL
0x00007ffdddb40000 - 0x00007ffdddbbf000 	C:\Windows\System32\bcryptPrimitives.dll
0x00007ffddb930000 - 0x00007ffddb959000 	C:\Program Files\Android\Android Studio\jre\bin\java.dll
0x00007ffddba30000 - 0x00007ffddba3b000 	C:\Program Files\Android\Android Studio\jre\bin\jimage.dll
0x00007ffddb8b0000 - 0x00007ffddb8c8000 	C:\Program Files\Android\Android Studio\jre\bin\zip.dll
0x00007ffddf4a0000 - 0x00007ffddfc4e000 	C:\Windows\System32\SHELL32.dll
0x00007ffddac20000 - 0x00007ffddb488000 	C:\Windows\SYSTEM32\windows.storage.dll
0x00007ffdde6f0000 - 0x00007ffddea68000 	C:\Windows\System32\combase.dll
0x00007ffddaab0000 - 0x00007ffddac16000 	C:\Windows\SYSTEM32\wintypes.dll
0x00007ffddfd40000 - 0x00007ffddfe2a000 	C:\Windows\System32\SHCORE.dll
0x00007ffdde580000 - 0x00007ffdde5dd000 	C:\Windows\System32\shlwapi.dll
0x00007ffddd8e0000 - 0x00007ffddd901000 	C:\Windows\SYSTEM32\profapi.dll
0x00007ffddb890000 - 0x00007ffddb8aa000 	C:\Program Files\Android\Android Studio\jre\bin\net.dll
0x00007ffdd4130000 - 0x00007ffdd423c000 	C:\Windows\SYSTEM32\WINHTTP.dll
0x00007ffddc7d0000 - 0x00007ffddc837000 	C:\Windows\system32\mswsock.dll
0x00007ffddb870000 - 0x00007ffddb884000 	C:\Program Files\Android\Android Studio\jre\bin\nio.dll
0x00007ffdcd600000 - 0x00007ffdcd627000 	C:\Users\amirn\.gradle\native\fdc75f09e3144964f2cf3f50f0aa648679c211496f362492102eb8c894070792\windows-amd64\native-platform.dll
0x00007ffdad870000 - 0x00007ffdada06000 	C:\Users\amirn\.gradle\native\12488b8bf47d2d4c9fbf2f6322a914ad602e24e48041cd04a747c6da556b65c4\windows-amd64\native-platform-file-events.dll
0x00007ffddb860000 - 0x00007ffddb86a000 	C:\Program Files\Android\Android Studio\jre\bin\management.dll
0x00007ffddb850000 - 0x00007ffddb85d000 	C:\Program Files\Android\Android Studio\jre\bin\management_ext.dll
0x00007ffddd570000 - 0x00007ffddd588000 	C:\Windows\SYSTEM32\CRYPTSP.dll
0x00007ffddc330000 - 0x00007ffddc365000 	C:\Windows\system32\rsaenh.dll
0x00007ffddcaa0000 - 0x00007ffddcac9000 	C:\Windows\SYSTEM32\USERENV.dll
0x00007ffddd1f0000 - 0x00007ffddd217000 	C:\Windows\SYSTEM32\bcrypt.dll
0x00007ffddcad0000 - 0x00007ffddcadc000 	C:\Windows\SYSTEM32\CRYPTBASE.dll
0x00007ffddb6d0000 - 0x00007ffddb6fd000 	C:\Windows\SYSTEM32\IPHLPAPI.DLL
0x00007ffddea70000 - 0x00007ffddea79000 	C:\Windows\System32\NSI.dll
0x00007ffdd4c50000 - 0x00007ffdd4c69000 	C:\Windows\SYSTEM32\dhcpcsvc6.DLL
0x00007ffdd4cc0000 - 0x00007ffdd4cde000 	C:\Windows\SYSTEM32\dhcpcsvc.DLL
0x00007ffddb700000 - 0x00007ffddb7e7000 	C:\Windows\SYSTEM32\DNSAPI.dll
0x00007ffdd4c20000 - 0x00007ffdd4c2c000 	C:\Windows\SYSTEM32\WINNSI.DLL
0x00007ffdaf7a0000 - 0x00007ffdaf946000 	C:\Program Files\Android\Android Studio\jre\bin\awt.dll
0x00007ffde02e0000 - 0x00007ffde03b6000 	C:\Windows\System32\OLEAUT32.dll
0x00007ffdda580000 - 0x00007ffdda5af000 	C:\Windows\SYSTEM32\dwmapi.dll
0x00007ffdda170000 - 0x00007ffdda201000 	C:\Windows\SYSTEM32\apphelp.dll
0x00007ffdda2e0000 - 0x00007ffdda38c000 	C:\Windows\system32\uxtheme.dll
0x00007ffddd220000 - 0x00007ffddd254000 	C:\Windows\SYSTEM32\ntmarta.dll
0x00007ffdd02a0000 - 0x00007ffdd02c7000 	C:\Program Files\Android\Android Studio\jre\bin\sunec.dll
0x00007ffdd15c0000 - 0x00007ffdd15ca000 	C:\Windows\System32\rasadhlp.dll
0x00007ffdd1bd0000 - 0x00007ffdd1c51000 	C:\Windows\System32\fwpuclnt.dll

dbghelp: loaded successfully - version: 4.0.5 - missing functions: none
symbol engine: initialized successfully - sym options: 0x614 - pdb path: .;C:\Program Files\Android\Android Studio\jre\bin;C:\Windows\SYSTEM32;C:\Windows\WinSxS\amd64_microsoft.windows.common-controls_6595b64144ccf1df_6.0.22000.120_none_9d947278b86cc467;C:\Program Files\Android\Android Studio\jre\bin\server;C:\Users\amirn\.gradle\native\fdc75f09e3144964f2cf3f50f0aa648679c211496f362492102eb8c894070792\windows-amd64;C:\Users\amirn\.gradle\native\12488b8bf47d2d4c9fbf2f6322a914ad602e24e48041cd04a747c6da556b65c4\windows-amd64

VM Arguments:
jvm_args: --add-opens=java.base/java.util=ALL-UNNAMED --add-opens=java.base/java.lang=ALL-UNNAMED --add-opens=java.base/java.lang.invoke=ALL-UNNAMED --add-opens=java.prefs/java.util.prefs=ALL-UNNAMED -Xmx1536m -Dfile.encoding=windows-1252 -Duser.country=US -Duser.language=en -Duser.variant 
java_command: org.gradle.launcher.daemon.bootstrap.GradleDaemon 6.7.1
java_class_path (initial): C:\Users\amirn\.gradle\wrapper\dists\gradle-6.7.1-bin\bwlcbys1h7rz3272sye1xwiv6\gradle-6.7.1\lib\gradle-launcher-6.7.1.jar
Launcher Type: SUN_STANDARD

[Global flags]
     intx CICompilerCount                          = 3                                         {product} {ergonomic}
     uint ConcGCThreads                            = 1                                         {product} {ergonomic}
     uint G1ConcRefinementThreads                  = 4                                         {product} {ergonomic}
   size_t G1HeapRegionSize                         = 1048576                                   {product} {ergonomic}
    uintx GCDrainStackTargetSize                   = 64                                        {product} {ergonomic}
   size_t InitialHeapSize                          = 134217728                                 {product} {ergonomic}
   size_t MarkStackSize                            = 4194304                                   {product} {ergonomic}
   size_t MaxHeapSize                              = 1610612736                                {product} {command line}
   size_t MaxNewSize                               = 965738496                                 {product} {ergonomic}
   size_t MinHeapDeltaBytes                        = 1048576                                   {product} {ergonomic}
    uintx NonNMethodCodeHeapSize                   = 5830732                                {pd product} {ergonomic}
    uintx NonProfiledCodeHeapSize                  = 122913754                              {pd product} {ergonomic}
    uintx ProfiledCodeHeapSize                     = 122913754                              {pd product} {ergonomic}
    uintx ReservedCodeCacheSize                    = 251658240                              {pd product} {ergonomic}
     bool SegmentedCodeCache                       = true                                      {product} {ergonomic}
     bool UseCompressedClassPointers               = true                                 {lp64_product} {ergonomic}
     bool UseCompressedOops                        = true                                 {lp64_product} {ergonomic}
     bool UseG1GC                                  = true                                      {product} {ergonomic}
     bool UseLargePagesIndividualAllocation        = false                                  {pd product} {ergonomic}

Logging:
Log output configuration:
 #0: stdout all=warning uptime,level,tags
 #1: stderr all=off uptime,level,tags

Environment Variables:
PATH=C:\Program Files (x86)\Common Files\Oracle\Java\javapath;C:\Program Files\Common Files\Oracle\Java\javapath;C:\Program Files (x86)\NVIDIA Corporation\PhysX\Common;C:\Windows\system32;C:\Windows;C:\Windows\System32\Wbem;C:\Windows\System32\WindowsPowerShell\v1.0\;C:\Windows\System32\OpenSSH\;C:\Program Files\Git\cmd;C:\Program Files\dotnet\;C:\Users\amirn\AppData\Local\Microsoft\WindowsApps;
USERNAME=iamnovinfar.ir
OS=Windows_NT
PROCESSOR_IDENTIFIER=AMD64 Family 16 Model 5 Stepping 2, AuthenticAMD



---------------  S Y S T E M  ---------------

OS: Windows 11 , 64 bit Build 22000 (10.0.22000.434)
OS uptime: 0 days 2:28 hours

CPU:total 4 (initial active 4) (4 cores per cpu, 1 threads per core) family 16 model 5 stepping 2 microcode 0x0, cmov, cx8, fxsr, mmx, sse, sse2, sse3, popcnt, mmxext, 3dnowpref, lzcnt, sse4a, tsc, tscinvbit, tscinv

Memory: 4k page, system-wide physical 8191M (1138M free)
TotalPageFile size 11391M (AvailPageFile size 2497M)
current process WorkingSet (physical memory assigned to process): 781M, peak: 790M
current process commit charge ("private bytes"): 872M, peak: 883M

vm_info: OpenJDK 64-Bit Server VM (11.0.13+0-b1751.21-8125866) for windows-amd64 JRE (11.0.13+0-b1751.21-8125866), built on Feb  2 2022 03:00:22 by "builder" with MS VC++ 14.0 (VS2015)

END.
