#
# A fatal error has been detected by the Java Runtime Environment:
#
#  EXCEPTION_ACCESS_VIOLATION (0xc0000005) at pc=0x00000281a93be7c0, pid=4784, tid=6960
#
# JRE version: OpenJDK Runtime Environment (11.0.11+9) (build 11.0.11+9-b60-7590822)
# Java VM: OpenJDK 64-Bit Server VM (11.0.11+9-b60-7590822, mixed mode, tiered, compressed oops, g1 gc, windows-amd64)
# Problematic frame:
# C  0x00000281a93be7c0
#
# No core dump will be written. Minidumps are not enabled by default on client versions of Windows
#
# If you would like to submit a bug report, please visit:
#   https://bugreport.java.com/bugreport/crash.jsp
#

---------------  S U M M A R Y ------------

Command Line: --add-opens=java.base/java.util=ALL-UNNAMED --add-opens=java.base/java.lang=ALL-UNNAMED --add-opens=java.base/java.lang.invoke=ALL-UNNAMED --add-opens=java.prefs/java.util.prefs=ALL-UNNAMED -Xmx1536m -Dfile.encoding=windows-1252 -Duser.country=US -Duser.language=en -Duser.variant org.gradle.launcher.daemon.bootstrap.GradleDaemon 6.5

Host: AMD Athlon(tm) II X4 620 Processor, 4 cores, 7G,  Windows 10 , 64 bit Build 22000 (10.0.22000.434)
Time: Thu Mar 17 00:35:43 2022 Iran Standard Time elapsed time: 179.751231 seconds (0d 0h 2m 59s)

---------------  T H R E A D  ---------------

Current thread (0x00000281ab024000):  JavaThread "C2 CompilerThread1" daemon [_thread_in_native, id=6960, stack(0x000000b150a00000,0x000000b150b00000)]


Current CompileTask:
C2: 179751 18851       4       com.android.tools.r8.ir.optimize.string.b$e::a (373 bytes)

Stack: [0x000000b150a00000,0x000000b150b00000],  sp=0x000000b150afbbd8,  free space=1006k
Native frames: (J=compiled Java code, j=interpreted, Vv=VM code, C=native code)
C  0x00000281a93be7c0


siginfo: EXCEPTION_ACCESS_VIOLATION (0xc0000005), data execution prevention violation at address 0x00000281a93be7c0


Register to memory mapping:

RIP=0x00000281a93be7c0 points into unknown readable memory: 0x00007ffa7c501568 | 68 15 50 7c fa 7f 00 00
RAX=0x00000281a93be7c0 points into unknown readable memory: 0x00007ffa7c501568 | 68 15 50 7c fa 7f 00 00
RBX=0x0000000000002884 is an unknown value
RCX=0x00000281b27ff4d8 points into unknown readable memory: 0x00000281a93be7c0 | c0 e7 3b a9 81 02 00 00
RDX=0x00000281b1310588 points into unknown readable memory: 0x00000281afdb9600 | 00 96 db af 81 02 00 00
RSP=0x000000b150afbbd8 is pointing into the stack for thread: 0x00000281ab024000
RBP=0x00000281a4742dc8 points into unknown readable memory: 0x00007ffa7c5011d0 | d0 11 50 7c fa 7f 00 00
RSI=0x000000000000001c is an unknown value
RDI=0x000000b150afc890 is pointing into the stack for thread: 0x00000281ab024000
R8 =0x000000b150afec78 is pointing into the stack for thread: 0x00000281ab024000
R9 =0x0 is NULL
R10=0x00000281ad8bf7a0 points into unknown readable memory: 0x00000281a93c0d28 | 28 0d 3c a9 81 02 00 00
R11=0x00000281b13104b8 points into unknown readable memory: 0x00000281a93c0d28 | 28 0d 3c a9 81 02 00 00
R12=0x000000000000225e is an unknown value
R13=0x000000b150afc890 is pointing into the stack for thread: 0x00000281ab024000
R14=0x0000000000014420 is an unknown value
R15=0x0 is NULL


Registers:
RAX=0x00000281a93be7c0, RBX=0x0000000000002884, RCX=0x00000281b27ff4d8, RDX=0x00000281b1310588
RSP=0x000000b150afbbd8, RBP=0x00000281a4742dc8, RSI=0x000000000000001c, RDI=0x000000b150afc890
R8 =0x000000b150afec78, R9 =0x0000000000000000, R10=0x00000281ad8bf7a0, R11=0x00000281b13104b8
R12=0x000000000000225e, R13=0x000000b150afc890, R14=0x0000000000014420, R15=0x0000000000000000
RIP=0x00000281a93be7c0, EFLAGS=0x0000000000010206

Top of Stack: (sp=0x000000b150afbbd8)
0x000000b150afbbd8:   00007ffa7c29ee7e 0000000000002872
0x000000b150afbbe8:   000000b150afc890 00000281a8231790
0x000000b150afbbf8:   00007ffa7fffffff 000000000000225d
0x000000b150afbc08:   00007ffa7be84fe6 000000b150afbc90
0x000000b150afbc18:   000000000000001c 00000281a6a65f08
0x000000b150afbc28:   00000281b227f150 00000281acbe2360
0x000000b150afbc38:   00007ffa00004000 00000281ad030050
0x000000b150afbc48:   000002810000225e 00007ffa7c4f2368
0x000000b150afbc58:   00000281acbe2360 000000b100000400
0x000000b150afbc68:   00000281a6a63b80 0000000000000000
0x000000b150afbc78:   00007ffa7be84d2d 000000b150afe9d0
0x000000b150afbc88:   00000281a6a65f08 00000281a9b75038
0x000000b150afbc98:   000000b150afe9d0 000000b150afbdb0
0x000000b150afbca8:   00007ffa7be7d1c2 00007ffa7c490e80
0x000000b150afbcb8:   0000000000000000 000000b10000001c
0x000000b150afbcc8:   00000281acbe2360 0000028100000000 

Instructions: (pc=0x00000281a93be7c0)
0x00000281a93be6c0:   06 00 00 00 00 00 00 00 78 e6 3b a9 81 02 00 00
0x00000281a93be6d0:   20 2d 74 a4 81 02 00 00 00 2e 74 a4 81 02 00 00
0x00000281a93be6e0:   c8 2d 74 a4 81 02 00 00 48 41 74 a4 81 02 00 00
0x00000281a93be6f0:   38 2e 74 a4 81 02 00 00 00 e7 3b a9 81 02 00 00
0x00000281a93be700:   e0 1d 50 7c fa 7f 00 00 50 e7 3b a9 81 02 00 00
0x00000281a93be710:   12 00 00 00 81 02 00 00 00 00 00 00 00 00 00 00
0x00000281a93be720:   ff ff ff 7f 00 00 00 00 05 00 00 00 00 00 00 00
0x00000281a93be730:   00 00 00 00 00 00 00 00 90 2c 5f b1 81 02 00 00
0x00000281a93be740:   00 00 00 00 00 00 00 00 20 2d 5f b1 81 02 00 00
0x00000281a93be750:   e0 1d 50 7c fa 7f 00 00 00 e7 3b a9 81 02 00 00
0x00000281a93be760:   12 00 00 00 81 02 00 00 00 00 00 00 00 00 00 00
0x00000281a93be770:   01 00 00 80 00 00 00 00 00 00 00 00 00 00 00 00
0x00000281a93be780:   00 00 00 00 00 00 00 00 90 2c 5f b1 81 02 00 00
0x00000281a93be790:   00 00 00 00 ff ff ff ff 20 2d 5f b1 81 02 00 00
0x00000281a93be7a0:   90 fb 8b ad 81 02 00 00 90 fb 8b ad 81 02 00 00
0x00000281a93be7b0:   90 fb 8b ad 81 02 00 00 90 fb 8b ad 81 02 00 00
0x00000281a93be7c0:   68 15 50 7c fa 7f 00 00 38 e8 3b a9 81 02 00 00
0x00000281a93be7d0:   08 00 00 00 fa 7f 00 00 06 00 00 00 00 00 00 00
0x00000281a93be7e0:   d0 e6 3b a9 81 02 00 00 38 6f f6 a8 81 02 00 00
0x00000281a93be7f0:   38 6f f6 a8 81 02 00 00 08 01 3c a9 81 02 00 00
0x00000281a93be800:   08 01 3c a9 81 02 00 00 20 2d 74 a4 81 02 00 00
0x00000281a93be810:   00 2e 74 a4 81 02 00 00 c8 2d 74 a4 81 02 00 00
0x00000281a93be820:   00 42 74 a4 81 02 00 00 38 2e 74 a4 81 02 00 00
0x00000281a93be830:   50 e7 3b a9 81 02 00 00 68 15 50 7c fa 7f 00 00
0x00000281a93be840:   c0 e7 3b a9 81 02 00 00 08 00 00 00 00 00 00 00
0x00000281a93be850:   06 00 00 00 fa 7f 00 00 08 e8 3b a9 81 02 00 00
0x00000281a93be860:   38 e8 3b a9 81 02 00 00 38 e8 3b a9 81 02 00 00
0x00000281a93be870:   88 ef 3b a9 81 02 00 00 88 ef 3b a9 81 02 00 00
0x00000281a93be880:   50 24 50 7c fa 7f 00 00 80 e8 3b a9 81 02 00 00
0x00000281a93be890:   16 00 00 00 00 00 00 00 30 e6 3b a9 81 02 00 00
0x00000281a93be8a0:   c0 e7 3b a9 81 02 00 00 f8 13 50 7c fa 7f 00 00
0x00000281a93be8b0:   a8 e8 3b a9 81 02 00 00 03 00 00 00 81 02 00 00 


Stack slot to memory mapping:
stack at sp + 0 slots: 0x00007ffa7c29ee7e jvm.dll
stack at sp + 1 slots: 0x0000000000002872 is an unknown value
stack at sp + 2 slots: 0x000000b150afc890 is pointing into the stack for thread: 0x00000281ab024000
stack at sp + 3 slots: 0x00000281a8231790 points into unknown readable memory: 0x000000b150afec78 | 78 ec af 50 b1 00 00 00
stack at sp + 4 slots: 0x00007ffa7fffffff is an unknown value
stack at sp + 5 slots: 0x000000000000225d is an unknown value
stack at sp + 6 slots: 0x00007ffa7be84fe6 jvm.dll
stack at sp + 7 slots: 0x000000b150afbc90 is pointing into the stack for thread: 0x00000281ab024000


---------------  P R O C E S S  ---------------

Threads class SMR info:
_java_thread_list=0x00000281b2a6c1b0, length=46, elements={
0x0000028189eeb000, 0x00000281a46fa000, 0x00000281a46fc000, 0x00000281a4719000,
0x00000281a4719800, 0x00000281a471a800, 0x00000281a4720800, 0x00000281a4721800,
0x00000281a50ec800, 0x00000281a51dd000, 0x00000281a5c8e800, 0x00000281a5d00000,
0x00000281a5c8f800, 0x00000281a5de3000, 0x00000281a5a4a800, 0x00000281a5a4b000,
0x00000281a5352800, 0x00000281a6658000, 0x00000281a67b5000, 0x00000281a67b2800,
0x00000281a67b0000, 0x00000281a67b3800, 0x00000281a67b6800, 0x00000281a67b4000,
0x00000281a67b5800, 0x00000281a67b1000, 0x00000281a67b1800, 0x00000281a5e16000,
0x00000281a5e1d800, 0x00000281a5e1b800, 0x00000281a5e17800, 0x00000281a5e1c800,
0x00000281a7d75000, 0x00000281a7d71800, 0x00000281a7d70000, 0x00000281a7d76800,
0x00000281a7d7a800, 0x00000281a7d7d000, 0x00000281a7d79000, 0x00000281a7d7b800,
0x00000281a7d77800, 0x00000281a7d78000, 0x00000281a5e1a000, 0x00000281a5e17000,
0x00000281ab024000, 0x00000281a5e1b000
}

Java Threads: ( => current thread )
  0x0000028189eeb000 JavaThread "main" [_thread_blocked, id=3212, stack(0x000000b14da00000,0x000000b14db00000)]
  0x00000281a46fa000 JavaThread "Reference Handler" daemon [_thread_blocked, id=3352, stack(0x000000b14e200000,0x000000b14e300000)]
  0x00000281a46fc000 JavaThread "Finalizer" daemon [_thread_blocked, id=5792, stack(0x000000b14e300000,0x000000b14e400000)]
  0x00000281a4719000 JavaThread "Signal Dispatcher" daemon [_thread_blocked, id=860, stack(0x000000b14e400000,0x000000b14e500000)]
  0x00000281a4719800 JavaThread "Attach Listener" daemon [_thread_blocked, id=8484, stack(0x000000b14e500000,0x000000b14e600000)]
  0x00000281a471a800 JavaThread "Service Thread" daemon [_thread_blocked, id=6824, stack(0x000000b14e600000,0x000000b14e700000)]
  0x00000281a4720800 JavaThread "C2 CompilerThread0" daemon [_thread_in_native, id=11300, stack(0x000000b14e700000,0x000000b14e800000)]
  0x00000281a4721800 JavaThread "C1 CompilerThread0" daemon [_thread_blocked, id=12960, stack(0x000000b14e800000,0x000000b14e900000)]
  0x00000281a50ec800 JavaThread "Sweeper thread" daemon [_thread_blocked, id=11424, stack(0x000000b14e900000,0x000000b14ea00000)]
  0x00000281a51dd000 JavaThread "Common-Cleaner" daemon [_thread_blocked, id=3536, stack(0x000000b14ea00000,0x000000b14eb00000)]
  0x00000281a5c8e800 JavaThread "Daemon health stats" [_thread_blocked, id=13572, stack(0x000000b14ee00000,0x000000b14ef00000)]
  0x00000281a5d00000 JavaThread "Incoming local TCP Connector on port 63145" [_thread_in_native, id=4700, stack(0x000000b14f100000,0x000000b14f200000)]
  0x00000281a5c8f800 JavaThread "Daemon periodic checks" [_thread_blocked, id=12192, stack(0x000000b14f200000,0x000000b14f300000)]
  0x00000281a5de3000 JavaThread "Daemon" [_thread_blocked, id=14944, stack(0x000000b14f300000,0x000000b14f400000)]
  0x00000281a5a4a800 JavaThread "Handler for socket connection from /127.0.0.1:63145 to /127.0.0.1:63146" [_thread_in_native, id=1640, stack(0x000000b14f400000,0x000000b14f500000)]
  0x00000281a5a4b000 JavaThread "Cancel handler" [_thread_blocked, id=12636, stack(0x000000b14f500000,0x000000b14f600000)]
  0x00000281a5352800 JavaThread "Daemon worker" [_thread_blocked, id=9756, stack(0x000000b14f600000,0x000000b14f700000)]
  0x00000281a6658000 JavaThread "Asynchronous log dispatcher for DefaultDaemonConnection: socket connection from /127.0.0.1:63145 to /127.0.0.1:63146" [_thread_blocked, id=11148, stack(0x000000b14f700000,0x000000b14f800000)]
  0x00000281a67b5000 JavaThread "Thread-8" [_thread_blocked, id=2608, stack(0x000000b14f900000,0x000000b14fa00000)]
  0x00000281a67b2800 JavaThread "Cache worker for journal cache (C:\Users\amirn\.gradle\caches\journal-1)" [_thread_blocked, id=13424, stack(0x000000b14fb00000,0x000000b14fc00000)]
  0x00000281a67b0000 JavaThread "File lock request listener" [_thread_in_native, id=7952, stack(0x000000b14fc00000,0x000000b14fd00000)]
  0x00000281a67b3800 JavaThread "Cache worker for file hash cache (C:\Users\amirn\.gradle\caches\6.5\fileHashes)" [_thread_blocked, id=6868, stack(0x000000b14fd00000,0x000000b14fe00000)]
  0x00000281a67b6800 JavaThread "Cache worker for file hash cache (C:\Users\amirn\Desktop\ScientistProject\.gradle\6.5\fileHashes)" [_thread_blocked, id=13008, stack(0x000000b14ff00000,0x000000b150000000)]
  0x00000281a67b4000 JavaThread "Cache worker for checksums cache (C:\Users\amirn\Desktop\ScientistProject\.gradle\checksums)" [_thread_blocked, id=1180, stack(0x000000b14fe00000,0x000000b14ff00000)]
  0x00000281a67b5800 JavaThread "Cache worker for cache directory md-supplier (C:\Users\amirn\.gradle\caches\6.5\md-supplier)" [_thread_blocked, id=4876, stack(0x000000b150000000,0x000000b150100000)]
  0x00000281a67b1000 JavaThread "Cache worker for cache directory md-rule (C:\Users\amirn\.gradle\caches\6.5\md-rule)" [_thread_blocked, id=12036, stack(0x000000b150100000,0x000000b150200000)]
  0x00000281a67b1800 JavaThread "Cache worker for execution history cache (C:\Users\amirn\.gradle\caches\6.5\executionHistory)" [_thread_blocked, id=11576, stack(0x000000b150200000,0x000000b150300000)]
  0x00000281a5e16000 JavaThread "Cache worker for file content cache (C:\Users\amirn\.gradle\caches\6.5\fileContent)" [_thread_blocked, id=13656, stack(0x000000b150400000,0x000000b150500000)]
  0x00000281a5e1d800 JavaThread "Build operations" [_thread_blocked, id=332, stack(0x000000b150500000,0x000000b150600000)]
  0x00000281a5e1b800 JavaThread "Build operations Thread 2" [_thread_blocked, id=13548, stack(0x000000b150600000,0x000000b150700000)]
  0x00000281a5e17800 JavaThread "Build operations Thread 3" [_thread_blocked, id=13452, stack(0x000000b150700000,0x000000b150800000)]
  0x00000281a5e1c800 JavaThread "Build operations Thread 4" [_thread_in_Java, id=8628, stack(0x000000b150800000,0x000000b150900000)]
  0x00000281a7d75000 JavaThread "Cache worker for Build Output Cleanup Cache (C:\Users\amirn\Desktop\ScientistProject\.gradle\buildOutputCleanup)" [_thread_blocked, id=3196, stack(0x000000b150900000,0x000000b150a00000)]
  0x00000281a7d71800 JavaThread "Memory manager" [_thread_blocked, id=14148, stack(0x000000b156700000,0x000000b156800000)]
  0x00000281a7d70000 JavaThread "Cache worker for file content cache (C:\Users\amirn\Desktop\ScientistProject\.gradle\6.5\fileContent)" [_thread_blocked, id=10364, stack(0x000000b156800000,0x000000b156900000)]
  0x00000281a7d76800 JavaThread "Execution worker for ':'" [_thread_blocked, id=6764, stack(0x000000b14d900000,0x000000b14da00000)]
  0x00000281a7d7a800 JavaThread "Execution worker for ':' Thread 2" [_thread_blocked, id=12156, stack(0x000000b14db00000,0x000000b14dc00000)]
  0x00000281a7d7d000 JavaThread "Execution worker for ':' Thread 3" [_thread_blocked, id=14028, stack(0x000000b156900000,0x000000b156a00000)]
  0x00000281a7d79000 JavaThread "Cache worker for execution history cache (C:\Users\amirn\Desktop\ScientistProject\.gradle\6.5\executionHistory)" [_thread_blocked, id=500, stack(0x000000b156a00000,0x000000b156b00000)]
  0x00000281a7d7b800 JavaThread "WorkerExecutor Queue Thread 2" [_thread_blocked, id=13668, stack(0x000000b156d00000,0x000000b156e00000)]
  0x00000281a7d77800 JavaThread "WorkerExecutor Queue Thread 3" [_thread_blocked, id=10728, stack(0x000000b156e00000,0x000000b156f00000)]
  0x00000281a7d78000 JavaThread "Java2D Disposer" daemon [_thread_blocked, id=14196, stack(0x000000b157200000,0x000000b157300000)]
  0x00000281a5e1a000 JavaThread "WorkerExecutor Queue Thread 5" [_thread_blocked, id=10336, stack(0x000000b14f800000,0x000000b14f900000)]
  0x00000281a5e17000 JavaThread "WorkerExecutor Queue Thread 6" [_thread_blocked, id=1788, stack(0x000000b14ef00000,0x000000b14f000000)]
=>0x00000281ab024000 JavaThread "C2 CompilerThread1" daemon [_thread_in_native, id=6960, stack(0x000000b150a00000,0x000000b150b00000)]
  0x00000281a5e1b000 JavaThread "File lock release action executor Thread 2" [_thread_blocked, id=11436, stack(0x000000b150b00000,0x000000b150c00000)]

Other Threads:
  0x00000281a46d2000 VMThread "VM Thread" [stack: 0x000000b14e100000,0x000000b14e200000] [id=13620]
  0x00000281a51de000 WatcherThread [stack: 0x000000b14eb00000,0x000000b14ec00000] [id=11832]
  0x0000028189f05800 GCTaskThread "GC Thread#0" [stack: 0x000000b14dc00000,0x000000b14dd00000] [id=13236]
  0x00000281a594e000 GCTaskThread "GC Thread#1" [stack: 0x000000b14ec00000,0x000000b14ed00000] [id=5772]
  0x00000281a594f000 GCTaskThread "GC Thread#2" [stack: 0x000000b14ed00000,0x000000b14ee00000] [id=5608]
  0x00000281a68cc000 GCTaskThread "GC Thread#3" [stack: 0x000000b14fa00000,0x000000b14fb00000] [id=14656]
  0x0000028189f2a000 ConcurrentGCThread "G1 Main Marker" [stack: 0x000000b14dd00000,0x000000b14de00000] [id=1828]
  0x0000028189f2b800 ConcurrentGCThread "G1 Conc#0" [stack: 0x000000b14de00000,0x000000b14df00000] [id=6532]
  0x0000028189fbc800 ConcurrentGCThread "G1 Refine#0" [stack: 0x000000b14df00000,0x000000b14e000000] [id=7172]
  0x0000028189fbd800 ConcurrentGCThread "G1 Young RemSet Sampling" [stack: 0x000000b14e000000,0x000000b14e100000] [id=5504]

Threads with active compile tasks:
C2 CompilerThread0 179984 18916       4       com.android.tools.r8.ir.optimize.l::j (200 bytes)
C2 CompilerThread1 179984 18851       4       com.android.tools.r8.ir.optimize.string.b$e::a (373 bytes)

VM state:not at safepoint (normal execution)

VM Mutex/Monitor currently owned by a thread: None

Heap address: 0x00000000a0000000, size: 1536 MB, Compressed Oops mode: 32-bit
Narrow klass base: 0x0000000000000000, Narrow klass shift: 3
Compressed class space size: 1073741824 Address: 0x0000000100000000

Heap:
 garbage-first heap   total 375808K, used 149683K [0x00000000a0000000, 0x0000000100000000)
  region size 1024K, 30 young (30720K), 15 survivors (15360K)
 Metaspace       used 107126K, capacity 109971K, committed 110112K, reserved 1144832K
  class space    used 13366K, capacity 14429K, committed 14540K, reserved 1048576K
Heap Regions: E=young(eden), S=young(survivor), O=old, HS=humongous(starts), HC=humongous(continues), CS=collection set, F=free, A=archive, TAMS=top-at-mark-start (previous, next)
|   0|0x00000000a0000000, 0x00000000a0100000, 0x00000000a0100000|100%| O|  |TAMS 0x00000000a0100000, 0x00000000a0100000| Untracked 
|   1|0x00000000a0100000, 0x00000000a0200000, 0x00000000a0200000|100%| O|  |TAMS 0x00000000a0200000, 0x00000000a0200000| Untracked 
|   2|0x00000000a0200000, 0x00000000a0300000, 0x00000000a0300000|100%| O|  |TAMS 0x00000000a0300000, 0x00000000a0300000| Untracked 
|   3|0x00000000a0300000, 0x00000000a0400000, 0x00000000a0400000|100%|HS|  |TAMS 0x00000000a0400000, 0x00000000a0400000| Complete 
|   4|0x00000000a0400000, 0x00000000a0500000, 0x00000000a0500000|100%|HC|  |TAMS 0x00000000a0500000, 0x00000000a0500000| Complete 
|   5|0x00000000a0500000, 0x00000000a0600000, 0x00000000a0600000|100%|HC|  |TAMS 0x00000000a0600000, 0x00000000a0600000| Complete 
|   6|0x00000000a0600000, 0x00000000a06ecc00, 0x00000000a0700000| 92%| O|  |TAMS 0x00000000a0600000, 0x00000000a06ecc00| Untracked 
|   7|0x00000000a0700000, 0x00000000a0800000, 0x00000000a0800000|100%| O|  |TAMS 0x00000000a0800000, 0x00000000a0800000| Untracked 
|   8|0x00000000a0800000, 0x00000000a0900000, 0x00000000a0900000|100%| O|  |TAMS 0x00000000a0900000, 0x00000000a0900000| Untracked 
|   9|0x00000000a0900000, 0x00000000a0a00000, 0x00000000a0a00000|100%| O|  |TAMS 0x00000000a0a00000, 0x00000000a0a00000| Untracked 
|  10|0x00000000a0a00000, 0x00000000a0b00000, 0x00000000a0b00000|100%| O|  |TAMS 0x00000000a0b00000, 0x00000000a0b00000| Untracked 
|  11|0x00000000a0b00000, 0x00000000a0c00000, 0x00000000a0c00000|100%|HS|  |TAMS 0x00000000a0b00000, 0x00000000a0b00000| Complete 
|  12|0x00000000a0c00000, 0x00000000a0d00000, 0x00000000a0d00000|100%| O|  |TAMS 0x00000000a0d00000, 0x00000000a0d00000| Untracked 
|  13|0x00000000a0d00000, 0x00000000a0e00000, 0x00000000a0e00000|100%| O|  |TAMS 0x00000000a0e00000, 0x00000000a0e00000| Untracked 
|  14|0x00000000a0e00000, 0x00000000a0f00000, 0x00000000a0f00000|100%| O|  |TAMS 0x00000000a0f00000, 0x00000000a0f00000| Untracked 
|  15|0x00000000a0f00000, 0x00000000a1000000, 0x00000000a1000000|100%| O|  |TAMS 0x00000000a1000000, 0x00000000a1000000| Untracked 
|  16|0x00000000a1000000, 0x00000000a1100000, 0x00000000a1100000|100%| O|  |TAMS 0x00000000a1100000, 0x00000000a1100000| Untracked 
|  17|0x00000000a1100000, 0x00000000a1200000, 0x00000000a1200000|100%| O|  |TAMS 0x00000000a1200000, 0x00000000a1200000| Untracked 
|  18|0x00000000a1200000, 0x00000000a1300000, 0x00000000a1300000|100%| O|  |TAMS 0x00000000a1300000, 0x00000000a1300000| Untracked 
|  19|0x00000000a1300000, 0x00000000a1400000, 0x00000000a1400000|100%| O|  |TAMS 0x00000000a1400000, 0x00000000a1400000| Untracked 
|  20|0x00000000a1400000, 0x00000000a1500000, 0x00000000a1500000|100%| O|  |TAMS 0x00000000a1500000, 0x00000000a1500000| Untracked 
|  21|0x00000000a1500000, 0x00000000a1600000, 0x00000000a1600000|100%|HS|  |TAMS 0x00000000a1600000, 0x00000000a1600000| Complete 
|  22|0x00000000a1600000, 0x00000000a1700000, 0x00000000a1700000|100%|HS|  |TAMS 0x00000000a1700000, 0x00000000a1700000| Complete 
|  23|0x00000000a1700000, 0x00000000a1800000, 0x00000000a1800000|100%|HC|  |TAMS 0x00000000a1800000, 0x00000000a1800000| Complete 
|  24|0x00000000a1800000, 0x00000000a1900000, 0x00000000a1900000|100%| O|  |TAMS 0x00000000a1900000, 0x00000000a1900000| Untracked 
|  25|0x00000000a1900000, 0x00000000a1a00000, 0x00000000a1a00000|100%| O|  |TAMS 0x00000000a1a00000, 0x00000000a1a00000| Untracked 
|  26|0x00000000a1a00000, 0x00000000a1b00000, 0x00000000a1b00000|100%| O|  |TAMS 0x00000000a1b00000, 0x00000000a1b00000| Untracked 
|  27|0x00000000a1b00000, 0x00000000a1c00000, 0x00000000a1c00000|100%| O|  |TAMS 0x00000000a1c00000, 0x00000000a1c00000| Untracked 
|  28|0x00000000a1c00000, 0x00000000a1d00000, 0x00000000a1d00000|100%| O|  |TAMS 0x00000000a1d00000, 0x00000000a1d00000| Untracked 
|  29|0x00000000a1d00000, 0x00000000a1e00000, 0x00000000a1e00000|100%| O|  |TAMS 0x00000000a1e00000, 0x00000000a1e00000| Untracked 
|  30|0x00000000a1e00000, 0x00000000a1f00000, 0x00000000a1f00000|100%| O|  |TAMS 0x00000000a1f00000, 0x00000000a1f00000| Untracked 
|  31|0x00000000a1f00000, 0x00000000a2000000, 0x00000000a2000000|100%| O|  |TAMS 0x00000000a2000000, 0x00000000a2000000| Untracked 
|  32|0x00000000a2000000, 0x00000000a2100000, 0x00000000a2100000|100%| O|  |TAMS 0x00000000a2100000, 0x00000000a2100000| Untracked 
|  33|0x00000000a2100000, 0x00000000a2200000, 0x00000000a2200000|100%| O|  |TAMS 0x00000000a2200000, 0x00000000a2200000| Untracked 
|  34|0x00000000a2200000, 0x00000000a2300000, 0x00000000a2300000|100%| O|  |TAMS 0x00000000a2300000, 0x00000000a2300000| Untracked 
|  35|0x00000000a2300000, 0x00000000a2400000, 0x00000000a2400000|100%| O|  |TAMS 0x00000000a2400000, 0x00000000a2400000| Untracked 
|  36|0x00000000a2400000, 0x00000000a2500000, 0x00000000a2500000|100%| O|  |TAMS 0x00000000a2500000, 0x00000000a2500000| Untracked 
|  37|0x00000000a2500000, 0x00000000a2600000, 0x00000000a2600000|100%| O|  |TAMS 0x00000000a2600000, 0x00000000a2600000| Untracked 
|  38|0x00000000a2600000, 0x00000000a2700000, 0x00000000a2700000|100%| O|  |TAMS 0x00000000a2700000, 0x00000000a2700000| Untracked 
|  39|0x00000000a2700000, 0x00000000a2800000, 0x00000000a2800000|100%| O|  |TAMS 0x00000000a2800000, 0x00000000a2800000| Untracked 
|  40|0x00000000a2800000, 0x00000000a2900000, 0x00000000a2900000|100%| O|  |TAMS 0x00000000a2900000, 0x00000000a2900000| Untracked 
|  41|0x00000000a2900000, 0x00000000a2a00000, 0x00000000a2a00000|100%| O|  |TAMS 0x00000000a2a00000, 0x00000000a2a00000| Untracked 
|  42|0x00000000a2a00000, 0x00000000a2b00000, 0x00000000a2b00000|100%| O|  |TAMS 0x00000000a2b00000, 0x00000000a2b00000| Untracked 
|  43|0x00000000a2b00000, 0x00000000a2c00000, 0x00000000a2c00000|100%| O|  |TAMS 0x00000000a2c00000, 0x00000000a2c00000| Untracked 
|  44|0x00000000a2c00000, 0x00000000a2d00000, 0x00000000a2d00000|100%| O|  |TAMS 0x00000000a2d00000, 0x00000000a2d00000| Untracked 
|  45|0x00000000a2d00000, 0x00000000a2e00000, 0x00000000a2e00000|100%| O|  |TAMS 0x00000000a2e00000, 0x00000000a2e00000| Untracked 
|  46|0x00000000a2e00000, 0x00000000a2e00000, 0x00000000a2f00000|  0%| F|  |TAMS 0x00000000a2e00000, 0x00000000a2e00000| Untracked 
|  47|0x00000000a2f00000, 0x00000000a3000000, 0x00000000a3000000|100%| O|  |TAMS 0x00000000a3000000, 0x00000000a3000000| Untracked 
|  48|0x00000000a3000000, 0x00000000a3100000, 0x00000000a3100000|100%| O|  |TAMS 0x00000000a3100000, 0x00000000a3100000| Untracked 
|  49|0x00000000a3100000, 0x00000000a3200000, 0x00000000a3200000|100%| O|  |TAMS 0x00000000a3200000, 0x00000000a3200000| Untracked 
|  50|0x00000000a3200000, 0x00000000a3300000, 0x00000000a3300000|100%| O|  |TAMS 0x00000000a3300000, 0x00000000a3300000| Untracked 
|  51|0x00000000a3300000, 0x00000000a3400000, 0x00000000a3400000|100%| O|  |TAMS 0x00000000a3400000, 0x00000000a3400000| Untracked 
|  52|0x00000000a3400000, 0x00000000a3500000, 0x00000000a3500000|100%| O|  |TAMS 0x00000000a3500000, 0x00000000a3500000| Untracked 
|  53|0x00000000a3500000, 0x00000000a3600000, 0x00000000a3600000|100%| O|  |TAMS 0x00000000a3600000, 0x00000000a3600000| Untracked 
|  54|0x00000000a3600000, 0x00000000a3700000, 0x00000000a3700000|100%| O|  |TAMS 0x00000000a3700000, 0x00000000a3700000| Untracked 
|  55|0x00000000a3700000, 0x00000000a3800000, 0x00000000a3800000|100%| O|  |TAMS 0x00000000a3800000, 0x00000000a3800000| Untracked 
|  56|0x00000000a3800000, 0x00000000a3900000, 0x00000000a3900000|100%| O|  |TAMS 0x00000000a3900000, 0x00000000a3900000| Untracked 
|  57|0x00000000a3900000, 0x00000000a3900000, 0x00000000a3a00000|  0%| F|  |TAMS 0x00000000a3900000, 0x00000000a3900000| Untracked 
|  58|0x00000000a3a00000, 0x00000000a3b00000, 0x00000000a3b00000|100%| O|  |TAMS 0x00000000a3b00000, 0x00000000a3b00000| Untracked 
|  59|0x00000000a3b00000, 0x00000000a3c00000, 0x00000000a3c00000|100%| O|  |TAMS 0x00000000a3c00000, 0x00000000a3c00000| Untracked 
|  60|0x00000000a3c00000, 0x00000000a3d00000, 0x00000000a3d00000|100%| O|  |TAMS 0x00000000a3d00000, 0x00000000a3d00000| Untracked 
|  61|0x00000000a3d00000, 0x00000000a3d00000, 0x00000000a3e00000|  0%| F|  |TAMS 0x00000000a3d00000, 0x00000000a3d00000| Untracked 
|  62|0x00000000a3e00000, 0x00000000a3f00000, 0x00000000a3f00000|100%| O|  |TAMS 0x00000000a3f00000, 0x00000000a3f00000| Untracked 
|  63|0x00000000a3f00000, 0x00000000a4000000, 0x00000000a4000000|100%| O|  |TAMS 0x00000000a4000000, 0x00000000a4000000| Untracked 
|  64|0x00000000a4000000, 0x00000000a4100000, 0x00000000a4100000|100%| O|  |TAMS 0x00000000a4100000, 0x00000000a4100000| Untracked 
|  65|0x00000000a4100000, 0x00000000a4200000, 0x00000000a4200000|100%| O|  |TAMS 0x00000000a4200000, 0x00000000a4200000| Untracked 
|  66|0x00000000a4200000, 0x00000000a4300000, 0x00000000a4300000|100%| O|  |TAMS 0x00000000a4300000, 0x00000000a4300000| Untracked 
|  67|0x00000000a4300000, 0x00000000a4400000, 0x00000000a4400000|100%| O|  |TAMS 0x00000000a4400000, 0x00000000a4400000| Untracked 
|  68|0x00000000a4400000, 0x00000000a4500000, 0x00000000a4500000|100%|HS|  |TAMS 0x00000000a4500000, 0x00000000a4500000| Complete 
|  69|0x00000000a4500000, 0x00000000a4600000, 0x00000000a4600000|100%|HC|  |TAMS 0x00000000a4600000, 0x00000000a4600000| Complete 
|  70|0x00000000a4600000, 0x00000000a4700000, 0x00000000a4700000|100%| O|  |TAMS 0x00000000a4700000, 0x00000000a4700000| Untracked 
|  71|0x00000000a4700000, 0x00000000a4800000, 0x00000000a4800000|100%| O|  |TAMS 0x00000000a4800000, 0x00000000a4800000| Untracked 
|  72|0x00000000a4800000, 0x00000000a4900000, 0x00000000a4900000|100%| O|  |TAMS 0x00000000a4900000, 0x00000000a4900000| Untracked 
|  73|0x00000000a4900000, 0x00000000a4a00000, 0x00000000a4a00000|100%| O|  |TAMS 0x00000000a4a00000, 0x00000000a4a00000| Untracked 
|  74|0x00000000a4a00000, 0x00000000a4b00000, 0x00000000a4b00000|100%| O|  |TAMS 0x00000000a4b00000, 0x00000000a4b00000| Untracked 
|  75|0x00000000a4b00000, 0x00000000a4b00000, 0x00000000a4c00000|  0%| F|  |TAMS 0x00000000a4b00000, 0x00000000a4b00000| Untracked 
|  76|0x00000000a4c00000, 0x00000000a4c00000, 0x00000000a4d00000|  0%| F|  |TAMS 0x00000000a4c00000, 0x00000000a4c00000| Untracked 
|  77|0x00000000a4d00000, 0x00000000a4e00000, 0x00000000a4e00000|100%| O|  |TAMS 0x00000000a4e00000, 0x00000000a4e00000| Untracked 
|  78|0x00000000a4e00000, 0x00000000a4f00000, 0x00000000a4f00000|100%| O|  |TAMS 0x00000000a4f00000, 0x00000000a4f00000| Untracked 
|  79|0x00000000a4f00000, 0x00000000a5000000, 0x00000000a5000000|100%| O|  |TAMS 0x00000000a5000000, 0x00000000a5000000| Untracked 
|  80|0x00000000a5000000, 0x00000000a5000000, 0x00000000a5100000|  0%| F|  |TAMS 0x00000000a5000000, 0x00000000a5000000| Untracked 
|  81|0x00000000a5100000, 0x00000000a5100000, 0x00000000a5200000|  0%| F|  |TAMS 0x00000000a5100000, 0x00000000a5100000| Untracked 
|  82|0x00000000a5200000, 0x00000000a5200000, 0x00000000a5300000|  0%| F|  |TAMS 0x00000000a5200000, 0x00000000a5200000| Untracked 
|  83|0x00000000a5300000, 0x00000000a5400000, 0x00000000a5400000|100%| O|  |TAMS 0x00000000a5400000, 0x00000000a5400000| Untracked 
|  84|0x00000000a5400000, 0x00000000a5500000, 0x00000000a5500000|100%| O|  |TAMS 0x00000000a5500000, 0x00000000a5500000| Untracked 
|  85|0x00000000a5500000, 0x00000000a5500000, 0x00000000a5600000|  0%| F|  |TAMS 0x00000000a5500000, 0x00000000a5500000| Untracked 
|  86|0x00000000a5600000, 0x00000000a5600000, 0x00000000a5700000|  0%| F|  |TAMS 0x00000000a5600000, 0x00000000a5600000| Untracked 
|  87|0x00000000a5700000, 0x00000000a5700000, 0x00000000a5800000|  0%| F|  |TAMS 0x00000000a5700000, 0x00000000a5700000| Untracked 
|  88|0x00000000a5800000, 0x00000000a5800000, 0x00000000a5900000|  0%| F|  |TAMS 0x00000000a5800000, 0x00000000a5800000| Untracked 
|  89|0x00000000a5900000, 0x00000000a5a00000, 0x00000000a5a00000|100%| O|  |TAMS 0x00000000a5a00000, 0x00000000a5a00000| Untracked 
|  90|0x00000000a5a00000, 0x00000000a5b00000, 0x00000000a5b00000|100%| O|  |TAMS 0x00000000a5b00000, 0x00000000a5b00000| Untracked 
|  91|0x00000000a5b00000, 0x00000000a5b00000, 0x00000000a5c00000|  0%| F|  |TAMS 0x00000000a5b00000, 0x00000000a5b00000| Untracked 
|  92|0x00000000a5c00000, 0x00000000a5c00000, 0x00000000a5d00000|  0%| F|  |TAMS 0x00000000a5c00000, 0x00000000a5c00000| Untracked 
|  93|0x00000000a5d00000, 0x00000000a5e00000, 0x00000000a5e00000|100%| O|  |TAMS 0x00000000a5e00000, 0x00000000a5e00000| Untracked 
|  94|0x00000000a5e00000, 0x00000000a5f00000, 0x00000000a5f00000|100%| O|  |TAMS 0x00000000a5f00000, 0x00000000a5f00000| Untracked 
|  95|0x00000000a5f00000, 0x00000000a6000000, 0x00000000a6000000|100%| O|  |TAMS 0x00000000a6000000, 0x00000000a6000000| Untracked 
|  96|0x00000000a6000000, 0x00000000a6100000, 0x00000000a6100000|100%| O|  |TAMS 0x00000000a6000000, 0x00000000a6100000| Untracked 
|  97|0x00000000a6100000, 0x00000000a6200000, 0x00000000a6200000|100%| O|  |TAMS 0x00000000a6200000, 0x00000000a6200000| Untracked 
|  98|0x00000000a6200000, 0x00000000a6300000, 0x00000000a6300000|100%| O|  |TAMS 0x00000000a6300000, 0x00000000a6300000| Untracked 
|  99|0x00000000a6300000, 0x00000000a6300000, 0x00000000a6400000|  0%| F|  |TAMS 0x00000000a6300000, 0x00000000a6300000| Untracked 
| 100|0x00000000a6400000, 0x00000000a6400000, 0x00000000a6500000|  0%| F|  |TAMS 0x00000000a6400000, 0x00000000a6400000| Untracked 
| 101|0x00000000a6500000, 0x00000000a6600000, 0x00000000a6600000|100%| O|  |TAMS 0x00000000a6600000, 0x00000000a6600000| Untracked 
| 102|0x00000000a6600000, 0x00000000a6600000, 0x00000000a6700000|  0%| F|  |TAMS 0x00000000a6600000, 0x00000000a6600000| Untracked 
| 103|0x00000000a6700000, 0x00000000a6700000, 0x00000000a6800000|  0%| F|  |TAMS 0x00000000a6700000, 0x00000000a6700000| Untracked 
| 104|0x00000000a6800000, 0x00000000a6900000, 0x00000000a6900000|100%| O|  |TAMS 0x00000000a6900000, 0x00000000a6900000| Untracked 
| 105|0x00000000a6900000, 0x00000000a6900000, 0x00000000a6a00000|  0%| F|  |TAMS 0x00000000a6900000, 0x00000000a6900000| Untracked 
| 106|0x00000000a6a00000, 0x00000000a6a00000, 0x00000000a6b00000|  0%| F|  |TAMS 0x00000000a6a00000, 0x00000000a6a00000| Untracked 
| 107|0x00000000a6b00000, 0x00000000a6c00000, 0x00000000a6c00000|100%| O|  |TAMS 0x00000000a6c00000, 0x00000000a6c00000| Untracked 
| 108|0x00000000a6c00000, 0x00000000a6d00000, 0x00000000a6d00000|100%| O|  |TAMS 0x00000000a6d00000, 0x00000000a6d00000| Untracked 
| 109|0x00000000a6d00000, 0x00000000a6e00000, 0x00000000a6e00000|100%| O|  |TAMS 0x00000000a6e00000, 0x00000000a6e00000| Untracked 
| 110|0x00000000a6e00000, 0x00000000a6f00000, 0x00000000a6f00000|100%| O|  |TAMS 0x00000000a6f00000, 0x00000000a6f00000| Untracked 
| 111|0x00000000a6f00000, 0x00000000a7000000, 0x00000000a7000000|100%| O|  |TAMS 0x00000000a7000000, 0x00000000a7000000| Untracked 
| 112|0x00000000a7000000, 0x00000000a7100000, 0x00000000a7100000|100%| O|  |TAMS 0x00000000a7100000, 0x00000000a7100000| Untracked 
| 113|0x00000000a7100000, 0x00000000a7200000, 0x00000000a7200000|100%| O|  |TAMS 0x00000000a7200000, 0x00000000a7200000| Untracked 
| 114|0x00000000a7200000, 0x00000000a7200000, 0x00000000a7300000|  0%| F|  |TAMS 0x00000000a7200000, 0x00000000a7200000| Untracked 
| 115|0x00000000a7300000, 0x00000000a7400000, 0x00000000a7400000|100%| O|  |TAMS 0x00000000a731aa00, 0x00000000a7400000| Untracked 
| 116|0x00000000a7400000, 0x00000000a7500000, 0x00000000a7500000|100%| O|  |TAMS 0x00000000a7500000, 0x00000000a7500000| Untracked 
| 117|0x00000000a7500000, 0x00000000a7600000, 0x00000000a7600000|100%| O|  |TAMS 0x00000000a7600000, 0x00000000a7600000| Untracked 
| 118|0x00000000a7600000, 0x00000000a7700000, 0x00000000a7700000|100%| O|  |TAMS 0x00000000a7700000, 0x00000000a7700000| Untracked 
| 119|0x00000000a7700000, 0x00000000a7800000, 0x00000000a7800000|100%| O|  |TAMS 0x00000000a7800000, 0x00000000a7800000| Untracked 
| 120|0x00000000a7800000, 0x00000000a7900000, 0x00000000a7900000|100%| O|  |TAMS 0x00000000a7800000, 0x00000000a7900000| Untracked 
| 121|0x00000000a7900000, 0x00000000a7a00000, 0x00000000a7a00000|100%| O|  |TAMS 0x00000000a7a00000, 0x00000000a7a00000| Untracked 
| 122|0x00000000a7a00000, 0x00000000a7a00000, 0x00000000a7b00000|  0%| F|  |TAMS 0x00000000a7a00000, 0x00000000a7a00000| Untracked 
| 123|0x00000000a7b00000, 0x00000000a7b00000, 0x00000000a7c00000|  0%| F|  |TAMS 0x00000000a7b00000, 0x00000000a7b00000| Untracked 
| 124|0x00000000a7c00000, 0x00000000a7d00000, 0x00000000a7d00000|100%| O|  |TAMS 0x00000000a7c00000, 0x00000000a7d00000| Untracked 
| 125|0x00000000a7d00000, 0x00000000a7e00000, 0x00000000a7e00000|100%| O|  |TAMS 0x00000000a7d00000, 0x00000000a7e00000| Untracked 
| 126|0x00000000a7e00000, 0x00000000a7f00000, 0x00000000a7f00000|100%| O|  |TAMS 0x00000000a7e00000, 0x00000000a7f00000| Untracked 
| 127|0x00000000a7f00000, 0x00000000a7f00000, 0x00000000a8000000|  0%| F|  |TAMS 0x00000000a7f00000, 0x00000000a7f00000| Untracked 
| 128|0x00000000a8000000, 0x00000000a8100000, 0x00000000a8100000|100%| O|  |TAMS 0x00000000a8000000, 0x00000000a8100000| Untracked 
| 129|0x00000000a8100000, 0x00000000a8200000, 0x00000000a8200000|100%| O|  |TAMS 0x00000000a8100000, 0x00000000a8200000| Untracked 
| 130|0x00000000a8200000, 0x00000000a8200000, 0x00000000a8300000|  0%| F|  |TAMS 0x00000000a8200000, 0x00000000a8200000| Untracked 
| 131|0x00000000a8300000, 0x00000000a8300000, 0x00000000a8400000|  0%| F|  |TAMS 0x00000000a8300000, 0x00000000a8300000| Untracked 
| 132|0x00000000a8400000, 0x00000000a8400000, 0x00000000a8500000|  0%| F|  |TAMS 0x00000000a8400000, 0x00000000a8400000| Untracked 
| 133|0x00000000a8500000, 0x00000000a8500000, 0x00000000a8600000|  0%| F|  |TAMS 0x00000000a8500000, 0x00000000a8500000| Untracked 
| 134|0x00000000a8600000, 0x00000000a8600000, 0x00000000a8700000|  0%| F|  |TAMS 0x00000000a8600000, 0x00000000a8600000| Untracked 
| 135|0x00000000a8700000, 0x00000000a8700000, 0x00000000a8800000|  0%| F|  |TAMS 0x00000000a8700000, 0x00000000a8700000| Untracked 
| 136|0x00000000a8800000, 0x00000000a8800000, 0x00000000a8900000|  0%| F|  |TAMS 0x00000000a8800000, 0x00000000a8800000| Untracked 
| 137|0x00000000a8900000, 0x00000000a8900000, 0x00000000a8a00000|  0%| F|  |TAMS 0x00000000a8900000, 0x00000000a8900000| Untracked 
| 138|0x00000000a8a00000, 0x00000000a8b00000, 0x00000000a8b00000|100%| O|  |TAMS 0x00000000a8b00000, 0x00000000a8b00000| Untracked 
| 139|0x00000000a8b00000, 0x00000000a8b00000, 0x00000000a8c00000|  0%| F|  |TAMS 0x00000000a8b00000, 0x00000000a8b00000| Untracked 
| 140|0x00000000a8c00000, 0x00000000a8c00000, 0x00000000a8d00000|  0%| F|  |TAMS 0x00000000a8c00000, 0x00000000a8c00000| Untracked 
| 141|0x00000000a8d00000, 0x00000000a8e00000, 0x00000000a8e00000|100%| O|  |TAMS 0x00000000a8e00000, 0x00000000a8e00000| Untracked 
| 142|0x00000000a8e00000, 0x00000000a8f00000, 0x00000000a8f00000|100%| O|  |TAMS 0x00000000a8e00000, 0x00000000a8f00000| Untracked 
| 143|0x00000000a8f00000, 0x00000000a9000000, 0x00000000a9000000|100%| O|  |TAMS 0x00000000a8f00000, 0x00000000a9000000| Untracked 
| 144|0x00000000a9000000, 0x00000000a9100000, 0x00000000a9100000|100%| O|  |TAMS 0x00000000a9000000, 0x00000000a9100000| Untracked 
| 145|0x00000000a9100000, 0x00000000a9200000, 0x00000000a9200000|100%| O|  |TAMS 0x00000000a9100000, 0x00000000a9200000| Untracked 
| 146|0x00000000a9200000, 0x00000000a9300000, 0x00000000a9300000|100%| O|  |TAMS 0x00000000a9200000, 0x00000000a9300000| Untracked 
| 147|0x00000000a9300000, 0x00000000a9400000, 0x00000000a9400000|100%| O|  |TAMS 0x00000000a9300000, 0x00000000a9400000| Untracked 
| 148|0x00000000a9400000, 0x00000000a9500000, 0x00000000a9500000|100%| O|  |TAMS 0x00000000a9400000, 0x00000000a9500000| Untracked 
| 149|0x00000000a9500000, 0x00000000a9600000, 0x00000000a9600000|100%| O|  |TAMS 0x00000000a9500000, 0x00000000a9600000| Untracked 
| 150|0x00000000a9600000, 0x00000000a9700000, 0x00000000a9700000|100%| O|  |TAMS 0x00000000a9600000, 0x00000000a9700000| Untracked 
| 151|0x00000000a9700000, 0x00000000a9800000, 0x00000000a9800000|100%| O|  |TAMS 0x00000000a9700000, 0x00000000a9800000| Untracked 
| 152|0x00000000a9800000, 0x00000000a9800000, 0x00000000a9900000|  0%| F|  |TAMS 0x00000000a9800000, 0x00000000a9800000| Untracked 
| 153|0x00000000a9900000, 0x00000000a9900000, 0x00000000a9a00000|  0%| F|  |TAMS 0x00000000a9900000, 0x00000000a9900000| Untracked 
| 154|0x00000000a9a00000, 0x00000000a9a00000, 0x00000000a9b00000|  0%| F|  |TAMS 0x00000000a9a00000, 0x00000000a9a00000| Untracked 
| 155|0x00000000a9b00000, 0x00000000a9b00000, 0x00000000a9c00000|  0%| F|  |TAMS 0x00000000a9b00000, 0x00000000a9b00000| Untracked 
| 156|0x00000000a9c00000, 0x00000000a9c00000, 0x00000000a9d00000|  0%| F|  |TAMS 0x00000000a9c00000, 0x00000000a9c00000| Untracked 
| 157|0x00000000a9d00000, 0x00000000a9d00000, 0x00000000a9e00000|  0%| F|  |TAMS 0x00000000a9d00000, 0x00000000a9d00000| Untracked 
| 158|0x00000000a9e00000, 0x00000000a9e00000, 0x00000000a9f00000|  0%| F|  |TAMS 0x00000000a9e00000, 0x00000000a9e00000| Untracked 
| 159|0x00000000a9f00000, 0x00000000a9f00000, 0x00000000aa000000|  0%| F|  |TAMS 0x00000000a9f00000, 0x00000000a9f00000| Untracked 
| 160|0x00000000aa000000, 0x00000000aa000000, 0x00000000aa100000|  0%| F|  |TAMS 0x00000000aa000000, 0x00000000aa000000| Untracked 
| 161|0x00000000aa100000, 0x00000000aa100000, 0x00000000aa200000|  0%| F|  |TAMS 0x00000000aa100000, 0x00000000aa100000| Untracked 
| 162|0x00000000aa200000, 0x00000000aa200000, 0x00000000aa300000|  0%| F|  |TAMS 0x00000000aa200000, 0x00000000aa200000| Untracked 
| 163|0x00000000aa300000, 0x00000000aa300000, 0x00000000aa400000|  0%| F|  |TAMS 0x00000000aa300000, 0x00000000aa300000| Untracked 
| 164|0x00000000aa400000, 0x00000000aa400000, 0x00000000aa500000|  0%| F|  |TAMS 0x00000000aa400000, 0x00000000aa400000| Untracked 
| 165|0x00000000aa500000, 0x00000000aa500000, 0x00000000aa600000|  0%| F|  |TAMS 0x00000000aa500000, 0x00000000aa500000| Untracked 
| 166|0x00000000aa600000, 0x00000000aa600000, 0x00000000aa700000|  0%| F|  |TAMS 0x00000000aa600000, 0x00000000aa600000| Untracked 
| 167|0x00000000aa700000, 0x00000000aa700000, 0x00000000aa800000|  0%| F|  |TAMS 0x00000000aa700000, 0x00000000aa700000| Untracked 
| 168|0x00000000aa800000, 0x00000000aa800000, 0x00000000aa900000|  0%| F|  |TAMS 0x00000000aa800000, 0x00000000aa800000| Untracked 
| 169|0x00000000aa900000, 0x00000000aa900000, 0x00000000aaa00000|  0%| F|  |TAMS 0x00000000aa900000, 0x00000000aa900000| Untracked 
| 170|0x00000000aaa00000, 0x00000000aaa00000, 0x00000000aab00000|  0%| F|  |TAMS 0x00000000aaa00000, 0x00000000aaa00000| Untracked 
| 171|0x00000000aab00000, 0x00000000aab00000, 0x00000000aac00000|  0%| F|  |TAMS 0x00000000aab00000, 0x00000000aab00000| Untracked 
| 172|0x00000000aac00000, 0x00000000aac00000, 0x00000000aad00000|  0%| F|  |TAMS 0x00000000aac00000, 0x00000000aac00000| Untracked 
| 173|0x00000000aad00000, 0x00000000aad00000, 0x00000000aae00000|  0%| F|  |TAMS 0x00000000aad00000, 0x00000000aad00000| Untracked 
| 174|0x00000000aae00000, 0x00000000aae00000, 0x00000000aaf00000|  0%| F|  |TAMS 0x00000000aae00000, 0x00000000aae00000| Untracked 
| 175|0x00000000aaf00000, 0x00000000aaf00000, 0x00000000ab000000|  0%| F|  |TAMS 0x00000000aaf00000, 0x00000000aaf00000| Untracked 
| 176|0x00000000ab000000, 0x00000000ab000000, 0x00000000ab100000|  0%| F|  |TAMS 0x00000000ab000000, 0x00000000ab000000| Untracked 
| 177|0x00000000ab100000, 0x00000000ab100000, 0x00000000ab200000|  0%| F|  |TAMS 0x00000000ab100000, 0x00000000ab100000| Untracked 
| 178|0x00000000ab200000, 0x00000000ab200000, 0x00000000ab300000|  0%| F|  |TAMS 0x00000000ab200000, 0x00000000ab200000| Untracked 
| 179|0x00000000ab300000, 0x00000000ab300000, 0x00000000ab400000|  0%| F|  |TAMS 0x00000000ab300000, 0x00000000ab300000| Untracked 
| 180|0x00000000ab400000, 0x00000000ab400000, 0x00000000ab500000|  0%| F|  |TAMS 0x00000000ab400000, 0x00000000ab400000| Untracked 
| 181|0x00000000ab500000, 0x00000000ab500000, 0x00000000ab600000|  0%| F|  |TAMS 0x00000000ab500000, 0x00000000ab500000| Untracked 
| 182|0x00000000ab600000, 0x00000000ab600000, 0x00000000ab700000|  0%| F|  |TAMS 0x00000000ab600000, 0x00000000ab600000| Untracked 
| 183|0x00000000ab700000, 0x00000000ab700000, 0x00000000ab800000|  0%| F|  |TAMS 0x00000000ab700000, 0x00000000ab700000| Untracked 
| 184|0x00000000ab800000, 0x00000000ab800000, 0x00000000ab900000|  0%| F|  |TAMS 0x00000000ab800000, 0x00000000ab800000| Untracked 
| 185|0x00000000ab900000, 0x00000000ab900000, 0x00000000aba00000|  0%| F|  |TAMS 0x00000000ab900000, 0x00000000ab900000| Untracked 
| 186|0x00000000aba00000, 0x00000000aba00000, 0x00000000abb00000|  0%| F|  |TAMS 0x00000000aba00000, 0x00000000aba00000| Untracked 
| 187|0x00000000abb00000, 0x00000000abb00000, 0x00000000abc00000|  0%| F|  |TAMS 0x00000000abb00000, 0x00000000abb00000| Untracked 
| 188|0x00000000abc00000, 0x00000000abc00000, 0x00000000abd00000|  0%| F|  |TAMS 0x00000000abc00000, 0x00000000abc00000| Untracked 
| 189|0x00000000abd00000, 0x00000000abd00000, 0x00000000abe00000|  0%| F|  |TAMS 0x00000000abd00000, 0x00000000abd00000| Untracked 
| 190|0x00000000abe00000, 0x00000000abe00000, 0x00000000abf00000|  0%| F|  |TAMS 0x00000000abe00000, 0x00000000abe00000| Untracked 
| 191|0x00000000abf00000, 0x00000000abf00000, 0x00000000ac000000|  0%| F|  |TAMS 0x00000000abf00000, 0x00000000abf00000| Untracked 
| 192|0x00000000ac000000, 0x00000000ac000000, 0x00000000ac100000|  0%| F|  |TAMS 0x00000000ac000000, 0x00000000ac000000| Untracked 
| 193|0x00000000ac100000, 0x00000000ac100000, 0x00000000ac200000|  0%| F|  |TAMS 0x00000000ac100000, 0x00000000ac100000| Untracked 
| 194|0x00000000ac200000, 0x00000000ac200000, 0x00000000ac300000|  0%| F|  |TAMS 0x00000000ac200000, 0x00000000ac200000| Untracked 
| 195|0x00000000ac300000, 0x00000000ac300000, 0x00000000ac400000|  0%| F|  |TAMS 0x00000000ac300000, 0x00000000ac300000| Untracked 
| 196|0x00000000ac400000, 0x00000000ac400000, 0x00000000ac500000|  0%| F|  |TAMS 0x00000000ac400000, 0x00000000ac400000| Untracked 
| 197|0x00000000ac500000, 0x00000000ac500000, 0x00000000ac600000|  0%| F|  |TAMS 0x00000000ac500000, 0x00000000ac500000| Untracked 
| 198|0x00000000ac600000, 0x00000000ac600000, 0x00000000ac700000|  0%| F|  |TAMS 0x00000000ac600000, 0x00000000ac600000| Untracked 
| 199|0x00000000ac700000, 0x00000000ac700000, 0x00000000ac800000|  0%| F|  |TAMS 0x00000000ac700000, 0x00000000ac700000| Untracked 
| 200|0x00000000ac800000, 0x00000000ac800000, 0x00000000ac900000|  0%| F|  |TAMS 0x00000000ac800000, 0x00000000ac800000| Untracked 
| 201|0x00000000ac900000, 0x00000000ac900000, 0x00000000aca00000|  0%| F|  |TAMS 0x00000000ac900000, 0x00000000ac900000| Untracked 
| 202|0x00000000aca00000, 0x00000000aca00000, 0x00000000acb00000|  0%| F|  |TAMS 0x00000000aca00000, 0x00000000aca00000| Untracked 
| 203|0x00000000acb00000, 0x00000000acb00000, 0x00000000acc00000|  0%| F|  |TAMS 0x00000000acb00000, 0x00000000acb00000| Untracked 
| 204|0x00000000acc00000, 0x00000000acc00000, 0x00000000acd00000|  0%| F|  |TAMS 0x00000000acc00000, 0x00000000acc00000| Untracked 
| 205|0x00000000acd00000, 0x00000000acd00000, 0x00000000ace00000|  0%| F|  |TAMS 0x00000000acd00000, 0x00000000acd00000| Untracked 
| 206|0x00000000ace00000, 0x00000000ace00000, 0x00000000acf00000|  0%| F|  |TAMS 0x00000000ace00000, 0x00000000ace00000| Untracked 
| 207|0x00000000acf00000, 0x00000000acf00000, 0x00000000ad000000|  0%| F|  |TAMS 0x00000000acf00000, 0x00000000acf00000| Untracked 
| 208|0x00000000ad000000, 0x00000000ad000000, 0x00000000ad100000|  0%| F|  |TAMS 0x00000000ad000000, 0x00000000ad000000| Untracked 
| 209|0x00000000ad100000, 0x00000000ad100000, 0x00000000ad200000|  0%| F|  |TAMS 0x00000000ad100000, 0x00000000ad100000| Untracked 
| 210|0x00000000ad200000, 0x00000000ad200000, 0x00000000ad300000|  0%| F|  |TAMS 0x00000000ad200000, 0x00000000ad200000| Untracked 
| 211|0x00000000ad300000, 0x00000000ad300000, 0x00000000ad400000|  0%| F|  |TAMS 0x00000000ad300000, 0x00000000ad300000| Untracked 
| 212|0x00000000ad400000, 0x00000000ad400000, 0x00000000ad500000|  0%| F|  |TAMS 0x00000000ad400000, 0x00000000ad400000| Untracked 
| 213|0x00000000ad500000, 0x00000000ad500000, 0x00000000ad600000|  0%| F|  |TAMS 0x00000000ad500000, 0x00000000ad500000| Untracked 
| 214|0x00000000ad600000, 0x00000000ad600000, 0x00000000ad700000|  0%| F|  |TAMS 0x00000000ad600000, 0x00000000ad600000| Untracked 
| 215|0x00000000ad700000, 0x00000000ad700000, 0x00000000ad800000|  0%| F|  |TAMS 0x00000000ad700000, 0x00000000ad700000| Untracked 
| 216|0x00000000ad800000, 0x00000000ad800000, 0x00000000ad900000|  0%| F|  |TAMS 0x00000000ad800000, 0x00000000ad800000| Untracked 
| 217|0x00000000ad900000, 0x00000000ad900000, 0x00000000ada00000|  0%| F|  |TAMS 0x00000000ad900000, 0x00000000ad900000| Untracked 
| 218|0x00000000ada00000, 0x00000000ada00000, 0x00000000adb00000|  0%| F|  |TAMS 0x00000000ada00000, 0x00000000ada00000| Untracked 
| 219|0x00000000adb00000, 0x00000000adb00000, 0x00000000adc00000|  0%| F|  |TAMS 0x00000000adb00000, 0x00000000adb00000| Untracked 
| 220|0x00000000adc00000, 0x00000000adc00000, 0x00000000add00000|  0%| F|  |TAMS 0x00000000adc00000, 0x00000000adc00000| Untracked 
| 221|0x00000000add00000, 0x00000000add00000, 0x00000000ade00000|  0%| F|  |TAMS 0x00000000add00000, 0x00000000add00000| Untracked 
| 222|0x00000000ade00000, 0x00000000ade00000, 0x00000000adf00000|  0%| F|  |TAMS 0x00000000ade00000, 0x00000000ade00000| Untracked 
| 223|0x00000000adf00000, 0x00000000adf00000, 0x00000000ae000000|  0%| F|  |TAMS 0x00000000adf00000, 0x00000000adf00000| Untracked 
| 224|0x00000000ae000000, 0x00000000ae000000, 0x00000000ae100000|  0%| F|  |TAMS 0x00000000ae000000, 0x00000000ae000000| Untracked 
| 225|0x00000000ae100000, 0x00000000ae100000, 0x00000000ae200000|  0%| F|  |TAMS 0x00000000ae100000, 0x00000000ae100000| Untracked 
| 226|0x00000000ae200000, 0x00000000ae200000, 0x00000000ae300000|  0%| F|  |TAMS 0x00000000ae200000, 0x00000000ae200000| Untracked 
| 227|0x00000000ae300000, 0x00000000ae300000, 0x00000000ae400000|  0%| F|  |TAMS 0x00000000ae300000, 0x00000000ae300000| Untracked 
| 228|0x00000000ae400000, 0x00000000ae400000, 0x00000000ae500000|  0%| F|  |TAMS 0x00000000ae400000, 0x00000000ae400000| Untracked 
| 229|0x00000000ae500000, 0x00000000ae500000, 0x00000000ae600000|  0%| F|  |TAMS 0x00000000ae500000, 0x00000000ae500000| Untracked 
| 230|0x00000000ae600000, 0x00000000ae600000, 0x00000000ae700000|  0%| F|  |TAMS 0x00000000ae600000, 0x00000000ae600000| Untracked 
| 231|0x00000000ae700000, 0x00000000ae700000, 0x00000000ae800000|  0%| F|  |TAMS 0x00000000ae700000, 0x00000000ae700000| Untracked 
| 232|0x00000000ae800000, 0x00000000ae800000, 0x00000000ae900000|  0%| F|  |TAMS 0x00000000ae800000, 0x00000000ae800000| Untracked 
| 233|0x00000000ae900000, 0x00000000ae900000, 0x00000000aea00000|  0%| F|  |TAMS 0x00000000ae900000, 0x00000000ae900000| Untracked 
| 234|0x00000000aea00000, 0x00000000aea00000, 0x00000000aeb00000|  0%| F|  |TAMS 0x00000000aea00000, 0x00000000aea00000| Untracked 
| 235|0x00000000aeb00000, 0x00000000aeb00000, 0x00000000aec00000|  0%| F|  |TAMS 0x00000000aeb00000, 0x00000000aeb00000| Untracked 
| 236|0x00000000aec00000, 0x00000000aec00000, 0x00000000aed00000|  0%| F|  |TAMS 0x00000000aec00000, 0x00000000aec00000| Untracked 
| 237|0x00000000aed00000, 0x00000000aed00000, 0x00000000aee00000|  0%| F|  |TAMS 0x00000000aed00000, 0x00000000aed00000| Untracked 
| 238|0x00000000aee00000, 0x00000000aee00000, 0x00000000aef00000|  0%| F|  |TAMS 0x00000000aee00000, 0x00000000aee00000| Untracked 
| 239|0x00000000aef00000, 0x00000000aef00000, 0x00000000af000000|  0%| F|  |TAMS 0x00000000aef00000, 0x00000000aef00000| Untracked 
| 240|0x00000000af000000, 0x00000000af000000, 0x00000000af100000|  0%| F|  |TAMS 0x00000000af000000, 0x00000000af000000| Untracked 
| 241|0x00000000af100000, 0x00000000af100000, 0x00000000af200000|  0%| F|  |TAMS 0x00000000af100000, 0x00000000af100000| Untracked 
| 242|0x00000000af200000, 0x00000000af200000, 0x00000000af300000|  0%| F|  |TAMS 0x00000000af200000, 0x00000000af200000| Untracked 
| 243|0x00000000af300000, 0x00000000af300000, 0x00000000af400000|  0%| F|  |TAMS 0x00000000af300000, 0x00000000af300000| Untracked 
| 244|0x00000000af400000, 0x00000000af400000, 0x00000000af500000|  0%| F|  |TAMS 0x00000000af400000, 0x00000000af400000| Untracked 
| 245|0x00000000af500000, 0x00000000af500000, 0x00000000af600000|  0%| F|  |TAMS 0x00000000af500000, 0x00000000af500000| Untracked 
| 246|0x00000000af600000, 0x00000000af600000, 0x00000000af700000|  0%| F|  |TAMS 0x00000000af600000, 0x00000000af600000| Untracked 
| 247|0x00000000af700000, 0x00000000af700000, 0x00000000af800000|  0%| F|  |TAMS 0x00000000af700000, 0x00000000af700000| Untracked 
| 248|0x00000000af800000, 0x00000000af800000, 0x00000000af900000|  0%| F|  |TAMS 0x00000000af800000, 0x00000000af800000| Untracked 
| 249|0x00000000af900000, 0x00000000af900000, 0x00000000afa00000|  0%| F|  |TAMS 0x00000000af900000, 0x00000000af900000| Untracked 
| 250|0x00000000afa00000, 0x00000000afa00000, 0x00000000afb00000|  0%| F|  |TAMS 0x00000000afa00000, 0x00000000afa00000| Untracked 
| 251|0x00000000afb00000, 0x00000000afb00000, 0x00000000afc00000|  0%| F|  |TAMS 0x00000000afb00000, 0x00000000afb00000| Untracked 
| 252|0x00000000afc00000, 0x00000000afc00000, 0x00000000afd00000|  0%| F|  |TAMS 0x00000000afc00000, 0x00000000afc00000| Untracked 
| 253|0x00000000afd00000, 0x00000000afd00000, 0x00000000afe00000|  0%| F|  |TAMS 0x00000000afd00000, 0x00000000afd00000| Untracked 
| 254|0x00000000afe00000, 0x00000000afe00000, 0x00000000aff00000|  0%| F|  |TAMS 0x00000000afe00000, 0x00000000afe00000| Untracked 
| 255|0x00000000aff00000, 0x00000000aff00000, 0x00000000b0000000|  0%| F|  |TAMS 0x00000000aff00000, 0x00000000aff00000| Untracked 
| 256|0x00000000b0000000, 0x00000000b0000000, 0x00000000b0100000|  0%| F|  |TAMS 0x00000000b0000000, 0x00000000b0000000| Untracked 
| 257|0x00000000b0100000, 0x00000000b0100000, 0x00000000b0200000|  0%| F|  |TAMS 0x00000000b0100000, 0x00000000b0100000| Untracked 
| 258|0x00000000b0200000, 0x00000000b0200000, 0x00000000b0300000|  0%| F|  |TAMS 0x00000000b0200000, 0x00000000b0200000| Untracked 
| 259|0x00000000b0300000, 0x00000000b0300000, 0x00000000b0400000|  0%| F|  |TAMS 0x00000000b0300000, 0x00000000b0300000| Untracked 
| 260|0x00000000b0400000, 0x00000000b0400000, 0x00000000b0500000|  0%| F|  |TAMS 0x00000000b0400000, 0x00000000b0400000| Untracked 
| 261|0x00000000b0500000, 0x00000000b0500000, 0x00000000b0600000|  0%| F|  |TAMS 0x00000000b0500000, 0x00000000b0500000| Untracked 
| 262|0x00000000b0600000, 0x00000000b0600000, 0x00000000b0700000|  0%| F|  |TAMS 0x00000000b0600000, 0x00000000b0600000| Untracked 
| 263|0x00000000b0700000, 0x00000000b0700000, 0x00000000b0800000|  0%| F|  |TAMS 0x00000000b0700000, 0x00000000b0700000| Untracked 
| 264|0x00000000b0800000, 0x00000000b0800000, 0x00000000b0900000|  0%| F|  |TAMS 0x00000000b0800000, 0x00000000b0800000| Untracked 
| 265|0x00000000b0900000, 0x00000000b0900000, 0x00000000b0a00000|  0%| F|  |TAMS 0x00000000b0900000, 0x00000000b0900000| Untracked 
| 266|0x00000000b0a00000, 0x00000000b0a00000, 0x00000000b0b00000|  0%| F|  |TAMS 0x00000000b0a00000, 0x00000000b0a00000| Untracked 
| 267|0x00000000b0b00000, 0x00000000b0b00000, 0x00000000b0c00000|  0%| F|  |TAMS 0x00000000b0b00000, 0x00000000b0b00000| Untracked 
| 268|0x00000000b0c00000, 0x00000000b0c00000, 0x00000000b0d00000|  0%| F|  |TAMS 0x00000000b0c00000, 0x00000000b0c00000| Untracked 
| 269|0x00000000b0d00000, 0x00000000b0d00000, 0x00000000b0e00000|  0%| F|  |TAMS 0x00000000b0d00000, 0x00000000b0d00000| Untracked 
| 270|0x00000000b0e00000, 0x00000000b0e00000, 0x00000000b0f00000|  0%| F|  |TAMS 0x00000000b0e00000, 0x00000000b0e00000| Untracked 
| 271|0x00000000b0f00000, 0x00000000b0f00000, 0x00000000b1000000|  0%| F|  |TAMS 0x00000000b0f00000, 0x00000000b0f00000| Untracked 
| 272|0x00000000b1000000, 0x00000000b1000000, 0x00000000b1100000|  0%| F|  |TAMS 0x00000000b1000000, 0x00000000b1000000| Untracked 
| 273|0x00000000b1100000, 0x00000000b1140010, 0x00000000b1200000| 25%| S|CS|TAMS 0x00000000b1100000, 0x00000000b1100000| Complete 
| 274|0x00000000b1200000, 0x00000000b1300000, 0x00000000b1300000|100%| S|CS|TAMS 0x00000000b1200000, 0x00000000b1200000| Complete 
| 275|0x00000000b1300000, 0x00000000b1400000, 0x00000000b1400000|100%| S|CS|TAMS 0x00000000b1300000, 0x00000000b1300000| Complete 
| 276|0x00000000b1400000, 0x00000000b1500000, 0x00000000b1500000|100%| S|CS|TAMS 0x00000000b1400000, 0x00000000b1400000| Complete 
| 277|0x00000000b1500000, 0x00000000b1600000, 0x00000000b1600000|100%| S|CS|TAMS 0x00000000b1500000, 0x00000000b1500000| Complete 
| 278|0x00000000b1600000, 0x00000000b1700000, 0x00000000b1700000|100%| S|CS|TAMS 0x00000000b1600000, 0x00000000b1600000| Complete 
| 279|0x00000000b1700000, 0x00000000b1800000, 0x00000000b1800000|100%| S|CS|TAMS 0x00000000b1700000, 0x00000000b1700000| Complete 
| 280|0x00000000b1800000, 0x00000000b1900000, 0x00000000b1900000|100%| S|CS|TAMS 0x00000000b1800000, 0x00000000b1800000| Complete 
| 281|0x00000000b1900000, 0x00000000b1a00000, 0x00000000b1a00000|100%| S|CS|TAMS 0x00000000b1900000, 0x00000000b1900000| Complete 
| 282|0x00000000b1a00000, 0x00000000b1b00000, 0x00000000b1b00000|100%| S|CS|TAMS 0x00000000b1a00000, 0x00000000b1a00000| Complete 
| 283|0x00000000b1b00000, 0x00000000b1c00000, 0x00000000b1c00000|100%| S|CS|TAMS 0x00000000b1b00000, 0x00000000b1b00000| Complete 
| 284|0x00000000b1c00000, 0x00000000b1d00000, 0x00000000b1d00000|100%| S|CS|TAMS 0x00000000b1c00000, 0x00000000b1c00000| Complete 
| 285|0x00000000b1d00000, 0x00000000b1e00000, 0x00000000b1e00000|100%| S|CS|TAMS 0x00000000b1d00000, 0x00000000b1d00000| Complete 
| 286|0x00000000b1e00000, 0x00000000b1f00000, 0x00000000b1f00000|100%| S|CS|TAMS 0x00000000b1e00000, 0x00000000b1e00000| Complete 
| 287|0x00000000b1f00000, 0x00000000b2000000, 0x00000000b2000000|100%| S|CS|TAMS 0x00000000b1f00000, 0x00000000b1f00000| Complete 
| 288|0x00000000b2000000, 0x00000000b2000000, 0x00000000b2100000|  0%| F|  |TAMS 0x00000000b2000000, 0x00000000b2000000| Untracked 
| 289|0x00000000b2100000, 0x00000000b2100000, 0x00000000b2200000|  0%| F|  |TAMS 0x00000000b2100000, 0x00000000b2100000| Untracked 
| 290|0x00000000b2200000, 0x00000000b2200000, 0x00000000b2300000|  0%| F|  |TAMS 0x00000000b2200000, 0x00000000b2200000| Untracked 
| 291|0x00000000b2300000, 0x00000000b2300000, 0x00000000b2400000|  0%| F|  |TAMS 0x00000000b2300000, 0x00000000b2300000| Untracked 
| 292|0x00000000b2400000, 0x00000000b2400000, 0x00000000b2500000|  0%| F|  |TAMS 0x00000000b2400000, 0x00000000b2400000| Untracked 
| 293|0x00000000b2500000, 0x00000000b2500000, 0x00000000b2600000|  0%| F|  |TAMS 0x00000000b2500000, 0x00000000b2500000| Untracked 
| 294|0x00000000b2600000, 0x00000000b2600000, 0x00000000b2700000|  0%| F|  |TAMS 0x00000000b2600000, 0x00000000b2600000| Untracked 
| 295|0x00000000b2700000, 0x00000000b2700000, 0x00000000b2800000|  0%| F|  |TAMS 0x00000000b2700000, 0x00000000b2700000| Untracked 
| 296|0x00000000b2800000, 0x00000000b2800000, 0x00000000b2900000|  0%| F|  |TAMS 0x00000000b2800000, 0x00000000b2800000| Untracked 
| 297|0x00000000b2900000, 0x00000000b2900000, 0x00000000b2a00000|  0%| F|  |TAMS 0x00000000b2900000, 0x00000000b2900000| Untracked 
| 298|0x00000000b2a00000, 0x00000000b2a00000, 0x00000000b2b00000|  0%| F|  |TAMS 0x00000000b2a00000, 0x00000000b2a00000| Untracked 
| 299|0x00000000b2b00000, 0x00000000b2b00000, 0x00000000b2c00000|  0%| F|  |TAMS 0x00000000b2b00000, 0x00000000b2b00000| Untracked 
| 300|0x00000000b2c00000, 0x00000000b2c00000, 0x00000000b2d00000|  0%| F|  |TAMS 0x00000000b2c00000, 0x00000000b2c00000| Untracked 
| 301|0x00000000b2d00000, 0x00000000b2d00000, 0x00000000b2e00000|  0%| F|  |TAMS 0x00000000b2d00000, 0x00000000b2d00000| Untracked 
| 302|0x00000000b2e00000, 0x00000000b2e00000, 0x00000000b2f00000|  0%| F|  |TAMS 0x00000000b2e00000, 0x00000000b2e00000| Untracked 
| 303|0x00000000b2f00000, 0x00000000b2f00000, 0x00000000b3000000|  0%| F|  |TAMS 0x00000000b2f00000, 0x00000000b2f00000| Untracked 
| 304|0x00000000b3000000, 0x00000000b3000000, 0x00000000b3100000|  0%| F|  |TAMS 0x00000000b3000000, 0x00000000b3000000| Untracked 
| 305|0x00000000b3100000, 0x00000000b3100000, 0x00000000b3200000|  0%| F|  |TAMS 0x00000000b3100000, 0x00000000b3100000| Untracked 
| 306|0x00000000b3200000, 0x00000000b3200000, 0x00000000b3300000|  0%| F|  |TAMS 0x00000000b3200000, 0x00000000b3200000| Untracked 
| 307|0x00000000b3300000, 0x00000000b3300000, 0x00000000b3400000|  0%| F|  |TAMS 0x00000000b3300000, 0x00000000b3300000| Untracked 
| 308|0x00000000b3400000, 0x00000000b3400000, 0x00000000b3500000|  0%| F|  |TAMS 0x00000000b3400000, 0x00000000b3400000| Untracked 
| 309|0x00000000b3500000, 0x00000000b3500000, 0x00000000b3600000|  0%| F|  |TAMS 0x00000000b3500000, 0x00000000b3500000| Untracked 
| 310|0x00000000b3600000, 0x00000000b3600000, 0x00000000b3700000|  0%| F|  |TAMS 0x00000000b3600000, 0x00000000b3600000| Untracked 
| 311|0x00000000b3700000, 0x00000000b3700000, 0x00000000b3800000|  0%| F|  |TAMS 0x00000000b3700000, 0x00000000b3700000| Untracked 
| 312|0x00000000b3800000, 0x00000000b3800000, 0x00000000b3900000|  0%| F|  |TAMS 0x00000000b3800000, 0x00000000b3800000| Untracked 
| 313|0x00000000b3900000, 0x00000000b3900000, 0x00000000b3a00000|  0%| F|  |TAMS 0x00000000b3900000, 0x00000000b3900000| Untracked 
| 314|0x00000000b3a00000, 0x00000000b3a00000, 0x00000000b3b00000|  0%| F|  |TAMS 0x00000000b3a00000, 0x00000000b3a00000| Untracked 
| 315|0x00000000b3b00000, 0x00000000b3b00000, 0x00000000b3c00000|  0%| F|  |TAMS 0x00000000b3b00000, 0x00000000b3b00000| Untracked 
| 316|0x00000000b3c00000, 0x00000000b3c00000, 0x00000000b3d00000|  0%| F|  |TAMS 0x00000000b3c00000, 0x00000000b3c00000| Untracked 
| 317|0x00000000b3d00000, 0x00000000b3d00000, 0x00000000b3e00000|  0%| F|  |TAMS 0x00000000b3d00000, 0x00000000b3d00000| Untracked 
| 318|0x00000000b3e00000, 0x00000000b3e00000, 0x00000000b3f00000|  0%| F|  |TAMS 0x00000000b3e00000, 0x00000000b3e00000| Untracked 
| 319|0x00000000b3f00000, 0x00000000b3f00000, 0x00000000b4000000|  0%| F|  |TAMS 0x00000000b3f00000, 0x00000000b3f00000| Untracked 
| 320|0x00000000b4000000, 0x00000000b4000000, 0x00000000b4100000|  0%| F|  |TAMS 0x00000000b4000000, 0x00000000b4000000| Untracked 
| 321|0x00000000b4100000, 0x00000000b4100000, 0x00000000b4200000|  0%| F|  |TAMS 0x00000000b4100000, 0x00000000b4100000| Untracked 
| 322|0x00000000b4200000, 0x00000000b4200000, 0x00000000b4300000|  0%| F|  |TAMS 0x00000000b4200000, 0x00000000b4200000| Untracked 
| 323|0x00000000b4300000, 0x00000000b4300000, 0x00000000b4400000|  0%| F|  |TAMS 0x00000000b4300000, 0x00000000b4300000| Untracked 
| 324|0x00000000b4400000, 0x00000000b4400000, 0x00000000b4500000|  0%| F|  |TAMS 0x00000000b4400000, 0x00000000b4400000| Untracked 
| 325|0x00000000b4500000, 0x00000000b4500000, 0x00000000b4600000|  0%| F|  |TAMS 0x00000000b4500000, 0x00000000b4500000| Untracked 
| 326|0x00000000b4600000, 0x00000000b4600000, 0x00000000b4700000|  0%| F|  |TAMS 0x00000000b4600000, 0x00000000b4600000| Untracked 
| 327|0x00000000b4700000, 0x00000000b4700000, 0x00000000b4800000|  0%| F|  |TAMS 0x00000000b4700000, 0x00000000b4700000| Untracked 
| 328|0x00000000b4800000, 0x00000000b4800000, 0x00000000b4900000|  0%| F|  |TAMS 0x00000000b4800000, 0x00000000b4800000| Untracked 
| 329|0x00000000b4900000, 0x00000000b4900000, 0x00000000b4a00000|  0%| F|  |TAMS 0x00000000b4900000, 0x00000000b4900000| Untracked 
| 330|0x00000000b4a00000, 0x00000000b4a00000, 0x00000000b4b00000|  0%| F|  |TAMS 0x00000000b4a00000, 0x00000000b4a00000| Untracked 
| 331|0x00000000b4b00000, 0x00000000b4b00000, 0x00000000b4c00000|  0%| F|  |TAMS 0x00000000b4b00000, 0x00000000b4b00000| Untracked 
| 332|0x00000000b4c00000, 0x00000000b4c00000, 0x00000000b4d00000|  0%| F|  |TAMS 0x00000000b4c00000, 0x00000000b4c00000| Untracked 
| 333|0x00000000b4d00000, 0x00000000b4d00000, 0x00000000b4e00000|  0%| F|  |TAMS 0x00000000b4d00000, 0x00000000b4d00000| Untracked 
| 334|0x00000000b4e00000, 0x00000000b4e00000, 0x00000000b4f00000|  0%| F|  |TAMS 0x00000000b4e00000, 0x00000000b4e00000| Untracked 
| 335|0x00000000b4f00000, 0x00000000b4f00000, 0x00000000b5000000|  0%| F|  |TAMS 0x00000000b4f00000, 0x00000000b4f00000| Untracked 
| 336|0x00000000b5000000, 0x00000000b5000000, 0x00000000b5100000|  0%| F|  |TAMS 0x00000000b5000000, 0x00000000b5000000| Untracked 
| 337|0x00000000b5100000, 0x00000000b5100000, 0x00000000b5200000|  0%| F|  |TAMS 0x00000000b5100000, 0x00000000b5100000| Untracked 
| 338|0x00000000b5200000, 0x00000000b5200000, 0x00000000b5300000|  0%| F|  |TAMS 0x00000000b5200000, 0x00000000b5200000| Untracked 
| 339|0x00000000b5300000, 0x00000000b5300000, 0x00000000b5400000|  0%| F|  |TAMS 0x00000000b5300000, 0x00000000b5300000| Untracked 
| 340|0x00000000b5400000, 0x00000000b5400000, 0x00000000b5500000|  0%| F|  |TAMS 0x00000000b5400000, 0x00000000b5400000| Untracked 
| 341|0x00000000b5500000, 0x00000000b5500000, 0x00000000b5600000|  0%| F|  |TAMS 0x00000000b5500000, 0x00000000b5500000| Untracked 
| 342|0x00000000b5600000, 0x00000000b5600000, 0x00000000b5700000|  0%| F|  |TAMS 0x00000000b5600000, 0x00000000b5600000| Untracked 
| 343|0x00000000b5700000, 0x00000000b5700000, 0x00000000b5800000|  0%| F|  |TAMS 0x00000000b5700000, 0x00000000b5700000| Untracked 
| 344|0x00000000b5800000, 0x00000000b5800000, 0x00000000b5900000|  0%| F|  |TAMS 0x00000000b5800000, 0x00000000b5800000| Untracked 
| 345|0x00000000b5900000, 0x00000000b5900000, 0x00000000b5a00000|  0%| F|  |TAMS 0x00000000b5900000, 0x00000000b5900000| Untracked 
| 346|0x00000000b5a00000, 0x00000000b5a00000, 0x00000000b5b00000|  0%| F|  |TAMS 0x00000000b5a00000, 0x00000000b5a00000| Untracked 
| 347|0x00000000b5b00000, 0x00000000b5b00000, 0x00000000b5c00000|  0%| F|  |TAMS 0x00000000b5b00000, 0x00000000b5b00000| Untracked 
| 348|0x00000000b5c00000, 0x00000000b5c00000, 0x00000000b5d00000|  0%| F|  |TAMS 0x00000000b5c00000, 0x00000000b5c00000| Untracked 
| 349|0x00000000b5d00000, 0x00000000b5d00000, 0x00000000b5e00000|  0%| F|  |TAMS 0x00000000b5d00000, 0x00000000b5d00000| Untracked 
| 350|0x00000000b5e00000, 0x00000000b5e00000, 0x00000000b5f00000|  0%| F|  |TAMS 0x00000000b5e00000, 0x00000000b5e00000| Untracked 
| 351|0x00000000b5f00000, 0x00000000b5f00000, 0x00000000b6000000|  0%| F|  |TAMS 0x00000000b5f00000, 0x00000000b5f00000| Untracked 
| 352|0x00000000b6000000, 0x00000000b6100000, 0x00000000b6100000|100%| E|  |TAMS 0x00000000b6000000, 0x00000000b6000000| Complete 
| 353|0x00000000b6100000, 0x00000000b6200000, 0x00000000b6200000|100%| E|CS|TAMS 0x00000000b6100000, 0x00000000b6100000| Complete 
| 354|0x00000000b6200000, 0x00000000b6300000, 0x00000000b6300000|100%| E|CS|TAMS 0x00000000b6200000, 0x00000000b6200000| Complete 
| 355|0x00000000b6300000, 0x00000000b6400000, 0x00000000b6400000|100%| E|CS|TAMS 0x00000000b6300000, 0x00000000b6300000| Complete 
| 356|0x00000000b6400000, 0x00000000b6500000, 0x00000000b6500000|100%| E|CS|TAMS 0x00000000b6400000, 0x00000000b6400000| Complete 
| 357|0x00000000b6500000, 0x00000000b6600000, 0x00000000b6600000|100%| E|CS|TAMS 0x00000000b6500000, 0x00000000b6500000| Complete 
| 358|0x00000000b6600000, 0x00000000b6700000, 0x00000000b6700000|100%| E|CS|TAMS 0x00000000b6600000, 0x00000000b6600000| Complete 
| 359|0x00000000b6700000, 0x00000000b6800000, 0x00000000b6800000|100%| E|CS|TAMS 0x00000000b6700000, 0x00000000b6700000| Complete 
| 360|0x00000000b6800000, 0x00000000b6900000, 0x00000000b6900000|100%| E|CS|TAMS 0x00000000b6800000, 0x00000000b6800000| Complete 
| 361|0x00000000b6900000, 0x00000000b6a00000, 0x00000000b6a00000|100%| E|CS|TAMS 0x00000000b6900000, 0x00000000b6900000| Complete 
| 362|0x00000000b6a00000, 0x00000000b6b00000, 0x00000000b6b00000|100%| E|CS|TAMS 0x00000000b6a00000, 0x00000000b6a00000| Complete 
| 363|0x00000000b6b00000, 0x00000000b6c00000, 0x00000000b6c00000|100%| E|CS|TAMS 0x00000000b6b00000, 0x00000000b6b00000| Complete 
| 364|0x00000000b6c00000, 0x00000000b6d00000, 0x00000000b6d00000|100%| E|CS|TAMS 0x00000000b6c00000, 0x00000000b6c00000| Complete 
| 365|0x00000000b6d00000, 0x00000000b6e00000, 0x00000000b6e00000|100%| E|CS|TAMS 0x00000000b6d00000, 0x00000000b6d00000| Complete 
| 366|0x00000000b6e00000, 0x00000000b6f00000, 0x00000000b6f00000|100%| E|CS|TAMS 0x00000000b6e00000, 0x00000000b6e00000| Complete 

Card table byte_map: [0x000002819ead0000,0x000002819edd0000] _byte_map_base: 0x000002819e5d0000

Marking Bits (Prev, Next): (CMBitMap*) 0x0000028189f23590, (CMBitMap*) 0x0000028189f23558
 Prev Bits: [0x00000281a08d0000, 0x00000281a20d0000)
 Next Bits: [0x000002819f0d0000, 0x00000281a08d0000)

Polling page: 0x0000028189ce0000

Metaspace:

Usage:
  Non-class:     93.30 MB capacity,    91.56 MB ( 98%) used,     1.43 MB (  2%) free+waste,   321.06 KB ( <1%) overhead. 
      Class:     14.09 MB capacity,    13.05 MB ( 93%) used,   921.67 KB (  6%) free+waste,   140.81 KB ( <1%) overhead. 
       Both:    107.39 MB capacity,   104.62 MB ( 97%) used,     2.33 MB (  2%) free+waste,   461.88 KB ( <1%) overhead. 

Virtual space:
  Non-class space:       94.00 MB reserved,      93.33 MB (>99%) committed 
      Class space:        1.00 GB reserved,      14.20 MB (  1%) committed 
             Both:        1.09 GB reserved,     107.53 MB ( 10%) committed 

Chunk freelists:
   Non-Class:  30.00 KB
       Class:  3.00 KB
        Both:  33.00 KB

MaxMetaspaceSize: 17179869184.00 GB
CompressedClassSpaceSize: 1.00 GB

CodeHeap 'non-profiled nmethods': size=120064Kb used=12968Kb max_used=13012Kb free=107095Kb
 bounds [0x0000028196c70000, 0x0000028197950000, 0x000002819e1b0000]
CodeHeap 'profiled nmethods': size=120000Kb used=39335Kb max_used=41612Kb free=80664Kb
 bounds [0x000002818f740000, 0x0000028192000000, 0x0000028196c70000]
CodeHeap 'non-nmethods': size=5696Kb used=2380Kb max_used=2464Kb free=3315Kb
 bounds [0x000002818f1b0000, 0x000002818f430000, 0x000002818f740000]
 total_blobs=17871 nmethods=16833 adapters=947
 compilation: enabled
              stopped_count=0, restarted_count=0
 full_count=0

Compilation events (20 events):
Event: 179.569 Thread 0x00000281a4720800 nmethod 18553 0x0000028196dbed90 code [0x0000028196dbef60, 0x0000028196dbf398]
Event: 179.569 Thread 0x00000281a4720800 18324       4       com.android.tools.r8.s.b.W::N2 (81 bytes)
Event: 179.573 Thread 0x00000281a4721800 18857       3       com.android.tools.r8.s.b.l::a (253 bytes)
Event: 179.576 Thread 0x00000281a4721800 nmethod 18857 0x000002818fadda90 code [0x000002818faddfa0, 0x000002818fae1148]
Event: 179.577 Thread 0x00000281a4720800 nmethod 18324 0x0000028196dde290 code [0x0000028196dde460, 0x0000028196dde898]
Event: 179.577 Thread 0x00000281a4720800 18543       4       com.android.tools.r8.ir.regalloc.a::g (106 bytes)
Event: 179.613 Thread 0x00000281a4720800 nmethod 18543 0x0000028196ff8a10 code [0x0000028196ff8d20, 0x0000028196ff9960]
Event: 179.613 Thread 0x00000281a4720800 18858       4       com.android.tools.r8.s.c.b::a (239 bytes)
Event: 179.658 Thread 0x00000281a4721800 18862 %     3       com.android.tools.r8.s.b.o::t @ 14 (55 bytes)
Event: 179.660 Thread 0x00000281a4721800 nmethod 18862% 0x000002818f8d9910 code [0x000002818f8d9be0, 0x000002818f8dab88]
Event: 179.699 Thread 0x00000281a4721800 18867       2       com.android.tools.r8.graph.u::a (19 bytes)
Event: 179.699 Thread 0x00000281a4721800 nmethod 18867 0x000002818f88e410 code [0x000002818f88e5c0, 0x000002818f88e768]
Event: 179.700 Thread 0x00000281a4721800 18868       2       com.android.tools.r8.graph.l0$o::<init> (7 bytes)
Event: 179.700 Thread 0x00000281a4721800 nmethod 18868 0x000002818f885b10 code [0x000002818f885cc0, 0x000002818f885e18]
Event: 179.701 Thread 0x00000281a4721800 18870       2       com.android.tools.r8.code.e2::a (1 bytes)
Event: 179.701 Thread 0x00000281a4721800 nmethod 18870 0x000002818f8a5b90 code [0x000002818f8a5d40, 0x000002818f8a5e38]
Event: 179.704 Thread 0x00000281a4721800 18873       2       com.android.tools.r8.code.A0::a (1 bytes)
Event: 179.705 Thread 0x00000281a4721800 nmethod 18873 0x000002818f8a5810 code [0x000002818f8a59c0, 0x000002818f8a5ab8]
Event: 179.709 Thread 0x00000281a4721800 18878       2       com.android.tools.r8.graph.l0$o::collectIndexedItems (40 bytes)
Event: 179.710 Thread 0x00000281a4721800 nmethod 18878 0x000002818f8b6b90 code [0x000002818f8b6d60, 0x000002818f8b6f48]

GC Heap History (20 events):
Event: 169.172 GC heap before
{Heap before GC invocations=105 (full 0):
 garbage-first heap   total 273408K, used 142343K [0x00000000a0000000, 0x0000000100000000)
  region size 1024K, 18 young (18432K), 7 survivors (7168K)
 Metaspace       used 106901K, capacity 109711K, committed 109856K, reserved 1144832K
  class space    used 13363K, capacity 14424K, committed 14540K, reserved 1048576K
}
Event: 169.189 GC heap after
{Heap after GC invocations=106 (full 0):
 garbage-first heap   total 273408K, used 132621K [0x00000000a0000000, 0x0000000100000000)
  region size 1024K, 7 young (7168K), 7 survivors (7168K)
 Metaspace       used 106901K, capacity 109711K, committed 109856K, reserved 1144832K
  class space    used 13363K, capacity 14424K, committed 14540K, reserved 1048576K
}
Event: 170.647 GC heap before
{Heap before GC invocations=107 (full 0):
 garbage-first heap   total 273408K, used 232973K [0x00000000a0000000, 0x0000000100000000)
  region size 1024K, 105 young (107520K), 7 survivors (7168K)
 Metaspace       used 106978K, capacity 109739K, committed 109856K, reserved 1144832K
  class space    used 13363K, capacity 14424K, committed 14540K, reserved 1048576K
}
Event: 170.682 GC heap after
{Heap after GC invocations=108 (full 0):
 garbage-first heap   total 273408K, used 140391K [0x00000000a0000000, 0x0000000100000000)
  region size 1024K, 14 young (14336K), 14 survivors (14336K)
 Metaspace       used 106978K, capacity 109739K, committed 109856K, reserved 1144832K
  class space    used 13363K, capacity 14424K, committed 14540K, reserved 1048576K
}
Event: 170.699 GC heap before
{Heap before GC invocations=108 (full 0):
 garbage-first heap   total 273408K, used 141415K [0x00000000a0000000, 0x0000000100000000)
  region size 1024K, 15 young (15360K), 14 survivors (14336K)
 Metaspace       used 106978K, capacity 109739K, committed 109856K, reserved 1144832K
  class space    used 13363K, capacity 14424K, committed 14540K, reserved 1048576K
}
Event: 170.738 GC heap after
{Heap after GC invocations=109 (full 0):
 garbage-first heap   total 325632K, used 134376K [0x00000000a0000000, 0x0000000100000000)
  region size 1024K, 2 young (2048K), 2 survivors (2048K)
 Metaspace       used 106978K, capacity 109739K, committed 109856K, reserved 1144832K
  class space    used 13363K, capacity 14424K, committed 14540K, reserved 1048576K
}
Event: 172.342 GC heap before
{Heap before GC invocations=109 (full 0):
 garbage-first heap   total 325632K, used 264424K [0x00000000a0000000, 0x0000000100000000)
  region size 1024K, 128 young (131072K), 2 survivors (2048K)
 Metaspace       used 107003K, capacity 109807K, committed 110112K, reserved 1144832K
  class space    used 13363K, capacity 14424K, committed 14540K, reserved 1048576K
}
Event: 172.384 GC heap after
{Heap after GC invocations=110 (full 0):
 garbage-first heap   total 325632K, used 139643K [0x00000000a0000000, 0x0000000100000000)
  region size 1024K, 8 young (8192K), 8 survivors (8192K)
 Metaspace       used 107003K, capacity 109807K, committed 110112K, reserved 1144832K
  class space    used 13363K, capacity 14424K, committed 14540K, reserved 1048576K
}
Event: 173.550 GC heap before
{Heap before GC invocations=110 (full 0):
 garbage-first heap   total 325632K, used 266619K [0x00000000a0000000, 0x0000000100000000)
  region size 1024K, 133 young (136192K), 8 survivors (8192K)
 Metaspace       used 107054K, capacity 109892K, committed 110112K, reserved 1144832K
  class space    used 13364K, capacity 14426K, committed 14540K, reserved 1048576K
}
Event: 173.582 GC heap after
{Heap after GC invocations=111 (full 0):
 garbage-first heap   total 325632K, used 146607K [0x00000000a0000000, 0x0000000100000000)
  region size 1024K, 14 young (14336K), 14 survivors (14336K)
 Metaspace       used 107054K, capacity 109892K, committed 110112K, reserved 1144832K
  class space    used 13364K, capacity 14426K, committed 14540K, reserved 1048576K
}
Event: 174.559 GC heap before
{Heap before GC invocations=111 (full 0):
 garbage-first heap   total 325632K, used 267439K [0x00000000a0000000, 0x0000000100000000)
  region size 1024K, 132 young (135168K), 14 survivors (14336K)
 Metaspace       used 107083K, capacity 109897K, committed 110112K, reserved 1144832K
  class space    used 13364K, capacity 14426K, committed 14540K, reserved 1048576K
}
Event: 174.610 GC heap after
{Heap after GC invocations=112 (full 0):
 garbage-first heap   total 325632K, used 149098K [0x00000000a0000000, 0x0000000100000000)
  region size 1024K, 11 young (11264K), 11 survivors (11264K)
 Metaspace       used 107083K, capacity 109897K, committed 110112K, reserved 1144832K
  class space    used 13364K, capacity 14426K, committed 14540K, reserved 1048576K
}
Event: 175.744 GC heap before
{Heap before GC invocations=113 (full 0):
 garbage-first heap   total 325632K, used 264810K [0x00000000a0000000, 0x0000000100000000)
  region size 1024K, 125 young (128000K), 11 survivors (11264K)
 Metaspace       used 107094K, capacity 109897K, committed 110112K, reserved 1144832K
  class space    used 13364K, capacity 14426K, committed 14540K, reserved 1048576K
}
Event: 175.770 GC heap after
{Heap after GC invocations=114 (full 0):
 garbage-first heap   total 375808K, used 154094K [0x00000000a0000000, 0x0000000100000000)
  region size 1024K, 10 young (10240K), 10 survivors (10240K)
 Metaspace       used 107094K, capacity 109897K, committed 110112K, reserved 1144832K
  class space    used 13364K, capacity 14426K, committed 14540K, reserved 1048576K
}
Event: 175.887 GC heap before
{Heap before GC invocations=114 (full 0):
 garbage-first heap   total 375808K, used 162286K [0x00000000a0000000, 0x0000000100000000)
  region size 1024K, 18 young (18432K), 10 survivors (10240K)
 Metaspace       used 107094K, capacity 109897K, committed 110112K, reserved 1144832K
  class space    used 13364K, capacity 14426K, committed 14540K, reserved 1048576K
}
Event: 175.915 GC heap after
{Heap after GC invocations=115 (full 0):
 garbage-first heap   total 375808K, used 120832K [0x00000000a0000000, 0x0000000100000000)
  region size 1024K, 2 young (2048K), 2 survivors (2048K)
 Metaspace       used 107094K, capacity 109897K, committed 110112K, reserved 1144832K
  class space    used 13364K, capacity 14426K, committed 14540K, reserved 1048576K
}
Event: 177.866 GC heap before
{Heap before GC invocations=115 (full 0):
 garbage-first heap   total 375808K, used 309248K [0x00000000a0000000, 0x0000000100000000)
  region size 1024K, 186 young (190464K), 2 survivors (2048K)
 Metaspace       used 107099K, capacity 109898K, committed 110112K, reserved 1144832K
  class space    used 13364K, capacity 14426K, committed 14540K, reserved 1048576K
}
Event: 177.891 GC heap after
{Heap after GC invocations=116 (full 0):
 garbage-first heap   total 375808K, used 128000K [0x00000000a0000000, 0x0000000100000000)
  region size 1024K, 9 young (9216K), 9 survivors (9216K)
 Metaspace       used 107099K, capacity 109898K, committed 110112K, reserved 1144832K
  class space    used 13364K, capacity 14426K, committed 14540K, reserved 1048576K
}
Event: 179.202 GC heap before
{Heap before GC invocations=116 (full 0):
 garbage-first heap   total 375808K, used 305152K [0x00000000a0000000, 0x0000000100000000)
  region size 1024K, 182 young (186368K), 9 survivors (9216K)
 Metaspace       used 107117K, capacity 109968K, committed 110112K, reserved 1144832K
  class space    used 13365K, capacity 14428K, committed 14540K, reserved 1048576K
}
Event: 179.225 GC heap after
{Heap after GC invocations=117 (full 0):
 garbage-first heap   total 375808K, used 131435K [0x00000000a0000000, 0x0000000100000000)
  region size 1024K, 13 young (13312K), 13 survivors (13312K)
 Metaspace       used 107117K, capacity 109968K, committed 110112K, reserved 1144832K
  class space    used 13365K, capacity 14428K, committed 14540K, reserved 1048576K
}

Deoptimization events (20 events):
Event: 177.482 Thread 0x00000281a5e1b800 DEOPT PACKING pc=0x0000028191e7dd33 sp=0x000000b1506f9780
Event: 177.482 Thread 0x00000281a5e1b800 DEOPT UNPACKING pc=0x000002818f1d643f sp=0x000000b1506f8f10 mode 0
Event: 177.654 Thread 0x00000281a5e1b800 DEOPT PACKING pc=0x0000028191e7dcf1 sp=0x000000b1506f9780
Event: 177.654 Thread 0x00000281a5e1b800 DEOPT UNPACKING pc=0x000002818f1d643f sp=0x000000b1506f8f10 mode 0
Event: 177.710 Thread 0x00000281a5e1b800 Uncommon trap: trap_request=0xffffff4d fr.pc=0x0000028196d7ed60 relative=0x0000000000000220
Event: 177.710 Thread 0x00000281a5e1b800 Uncommon trap: reason=unstable_if action=reinterpret pc=0x0000028196d7ed60 method=java.util.HashMap.getNode(ILjava/lang/Object;)Ljava/util/HashMap$Node; @ 84 c2
Event: 177.710 Thread 0x00000281a5e1b800 DEOPT PACKING pc=0x0000028196d7ed60 sp=0x000000b1506f9e00
Event: 177.710 Thread 0x00000281a5e1b800 DEOPT UNPACKING pc=0x000002818f1d6029 sp=0x000000b1506f9d00 mode 2
Event: 177.828 Thread 0x00000281a5e1b800 DEOPT PACKING pc=0x0000028191e800f7 sp=0x000000b1506f9780
Event: 177.829 Thread 0x00000281a5e1b800 DEOPT UNPACKING pc=0x000002818f1d643f sp=0x000000b1506f8f08 mode 0
Event: 178.052 Thread 0x00000281a5e1b800 DEOPT PACKING pc=0x0000028191e805b8 sp=0x000000b1506f9780
Event: 178.052 Thread 0x00000281a5e1b800 DEOPT UNPACKING pc=0x000002818f1d643f sp=0x000000b1506f8f10 mode 0
Event: 178.174 Thread 0x00000281a5e1b800 DEOPT PACKING pc=0x0000028191e800f7 sp=0x000000b1506f97a0
Event: 178.174 Thread 0x00000281a5e1b800 DEOPT UNPACKING pc=0x000002818f1d643f sp=0x000000b1506f8f28 mode 0
Event: 178.247 Thread 0x00000281a5e1c800 DEOPT PACKING pc=0x0000028191cf301a sp=0x000000b1508fa780
Event: 178.247 Thread 0x00000281a5e1c800 DEOPT UNPACKING pc=0x000002818f1d643f sp=0x000000b1508f9c40 mode 0
Event: 178.624 Thread 0x00000281a5e1b800 DEOPT PACKING pc=0x0000028191e800f7 sp=0x000000b1506f9780
Event: 178.624 Thread 0x00000281a5e1b800 DEOPT UNPACKING pc=0x000002818f1d643f sp=0x000000b1506f8f08 mode 0
Event: 178.883 Thread 0x00000281a5e1b800 DEOPT PACKING pc=0x0000028191d4b185 sp=0x000000b1506f9e10
Event: 178.884 Thread 0x00000281a5e1b800 DEOPT UNPACKING pc=0x000002818f1d643f sp=0x000000b1506f9318 mode 0

Classes redefined (0 events):
No events

Internal exceptions (20 events):
Event: 169.154 Thread 0x00000281a5e1b800 Exception <a 'sun/nio/fs/WindowsException'{0x00000000b02a9c20}> (0x00000000b02a9c20) thrown at [./src/hotspot/share/prims/jni.cpp, line 615]
Event: 169.878 Thread 0x00000281a7d7d000 Exception <a 'sun/nio/fs/WindowsException'{0x00000000af7d9cc8}> (0x00000000af7d9cc8) thrown at [./src/hotspot/share/prims/jni.cpp, line 615]
Event: 170.442 Thread 0x00000281a5e1d800 Exception <a 'sun/nio/fs/WindowsException'{0x00000000ac11e2d8}> (0x00000000ac11e2d8) thrown at [./src/hotspot/share/prims/jni.cpp, line 615]
Event: 170.524 Thread 0x00000281a7d7d000 Exception <a 'sun/nio/fs/WindowsException'{0x00000000ab489bc8}> (0x00000000ab489bc8) thrown at [./src/hotspot/share/prims/jni.cpp, line 615]
Event: 171.698 Thread 0x00000281a5e1b800 Exception <a 'sun/nio/fs/WindowsException'{0x00000000b0d90c40}> (0x00000000b0d90c40) thrown at [./src/hotspot/share/prims/jni.cpp, line 615]
Event: 171.983 Thread 0x00000281a7d7d000 Exception <a 'sun/nio/fs/WindowsException'{0x00000000ae981300}> (0x00000000ae981300) thrown at [./src/hotspot/share/prims/jni.cpp, line 615]
Event: 172.031 Thread 0x00000281a5e1b800 Exception <a 'sun/nio/fs/WindowsException'{0x00000000ae4da3e0}> (0x00000000ae4da3e0) thrown at [./src/hotspot/share/prims/jni.cpp, line 615]
Event: 172.263 Thread 0x00000281a5e1c800 Exception <a 'sun/nio/fs/WindowsException'{0x00000000ac69f8d0}> (0x00000000ac69f8d0) thrown at [./src/hotspot/share/prims/jni.cpp, line 615]
Event: 172.791 Thread 0x00000281a5e1b800 Exception <a 'sun/nio/fs/WindowsException'{0x00000000b236c500}> (0x00000000b236c500) thrown at [./src/hotspot/share/prims/jni.cpp, line 615]
Event: 172.905 Thread 0x00000281a5e1c800 Exception <a 'sun/nio/fs/WindowsException'{0x00000000b18724d8}> (0x00000000b18724d8) thrown at [./src/hotspot/share/prims/jni.cpp, line 615]
Event: 172.983 Thread 0x00000281a7d7d000 Exception <a 'sun/nio/fs/WindowsException'{0x00000000b0a95660}> (0x00000000b0a95660) thrown at [./src/hotspot/share/prims/jni.cpp, line 615]
Event: 173.022 Thread 0x00000281a5e1b800 Exception <a 'sun/nio/fs/WindowsException'{0x00000000b046ead0}> (0x00000000b046ead0) thrown at [./src/hotspot/share/prims/jni.cpp, line 615]
Event: 173.318 Thread 0x00000281a5e1b800 Exception <a 'sun/nio/fs/WindowsException'{0x00000000ae4651d0}> (0x00000000ae4651d0) thrown at [./src/hotspot/share/prims/jni.cpp, line 615]
Event: 173.746 Thread 0x00000281a5e1b800 Exception <a 'sun/nio/fs/WindowsException'{0x00000000b2435fa0}> (0x00000000b2435fa0) thrown at [./src/hotspot/share/prims/jni.cpp, line 615]
Event: 173.954 Thread 0x00000281a7d7d000 Exception <a 'sun/nio/fs/WindowsException'{0x00000000b08a57c8}> (0x00000000b08a57c8) thrown at [./src/hotspot/share/prims/jni.cpp, line 615]
Event: 174.361 Thread 0x00000281a5e1d800 Exception <a 'sun/nio/fs/WindowsException'{0x00000000adc21050}> (0x00000000adc21050) thrown at [./src/hotspot/share/prims/jni.cpp, line 615]
Event: 174.385 Thread 0x00000281a5e1c800 Exception <a 'sun/nio/fs/WindowsException'{0x00000000ada13058}> (0x00000000ada13058) thrown at [./src/hotspot/share/prims/jni.cpp, line 615]
Event: 174.485 Thread 0x00000281a5e1c800 Exception <a 'sun/nio/fs/WindowsException'{0x00000000ace4cf48}> (0x00000000ace4cf48) thrown at [./src/hotspot/share/prims/jni.cpp, line 615]
Event: 175.398 Thread 0x00000281a5e1c800 Exception <a 'sun/nio/fs/WindowsException'{0x00000000af922b80}> (0x00000000af922b80) thrown at [./src/hotspot/share/prims/jni.cpp, line 615]
Event: 175.586 Thread 0x00000281a5e1c800 Exception <a 'sun/nio/fs/WindowsException'{0x00000000ae2076f8}> (0x00000000ae2076f8) thrown at [./src/hotspot/share/prims/jni.cpp, line 615]

Events (20 events):
Event: 176.751 Thread 0x00000281a50ec800 flushing nmethod 0x0000028190e49610
Event: 176.751 Thread 0x00000281a50ec800 flushing nmethod 0x0000028190e5d190
Event: 176.751 Thread 0x00000281a50ec800 flushing nmethod 0x0000028190e60e10
Event: 176.751 Thread 0x00000281a50ec800 flushing nmethod 0x0000028190e66f90
Event: 176.752 Thread 0x00000281a50ec800 flushing nmethod 0x0000028190f26710
Event: 176.752 Thread 0x00000281a50ec800 flushing nmethod 0x0000028190f30a10
Event: 176.752 Thread 0x00000281a50ec800 flushing nmethod 0x0000028190f40a90
Event: 176.755 Thread 0x00000281a50ec800 flushing nmethod 0x00000281912efb10
Event: 177.866 Executing VM operation: G1CollectForAllocation
Event: 177.891 Executing VM operation: G1CollectForAllocation done
Event: 178.252 loading class com/android/tools/r8/graph/i0
Event: 178.252 loading class com/android/tools/r8/graph/i0 done
Event: 178.277 loading class com/android/tools/r8/s/b/k0
Event: 178.277 loading class com/android/tools/r8/s/b/k0 done
Event: 179.202 Executing VM operation: G1CollectForAllocation
Event: 179.225 Executing VM operation: G1CollectForAllocation done
Event: 179.297 loading class com/android/tools/r8/graph/i0
Event: 179.297 loading class com/android/tools/r8/graph/i0 done
Event: 179.320 Executing VM operation: RevokeBias
Event: 179.321 Executing VM operation: RevokeBias done


Dynamic libraries:
0x00007ff6f8dc0000 - 0x00007ff6f8dca000 	C:\Program Files\Android\Android Studio\jre\bin\java.exe
0x00007ffacc5e0000 - 0x00007ffacc7e9000 	C:\Windows\SYSTEM32\ntdll.dll
0x00007ffaca4e0000 - 0x00007ffaca59d000 	C:\Windows\System32\KERNEL32.DLL
0x00007ffac9cc0000 - 0x00007ffaca034000 	C:\Windows\System32\KERNELBASE.dll
0x00007ffaca330000 - 0x00007ffaca441000 	C:\Windows\System32\ucrtbase.dll
0x00007ffabbf60000 - 0x00007ffabbf79000 	C:\Program Files\Android\Android Studio\jre\bin\jli.dll
0x00007ffacaa30000 - 0x00007ffacabdc000 	C:\Windows\System32\USER32.dll
0x00007ffaca450000 - 0x00007ffaca476000 	C:\Windows\System32\win32u.dll
0x00007ffaca5c0000 - 0x00007ffaca5e9000 	C:\Windows\System32\GDI32.dll
0x00007ffaca040000 - 0x00007ffaca152000 	C:\Windows\System32\gdi32full.dll
0x00007ffaca220000 - 0x00007ffaca2bd000 	C:\Windows\System32\msvcp_win.dll
0x00007ffac6430000 - 0x00007ffac6447000 	C:\Program Files\Android\Android Studio\jre\bin\VCRUNTIME140.dll
0x00007ffac0470000 - 0x00007ffac0715000 	C:\Windows\WinSxS\amd64_microsoft.windows.common-controls_6595b64144ccf1df_6.0.22000.120_none_9d947278b86cc467\COMCTL32.dll
0x00007ffacaee0000 - 0x00007ffacaf83000 	C:\Windows\System32\msvcrt.dll
0x00007ffacc550000 - 0x00007ffacc581000 	C:\Windows\System32\IMM32.DLL
0x00007ffaa92a0000 - 0x00007ffaa933d000 	C:\Program Files\Android\Android Studio\jre\bin\msvcp140.dll
0x00007ffa7bc80000 - 0x00007ffa7c755000 	C:\Program Files\Android\Android Studio\jre\bin\server\jvm.dll
0x00007ffacb130000 - 0x00007ffacb1de000 	C:\Windows\System32\ADVAPI32.dll
0x00007ffacc4b0000 - 0x00007ffacc54e000 	C:\Windows\System32\sechost.dll
0x00007ffacc120000 - 0x00007ffacc240000 	C:\Windows\System32\RPCRT4.dll
0x00007ffacbf50000 - 0x00007ffacbf58000 	C:\Windows\System32\PSAPI.DLL
0x00007ffac6410000 - 0x00007ffac6419000 	C:\Windows\SYSTEM32\WSOCK32.dll
0x00007ffacc440000 - 0x00007ffacc4af000 	C:\Windows\System32\WS2_32.dll
0x00007ffac0720000 - 0x00007ffac0753000 	C:\Windows\SYSTEM32\WINMM.dll
0x00007ffac0820000 - 0x00007ffac082a000 	C:\Windows\SYSTEM32\VERSION.dll
0x00007ffac8bd0000 - 0x00007ffac8be8000 	C:\Windows\SYSTEM32\kernel.appcore.dll
0x00007ffabe0f0000 - 0x00007ffabe101000 	C:\Program Files\Android\Android Studio\jre\bin\verify.dll
0x00007ffabba90000 - 0x00007ffabbcb1000 	C:\Windows\SYSTEM32\DBGHELP.DLL
0x00007ffabb930000 - 0x00007ffabb961000 	C:\Windows\SYSTEM32\dbgcore.DLL
0x00007ffac9c40000 - 0x00007ffac9cbf000 	C:\Windows\System32\bcryptPrimitives.dll
0x00007ffabda00000 - 0x00007ffabda29000 	C:\Program Files\Android\Android Studio\jre\bin\java.dll
0x00007ffac5ad0000 - 0x00007ffac5adb000 	C:\Program Files\Android\Android Studio\jre\bin\jimage.dll
0x00007ffabd340000 - 0x00007ffabd358000 	C:\Program Files\Android\Android Studio\jre\bin\zip.dll
0x00007ffacb730000 - 0x00007ffacbede000 	C:\Windows\System32\SHELL32.dll
0x00007ffac7c40000 - 0x00007ffac84a8000 	C:\Windows\SYSTEM32\windows.storage.dll
0x00007ffaca6b0000 - 0x00007ffacaa28000 	C:\Windows\System32\combase.dll
0x00007ffac7ad0000 - 0x00007ffac7c36000 	C:\Windows\SYSTEM32\wintypes.dll
0x00007ffacadf0000 - 0x00007ffacaeda000 	C:\Windows\System32\SHCORE.dll
0x00007ffaca480000 - 0x00007ffaca4dd000 	C:\Windows\System32\shlwapi.dll
0x00007ffac9a00000 - 0x00007ffac9a21000 	C:\Windows\SYSTEM32\profapi.dll
0x00007ffabd100000 - 0x00007ffabd11a000 	C:\Program Files\Android\Android Studio\jre\bin\net.dll
0x00007ffac1f10000 - 0x00007ffac201c000 	C:\Windows\SYSTEM32\WINHTTP.dll
0x00007ffac9000000 - 0x00007ffac9067000 	C:\Windows\system32\mswsock.dll
0x00007ffabcf80000 - 0x00007ffabcf94000 	C:\Program Files\Android\Android Studio\jre\bin\nio.dll
0x00007ffac6450000 - 0x00007ffac6477000 	C:\Users\amirn\.gradle\native\f6784746aeab05261644944871eae4fe03e0ef1612fff0a4a95f87b438bc6780\windows-amd64\native-platform.dll
0x00007ffac5aa0000 - 0x00007ffac5aaa000 	C:\Program Files\Android\Android Studio\jre\bin\management.dll
0x00007ffabd670000 - 0x00007ffabd67d000 	C:\Program Files\Android\Android Studio\jre\bin\management_ext.dll
0x00007ffac9240000 - 0x00007ffac9258000 	C:\Windows\SYSTEM32\CRYPTSP.dll
0x00007ffac8b30000 - 0x00007ffac8b65000 	C:\Windows\system32\rsaenh.dll
0x00007ffac90f0000 - 0x00007ffac9119000 	C:\Windows\SYSTEM32\USERENV.dll
0x00007ffac94b0000 - 0x00007ffac94d7000 	C:\Windows\SYSTEM32\bcrypt.dll
0x00007ffac9260000 - 0x00007ffac926c000 	C:\Windows\SYSTEM32\CRYPTBASE.dll
0x00007ffac86f0000 - 0x00007ffac871d000 	C:\Windows\SYSTEM32\IPHLPAPI.DLL
0x00007ffacb090000 - 0x00007ffacb099000 	C:\Windows\System32\NSI.dll
0x00007ffac1ef0000 - 0x00007ffac1f09000 	C:\Windows\SYSTEM32\dhcpcsvc6.DLL
0x00007ffac21a0000 - 0x00007ffac21be000 	C:\Windows\SYSTEM32\dhcpcsvc.DLL
0x00007ffac8720000 - 0x00007ffac8807000 	C:\Windows\SYSTEM32\DNSAPI.dll
0x00007ffac1300000 - 0x00007ffac130c000 	C:\Windows\SYSTEM32\WINNSI.DLL
0x00007ffab96c0000 - 0x00007ffab96e7000 	C:\Program Files\Android\Android Studio\jre\bin\sunec.dll
0x00007ffabe1f0000 - 0x00007ffabe1fa000 	C:\Windows\System32\rasadhlp.dll
0x00007ffabe970000 - 0x00007ffabe9f1000 	C:\Windows\System32\fwpuclnt.dll
0x00007ffaacdb0000 - 0x00007ffaacf55000 	C:\Program Files\Android\Android Studio\jre\bin\awt.dll
0x00007ffacafb0000 - 0x00007ffacb086000 	C:\Windows\System32\OLEAUT32.dll
0x00007ffac7600000 - 0x00007ffac762f000 	C:\Windows\SYSTEM32\dwmapi.dll
0x00007ffac7100000 - 0x00007ffac7191000 	C:\Windows\SYSTEM32\apphelp.dll
0x00007ffac73c0000 - 0x00007ffac746c000 	C:\Windows\system32\uxtheme.dll
0x00007ffac7260000 - 0x00007ffac7294000 	C:\Windows\SYSTEM32\ntmarta.dll

dbghelp: loaded successfully - version: 4.0.5 - missing functions: none
symbol engine: initialized successfully - sym options: 0x614 - pdb path: .;C:\Program Files\Android\Android Studio\jre\bin;C:\Windows\SYSTEM32;C:\Windows\WinSxS\amd64_microsoft.windows.common-controls_6595b64144ccf1df_6.0.22000.120_none_9d947278b86cc467;C:\Program Files\Android\Android Studio\jre\bin\server;C:\Users\amirn\.gradle\native\f6784746aeab05261644944871eae4fe03e0ef1612fff0a4a95f87b438bc6780\windows-amd64

VM Arguments:
jvm_args: --add-opens=java.base/java.util=ALL-UNNAMED --add-opens=java.base/java.lang=ALL-UNNAMED --add-opens=java.base/java.lang.invoke=ALL-UNNAMED --add-opens=java.prefs/java.util.prefs=ALL-UNNAMED -Xmx1536m -Dfile.encoding=windows-1252 -Duser.country=US -Duser.language=en -Duser.variant 
java_command: org.gradle.launcher.daemon.bootstrap.GradleDaemon 6.5
java_class_path (initial): C:\Users\amirn\.gradle\wrapper\dists\gradle-6.5-bin\6nifqtx7604sqp1q6g8wikw7p\gradle-6.5\lib\gradle-launcher-6.5.jar
Launcher Type: SUN_STANDARD

[Global flags]
     intx CICompilerCount                          = 3                                         {product} {ergonomic}
     uint ConcGCThreads                            = 1                                         {product} {ergonomic}
     uint G1ConcRefinementThreads                  = 4                                         {product} {ergonomic}
   size_t G1HeapRegionSize                         = 1048576                                   {product} {ergonomic}
    uintx GCDrainStackTargetSize                   = 64                                        {product} {ergonomic}
   size_t InitialHeapSize                          = 134217728                                 {product} {ergonomic}
   size_t MarkStackSize                            = 4194304                                   {product} {ergonomic}
   size_t MaxHeapSize                              = 1610612736                                {product} {command line}
   size_t MaxNewSize                               = 965738496                                 {product} {ergonomic}
   size_t MinHeapDeltaBytes                        = 1048576                                   {product} {ergonomic}
    uintx NonNMethodCodeHeapSize                   = 5830732                                {pd product} {ergonomic}
    uintx NonProfiledCodeHeapSize                  = 122913754                              {pd product} {ergonomic}
    uintx ProfiledCodeHeapSize                     = 122913754                              {pd product} {ergonomic}
    uintx ReservedCodeCacheSize                    = 251658240                              {pd product} {ergonomic}
     bool SegmentedCodeCache                       = true                                      {product} {ergonomic}
     bool UseCompressedClassPointers               = true                                 {lp64_product} {ergonomic}
     bool UseCompressedOops                        = true                                 {lp64_product} {ergonomic}
     bool UseG1GC                                  = true                                      {product} {ergonomic}
     bool UseLargePagesIndividualAllocation        = false                                  {pd product} {ergonomic}

Logging:
Log output configuration:
 #0: stdout all=warning uptime,level,tags
 #1: stderr all=off uptime,level,tags

Environment Variables:
PATH=C:\Program Files (x86)\Common Files\Oracle\Java\javapath;C:\Program Files\Common Files\Oracle\Java\javapath;C:\Program Files (x86)\NVIDIA Corporation\PhysX\Common;C:\Windows\system32;C:\Windows;C:\Windows\System32\Wbem;C:\Windows\System32\WindowsPowerShell\v1.0\;C:\Windows\System32\OpenSSH\;C:\Program Files\Git\cmd;C:\Program Files\dotnet\;C:\Users\amirn\AppData\Local\Microsoft\WindowsApps;
USERNAME=iamnovinfar.ir
OS=Windows_NT
PROCESSOR_IDENTIFIER=AMD64 Family 16 Model 5 Stepping 2, AuthenticAMD



---------------  S Y S T E M  ---------------

OS: Windows 10 , 64 bit Build 22000 (10.0.22000.434)
OS uptime: 0 days 7:08 hours

CPU:total 4 (initial active 4) (4 cores per cpu, 1 threads per core) family 16 model 5 stepping 2 microcode 0x0, cmov, cx8, fxsr, mmx, sse, sse2, sse3, popcnt, mmxext, 3dnowpref, lzcnt, sse4a, tsc, tscinvbit, tscinv

Memory: 4k page, system-wide physical 8191M (394M free)
TotalPageFile size 11775M (AvailPageFile size 1904M)
current process WorkingSet (physical memory assigned to process): 732M, peak: 736M
current process commit charge ("private bytes"): 764M, peak: 772M

vm_info: OpenJDK 64-Bit Server VM (11.0.11+9-b60-7590822) for windows-amd64 JRE (11.0.11+9-b60-7590822), built on Jul 29 2021 21:43:44 by "builder" with MS VC++ 14.0 (VS2015)

END.
