#
# A fatal error has been detected by the Java Runtime Environment:
#
#  Internal Error (./src/hotspot/share/opto/machnode.cpp:67), pid=11840, tid=32
#  Error: ShouldNotCall()
#
# JRE version: OpenJDK Runtime Environment (11.0.11+9) (build 11.0.11+9-b60-7590822)
# Java VM: OpenJDK 64-Bit Server VM (11.0.11+9-b60-7590822, mixed mode, tiered, compressed oops, g1 gc, windows-amd64)
# No core dump will be written. Minidumps are not enabled by default on client versions of Windows
#
# If you would like to submit a bug report, please visit:
#   https://bugreport.java.com/bugreport/crash.jsp
#

---------------  S U M M A R Y ------------

Command Line: --add-opens=java.base/java.util=ALL-UNNAMED --add-opens=java.base/java.lang=ALL-UNNAMED --add-opens=java.base/java.lang.invoke=ALL-UNNAMED --add-opens=java.prefs/java.util.prefs=ALL-UNNAMED -Xmx1536m -Dfile.encoding=windows-1252 -Duser.country=US -Duser.language=en -Duser.variant org.gradle.launcher.daemon.bootstrap.GradleDaemon 6.5

Host: AMD Athlon(tm) II X4 620 Processor, 4 cores, 7G,  Windows 10 , 64 bit Build 22000 (10.0.22000.434)
Time: Thu Mar 17 00:44:27 2022 Iran Standard Time elapsed time: 222.823619 seconds (0d 0h 3m 42s)

---------------  T H R E A D  ---------------

Current thread (0x0000024441bcb000):  JavaThread "C2 CompilerThread1" daemon [_thread_in_native, id=32, stack(0x0000004c82400000,0x0000004c82500000)]


Current CompileTask:
C2: 222823 16743       4       org.gradle.api.internal.artifacts.DefaultImmutableModuleIdentifierFactory::module (74 bytes)

Stack: [0x0000004c82400000,0x0000004c82500000]
Native frames: (J=compiled Java code, j=interpreted, Vv=VM code, C=native code)
V  [jvm.dll+0x5f214a]
V  [jvm.dll+0x726fb5]
V  [jvm.dll+0x7285cd]
V  [jvm.dll+0x728c37]
V  [jvm.dll+0x2431cc]
V  [jvm.dll+0x243103]
V  [jvm.dll+0x51c6d5]
V  [jvm.dll+0x2609a]
V  [jvm.dll+0x5f90f2]
V  [jvm.dll+0x5f783f]
V  [jvm.dll+0x1fc533]
V  [jvm.dll+0x1fb3d4]
V  [jvm.dll+0x183d6c]
V  [jvm.dll+0x209a57]
V  [jvm.dll+0x2082a1]
V  [jvm.dll+0x6ef58f]
V  [jvm.dll+0x6e80b5]
V  [jvm.dll+0x5f1036]
C  [ucrtbase.dll+0x26c0c]
C  [KERNEL32.DLL+0x154e0]
C  [ntdll.dll+0x485b]


---------------  P R O C E S S  ---------------

Threads class SMR info:
_java_thread_list=0x000002443cc66a80, length=136, elements={
0x000002441d10b000, 0x00000244359e9800, 0x00000244359ec000, 0x0000024435a09000,
0x0000024435a09800, 0x0000024435a0a800, 0x0000024435a10800, 0x0000024435a3d000,
0x0000024435a3e000, 0x00000244364ab000, 0x00000244373e5800, 0x0000024437a53800,
0x000002443739d000, 0x000002443739e000, 0x0000024437137000, 0x000002443671c800,
0x0000024436722000, 0x000002443671d800, 0x0000024438304800, 0x0000024438305000,
0x000002443700d800, 0x0000024437012000, 0x0000024437010000, 0x0000024437011000,
0x000002443700c000, 0x000002443700d000, 0x000002443700f800, 0x0000024437016000,
0x0000024437014800, 0x0000024437015000, 0x0000024437016800, 0x0000024437017800,
0x0000024437019000, 0x0000024437013800, 0x000002443701a000, 0x0000024438306000,
0x0000024438303800, 0x0000024438308800, 0x000002443830b000, 0x000002443830a000,
0x0000024438306800, 0x000002443830c800, 0x0000024438307800, 0x000002443830f000,
0x0000024438309000, 0x0000024438310800, 0x0000024438311800, 0x000002443830b800,
0x0000024438312000, 0x000002443671f000, 0x0000024436720800, 0x0000024436723000,
0x0000024436721800, 0x000002443671e000, 0x0000024436720000, 0x0000024440519800,
0x000002444051a800, 0x000002444051b000, 0x0000024440516800, 0x0000024440518800,
0x000002444051c000, 0x000002444051d000, 0x0000024440517000, 0x000002444051d800,
0x0000024440518000, 0x0000024440522800, 0x000002444051f800, 0x000002444051e800,
0x0000024440520000, 0x0000024440523800, 0x0000024440524000, 0x0000024440521800,
0x0000024440521000, 0x0000024440525000, 0x000002443d5a3000, 0x000002443d5a1000,
0x000002443d59d800, 0x000002443d5a4000, 0x000002443d5a1800, 0x000002443d59e800,
0x000002443d5a2800, 0x000002443d5a5000, 0x000002443d59f000, 0x000002443d5a5800,
0x000002443d5a0000, 0x000002443d5ab800, 0x000002443d5a8000, 0x000002443d5a9000,
0x000002443d5ac000, 0x000002443d5a9800, 0x000002443d5a6800, 0x000002443d5aa800,
0x000002443d5a7800, 0x000002443fddf800, 0x000002443fde4000, 0x000002443fde2000,
0x000002443fde0800, 0x000002443fde4800, 0x000002443fde3000, 0x000002443fde1800,
0x000002443fddf000, 0x000002443fde5800, 0x000002443fdeb000, 0x000002443fde7000,
0x000002443fde6000, 0x000002443fde8800, 0x000002443fde8000, 0x000002443fdec000,
0x000002443fdec800, 0x000002443fdea800, 0x000002443fded800, 0x000002443fde9800,
0x000002443f97f000, 0x000002443f985000, 0x000002443f984000, 0x000002443f983000,
0x000002443f980800, 0x000002443f985800, 0x000002443f980000, 0x000002443f981800,
0x000002443f988000, 0x000002443f986800, 0x000002443f987000, 0x000002443f982800,
0x000002443f98e000, 0x000002443f989000, 0x000002443f989800, 0x000002443f98a800,
0x000002443f98d000, 0x000002443f98b800, 0x000002443c42d000, 0x000002443c42c000,
0x000002443c432000, 0x000002443c438800, 0x0000024441bcb000, 0x0000024441bc5000
}

Java Threads: ( => current thread )
  0x000002441d10b000 JavaThread "main" [_thread_blocked, id=9676, stack(0x0000004cffc00000,0x0000004cffd00000)]
  0x00000244359e9800 JavaThread "Reference Handler" daemon [_thread_blocked, id=12784, stack(0x0000004c80300000,0x0000004c80400000)]
  0x00000244359ec000 JavaThread "Finalizer" daemon [_thread_blocked, id=9932, stack(0x0000004c80400000,0x0000004c80500000)]
  0x0000024435a09000 JavaThread "Signal Dispatcher" daemon [_thread_blocked, id=2804, stack(0x0000004c80600000,0x0000004c80700000)]
  0x0000024435a09800 JavaThread "Attach Listener" daemon [_thread_blocked, id=12384, stack(0x0000004c80700000,0x0000004c80800000)]
  0x0000024435a0a800 JavaThread "Service Thread" daemon [_thread_blocked, id=13840, stack(0x0000004c80800000,0x0000004c80900000)]
  0x0000024435a10800 JavaThread "C2 CompilerThread0" daemon [_thread_in_native, id=11468, stack(0x0000004c80900000,0x0000004c80a00000)]
  0x0000024435a3d000 JavaThread "C1 CompilerThread0" daemon [_thread_blocked, id=14104, stack(0x0000004c80a00000,0x0000004c80b00000)]
  0x0000024435a3e000 JavaThread "Sweeper thread" daemon [_thread_blocked, id=11976, stack(0x0000004c80b00000,0x0000004c80c00000)]
  0x00000244364ab000 JavaThread "Common-Cleaner" daemon [_thread_blocked, id=14308, stack(0x0000004c80c00000,0x0000004c80d00000)]
  0x00000244373e5800 JavaThread "Daemon health stats" [_thread_blocked, id=13632, stack(0x0000004c81000000,0x0000004c81100000)]
  0x0000024437a53800 JavaThread "Incoming local TCP Connector on port 63277" [_thread_in_native, id=13904, stack(0x0000004c81300000,0x0000004c81400000)]
  0x000002443739d000 JavaThread "Daemon periodic checks" [_thread_blocked, id=2316, stack(0x0000004c81400000,0x0000004c81500000)]
  0x000002443739e000 JavaThread "Daemon" [_thread_blocked, id=13684, stack(0x0000004c81500000,0x0000004c81600000)]
  0x0000024437137000 JavaThread "Daemon worker" [_thread_in_vm, id=1144, stack(0x0000004c81800000,0x0000004c81900000)]
  0x000002443671c800 JavaThread "Cache worker for journal cache (C:\Users\amirn\.gradle\caches\journal-1)" [_thread_blocked, id=3784, stack(0x0000004c81d00000,0x0000004c81e00000)]
  0x0000024436722000 JavaThread "File lock request listener" [_thread_in_native, id=5772, stack(0x0000004c81e00000,0x0000004c81f00000)]
  0x000002443671d800 JavaThread "Cache worker for file hash cache (C:\Users\amirn\.gradle\caches\6.5\fileHashes)" [_thread_blocked, id=13572, stack(0x0000004c81f00000,0x0000004c82000000)]
  0x0000024438304800 JavaThread "Cache worker for execution history cache (C:\Users\amirn\.gradle\caches\6.5\executionHistory)" [_thread_blocked, id=12948, stack(0x0000004c84000000,0x0000004c84100000)]
  0x0000024438305000 JavaThread "Cache worker for file content cache (C:\Users\amirn\.gradle\caches\6.5\fileContent)" [_thread_blocked, id=10996, stack(0x0000004c83f00000,0x0000004c84000000)]
  0x000002443700d800 JavaThread "Memory manager" [_thread_blocked, id=10100, stack(0x0000004c82200000,0x0000004c82300000)]
  0x0000024437012000 JavaThread "Handler for socket connection from /127.0.0.1:63277 to /127.0.0.1:63314" [_thread_in_native, id=3928, stack(0x0000004c80500000,0x0000004c80600000)]
  0x0000024437010000 JavaThread "Cancel handler" [_thread_blocked, id=11716, stack(0x0000004c81600000,0x0000004c81700000)]
  0x0000024437011000 JavaThread "Asynchronous log dispatcher for DefaultDaemonConnection: socket connection from /127.0.0.1:63277 to /127.0.0.1:63314" [_thread_blocked, id=12308, stack(0x0000004c81700000,0x0000004c81800000)]
  0x000002443700c000 JavaThread "Stdin handler" [_thread_blocked, id=10336, stack(0x0000004c81900000,0x0000004c81a00000)]
  0x000002443700d000 JavaThread "Thread-151" [_thread_blocked, id=5860, stack(0x0000004c81a00000,0x0000004c81b00000)]
  0x000002443700f800 JavaThread "Cache worker for file hash cache (C:\Users\amirn\Desktop\ScientistProject\.gradle\6.5\fileHashes)" [_thread_blocked, id=10728, stack(0x0000004c81b00000,0x0000004c81c00000)]
  0x0000024437016000 JavaThread "Cache worker for checksums cache (C:\Users\amirn\Desktop\ScientistProject\.gradle\checksums)" [_thread_blocked, id=11560, stack(0x0000004c82000000,0x0000004c82100000)]
  0x0000024437014800 JavaThread "Cache worker for cache directory md-supplier (C:\Users\amirn\.gradle\caches\6.5\md-supplier)" [_thread_blocked, id=1180, stack(0x0000004c82100000,0x0000004c82200000)]
  0x0000024437015000 JavaThread "Cache worker for cache directory md-rule (C:\Users\amirn\.gradle\caches\6.5\md-rule)" [_thread_blocked, id=11188, stack(0x0000004c82300000,0x0000004c82400000)]
  0x0000024437016800 JavaThread "Build operations" [_thread_blocked, id=7952, stack(0x0000004c82500000,0x0000004c82600000)]
  0x0000024437017800 JavaThread "Build operations Thread 2" [_thread_blocked, id=9656, stack(0x0000004c82600000,0x0000004c82700000)]
  0x0000024437019000 JavaThread "Build operations Thread 3" [_thread_blocked, id=14656, stack(0x0000004c82700000,0x0000004c82800000)]
  0x0000024437013800 JavaThread "Build operations Thread 4" [_thread_blocked, id=11536, stack(0x0000004c82800000,0x0000004c82900000)]
  0x000002443701a000 JavaThread "jar transforms Thread 119" [_thread_blocked, id=13024, stack(0x0000004c82900000,0x0000004c82a00000)]
  0x0000024438306000 JavaThread "jar transforms Thread 120" [_thread_blocked, id=11832, stack(0x0000004c82a00000,0x0000004c82b00000)]
  0x0000024438303800 JavaThread "jar transforms Thread 121" [_thread_blocked, id=12036, stack(0x0000004c82b00000,0x0000004c82c00000)]
  0x0000024438308800 JavaThread "jar transforms Thread 122" [_thread_blocked, id=11196, stack(0x0000004c82c00000,0x0000004c82d00000)]
  0x000002443830b000 JavaThread "jar transforms Thread 123" [_thread_blocked, id=2896, stack(0x0000004c82d00000,0x0000004c82e00000)]
  0x000002443830a000 JavaThread "jar transforms Thread 124" [_thread_blocked, id=13532, stack(0x0000004c82e00000,0x0000004c82f00000)]
  0x0000024438306800 JavaThread "jar transforms Thread 125" [_thread_blocked, id=12324, stack(0x0000004c82f00000,0x0000004c83000000)]
  0x000002443830c800 JavaThread "jar transforms Thread 126" [_thread_blocked, id=9128, stack(0x0000004c83000000,0x0000004c83100000)]
  0x0000024438307800 JavaThread "jar transforms Thread 127" [_thread_blocked, id=15032, stack(0x0000004c83100000,0x0000004c83200000)]
  0x000002443830f000 JavaThread "jar transforms Thread 128" [_thread_blocked, id=740, stack(0x0000004c83200000,0x0000004c83300000)]
  0x0000024438309000 JavaThread "jar transforms Thread 129" [_thread_blocked, id=15204, stack(0x0000004c83300000,0x0000004c83400000)]
  0x0000024438310800 JavaThread "jar transforms Thread 130" [_thread_blocked, id=9820, stack(0x0000004c83400000,0x0000004c83500000)]
  0x0000024438311800 JavaThread "jar transforms Thread 131" [_thread_blocked, id=424, stack(0x0000004c83500000,0x0000004c83600000)]
  0x000002443830b800 JavaThread "jar transforms Thread 132" [_thread_blocked, id=1700, stack(0x0000004c83600000,0x0000004c83700000)]
  0x0000024438312000 JavaThread "jar transforms Thread 133" [_thread_blocked, id=10300, stack(0x0000004c83700000,0x0000004c83800000)]
  0x000002443671f000 JavaThread "jar transforms Thread 134" [_thread_blocked, id=8808, stack(0x0000004c83800000,0x0000004c83900000)]
  0x0000024436720800 JavaThread "jar transforms Thread 135" [_thread_blocked, id=13624, stack(0x0000004c83900000,0x0000004c83a00000)]
  0x0000024436723000 JavaThread "jar transforms Thread 136" [_thread_blocked, id=12244, stack(0x0000004c83a00000,0x0000004c83b00000)]
  0x0000024436721800 JavaThread "jar transforms Thread 137" [_thread_blocked, id=5420, stack(0x0000004c83b00000,0x0000004c83c00000)]
  0x000002443671e000 JavaThread "jar transforms Thread 138" [_thread_blocked, id=5924, stack(0x0000004c83c00000,0x0000004c83d00000)]
  0x0000024436720000 JavaThread "jar transforms Thread 139" [_thread_blocked, id=14732, stack(0x0000004c83d00000,0x0000004c83e00000)]
  0x0000024440519800 JavaThread "jar transforms Thread 140" [_thread_blocked, id=12828, stack(0x0000004c83e00000,0x0000004c83f00000)]
  0x000002444051a800 JavaThread "jar transforms Thread 141" [_thread_blocked, id=5200, stack(0x0000004c84200000,0x0000004c84300000)]
  0x000002444051b000 JavaThread "jar transforms Thread 142" [_thread_blocked, id=14004, stack(0x0000004c84400000,0x0000004c84500000)]
  0x0000024440516800 JavaThread "jar transforms Thread 143" [_thread_blocked, id=10832, stack(0x0000004c84500000,0x0000004c84600000)]
  0x0000024440518800 JavaThread "jar transforms Thread 144" [_thread_blocked, id=11524, stack(0x0000004c84600000,0x0000004c84700000)]
  0x000002444051c000 JavaThread "jar transforms Thread 145" [_thread_blocked, id=14660, stack(0x0000004c84700000,0x0000004c84800000)]
  0x000002444051d000 JavaThread "jar transforms Thread 146" [_thread_blocked, id=14876, stack(0x0000004c84800000,0x0000004c84900000)]
  0x0000024440517000 JavaThread "jar transforms Thread 147" [_thread_blocked, id=12668, stack(0x0000004c84900000,0x0000004c84a00000)]
  0x000002444051d800 JavaThread "jar transforms Thread 148" [_thread_blocked, id=1172, stack(0x0000004c84a00000,0x0000004c84b00000)]
  0x0000024440518000 JavaThread "jar transforms Thread 149" [_thread_blocked, id=12224, stack(0x0000004c84b00000,0x0000004c84c00000)]
  0x0000024440522800 JavaThread "jar transforms Thread 150" [_thread_blocked, id=6492, stack(0x0000004c84c00000,0x0000004c84d00000)]
  0x000002444051f800 JavaThread "jar transforms Thread 151" [_thread_blocked, id=560, stack(0x0000004c84d00000,0x0000004c84e00000)]
  0x000002444051e800 JavaThread "jar transforms Thread 152" [_thread_blocked, id=5900, stack(0x0000004c84e00000,0x0000004c84f00000)]
  0x0000024440520000 JavaThread "jar transforms Thread 153" [_thread_blocked, id=9144, stack(0x0000004c84f00000,0x0000004c85000000)]
  0x0000024440523800 JavaThread "jar transforms Thread 154" [_thread_blocked, id=15164, stack(0x0000004c85000000,0x0000004c85100000)]
  0x0000024440524000 JavaThread "jar transforms Thread 155" [_thread_blocked, id=10916, stack(0x0000004c85100000,0x0000004c85200000)]
  0x0000024440521800 JavaThread "jar transforms Thread 156" [_thread_blocked, id=128, stack(0x0000004c85200000,0x0000004c85300000)]
  0x0000024440521000 JavaThread "jar transforms Thread 157" [_thread_blocked, id=13832, stack(0x0000004c85300000,0x0000004c85400000)]
  0x0000024440525000 JavaThread "jar transforms Thread 158" [_thread_blocked, id=4364, stack(0x0000004c85400000,0x0000004c85500000)]
  0x000002443d5a3000 JavaThread "jar transforms Thread 159" [_thread_blocked, id=14452, stack(0x0000004c85500000,0x0000004c85600000)]
  0x000002443d5a1000 JavaThread "jar transforms Thread 160" [_thread_blocked, id=9424, stack(0x0000004c85600000,0x0000004c85700000)]
  0x000002443d59d800 JavaThread "jar transforms Thread 161" [_thread_blocked, id=11316, stack(0x0000004c85700000,0x0000004c85800000)]
  0x000002443d5a4000 JavaThread "jar transforms Thread 162" [_thread_blocked, id=12824, stack(0x0000004c85800000,0x0000004c85900000)]
  0x000002443d5a1800 JavaThread "jar transforms Thread 163" [_thread_blocked, id=10516, stack(0x0000004c85900000,0x0000004c85a00000)]
  0x000002443d59e800 JavaThread "jar transforms Thread 164" [_thread_blocked, id=13776, stack(0x0000004c85a00000,0x0000004c85b00000)]
  0x000002443d5a2800 JavaThread "jar transforms Thread 165" [_thread_blocked, id=14512, stack(0x0000004c85b00000,0x0000004c85c00000)]
  0x000002443d5a5000 JavaThread "jar transforms Thread 166" [_thread_blocked, id=11664, stack(0x0000004c85c00000,0x0000004c85d00000)]
  0x000002443d59f000 JavaThread "jar transforms Thread 167" [_thread_blocked, id=11796, stack(0x0000004c85d00000,0x0000004c85e00000)]
  0x000002443d5a5800 JavaThread "jar transforms Thread 168" [_thread_blocked, id=13812, stack(0x0000004c85e00000,0x0000004c85f00000)]
  0x000002443d5a0000 JavaThread "jar transforms Thread 169" [_thread_blocked, id=3924, stack(0x0000004c85f00000,0x0000004c86000000)]
  0x000002443d5ab800 JavaThread "jar transforms Thread 170" [_thread_blocked, id=4416, stack(0x0000004c86000000,0x0000004c86100000)]
  0x000002443d5a8000 JavaThread "jar transforms Thread 171" [_thread_blocked, id=564, stack(0x0000004c86100000,0x0000004c86200000)]
  0x000002443d5a9000 JavaThread "jar transforms Thread 172" [_thread_blocked, id=15020, stack(0x0000004c86200000,0x0000004c86300000)]
  0x000002443d5ac000 JavaThread "jar transforms Thread 173" [_thread_blocked, id=5092, stack(0x0000004c86300000,0x0000004c86400000)]
  0x000002443d5a9800 JavaThread "jar transforms Thread 174" [_thread_blocked, id=2464, stack(0x0000004c86400000,0x0000004c86500000)]
  0x000002443d5a6800 JavaThread "jar transforms Thread 175" [_thread_blocked, id=12476, stack(0x0000004c86500000,0x0000004c86600000)]
  0x000002443d5aa800 JavaThread "jar transforms Thread 176" [_thread_blocked, id=4976, stack(0x0000004c86600000,0x0000004c86700000)]
  0x000002443d5a7800 JavaThread "jar transforms Thread 177" [_thread_blocked, id=13860, stack(0x0000004c86700000,0x0000004c86800000)]
  0x000002443fddf800 JavaThread "jar transforms Thread 178" [_thread_blocked, id=14996, stack(0x0000004c86800000,0x0000004c86900000)]
  0x000002443fde4000 JavaThread "jar transforms Thread 179" [_thread_blocked, id=13692, stack(0x0000004c86900000,0x0000004c86a00000)]
  0x000002443fde2000 JavaThread "jar transforms Thread 180" [_thread_blocked, id=13332, stack(0x0000004c86a00000,0x0000004c86b00000)]
  0x000002443fde0800 JavaThread "jar transforms Thread 181" [_thread_blocked, id=11848, stack(0x0000004c86b00000,0x0000004c86c00000)]
  0x000002443fde4800 JavaThread "jar transforms Thread 182" [_thread_blocked, id=1800, stack(0x0000004c86c00000,0x0000004c86d00000)]
  0x000002443fde3000 JavaThread "jar transforms Thread 183" [_thread_blocked, id=10372, stack(0x0000004c86d00000,0x0000004c86e00000)]
  0x000002443fde1800 JavaThread "jar transforms Thread 184" [_thread_blocked, id=11644, stack(0x0000004c86e00000,0x0000004c86f00000)]
  0x000002443fddf000 JavaThread "jar transforms Thread 185" [_thread_blocked, id=12364, stack(0x0000004c86f00000,0x0000004c87000000)]
  0x000002443fde5800 JavaThread "jar transforms Thread 186" [_thread_blocked, id=9972, stack(0x0000004c87000000,0x0000004c87100000)]
  0x000002443fdeb000 JavaThread "jar transforms Thread 187" [_thread_blocked, id=6036, stack(0x0000004c87100000,0x0000004c87200000)]
  0x000002443fde7000 JavaThread "jar transforms Thread 188" [_thread_blocked, id=4020, stack(0x0000004c87200000,0x0000004c87300000)]
  0x000002443fde6000 JavaThread "jar transforms Thread 189" [_thread_blocked, id=13232, stack(0x0000004c87300000,0x0000004c87400000)]
  0x000002443fde8800 JavaThread "jar transforms Thread 190" [_thread_blocked, id=10272, stack(0x0000004c87400000,0x0000004c87500000)]
  0x000002443fde8000 JavaThread "jar transforms Thread 191" [_thread_blocked, id=11236, stack(0x0000004c87500000,0x0000004c87600000)]
  0x000002443fdec000 JavaThread "jar transforms Thread 192" [_thread_blocked, id=11624, stack(0x0000004c87600000,0x0000004c87700000)]
  0x000002443fdec800 JavaThread "jar transforms Thread 193" [_thread_blocked, id=3988, stack(0x0000004c87700000,0x0000004c87800000)]
  0x000002443fdea800 JavaThread "jar transforms Thread 194" [_thread_blocked, id=6148, stack(0x0000004c87800000,0x0000004c87900000)]
  0x000002443fded800 JavaThread "jar transforms Thread 195" [_thread_blocked, id=5360, stack(0x0000004c87900000,0x0000004c87a00000)]
  0x000002443fde9800 JavaThread "jar transforms Thread 196" [_thread_blocked, id=9508, stack(0x0000004c87a00000,0x0000004c87b00000)]
  0x000002443f97f000 JavaThread "jar transforms Thread 197" [_thread_blocked, id=12424, stack(0x0000004c87b00000,0x0000004c87c00000)]
  0x000002443f985000 JavaThread "jar transforms Thread 198" [_thread_blocked, id=13520, stack(0x0000004c87c00000,0x0000004c87d00000)]
  0x000002443f984000 JavaThread "jar transforms Thread 199" [_thread_blocked, id=15116, stack(0x0000004c87d00000,0x0000004c87e00000)]
  0x000002443f983000 JavaThread "jar transforms Thread 200" [_thread_blocked, id=4204, stack(0x0000004c87e00000,0x0000004c87f00000)]
  0x000002443f980800 JavaThread "jar transforms Thread 201" [_thread_blocked, id=12852, stack(0x0000004c87f00000,0x0000004c88000000)]
  0x000002443f985800 JavaThread "jar transforms Thread 202" [_thread_blocked, id=10596, stack(0x0000004c88000000,0x0000004c88100000)]
  0x000002443f980000 JavaThread "jar transforms Thread 203" [_thread_blocked, id=2412, stack(0x0000004c88100000,0x0000004c88200000)]
  0x000002443f981800 JavaThread "jar transforms Thread 204" [_thread_blocked, id=9896, stack(0x0000004c88200000,0x0000004c88300000)]
  0x000002443f988000 JavaThread "jar transforms Thread 205" [_thread_blocked, id=13044, stack(0x0000004c88300000,0x0000004c88400000)]
  0x000002443f986800 JavaThread "jar transforms Thread 206" [_thread_blocked, id=6128, stack(0x0000004c88400000,0x0000004c88500000)]
  0x000002443f987000 JavaThread "jar transforms Thread 207" [_thread_blocked, id=8768, stack(0x0000004c88500000,0x0000004c88600000)]
  0x000002443f982800 JavaThread "jar transforms Thread 208" [_thread_blocked, id=7528, stack(0x0000004c88600000,0x0000004c88700000)]
  0x000002443f98e000 JavaThread "jar transforms Thread 209" [_thread_blocked, id=656, stack(0x0000004c88700000,0x0000004c88800000)]
  0x000002443f989000 JavaThread "jar transforms Thread 210" [_thread_blocked, id=10580, stack(0x0000004c88800000,0x0000004c88900000)]
  0x000002443f989800 JavaThread "Cache worker for Build Output Cleanup Cache (C:\Users\amirn\Desktop\ScientistProject\.gradle\buildOutputCleanup)" [_thread_blocked, id=10780, stack(0x0000004c88900000,0x0000004c88a00000)]
  0x000002443f98a800 JavaThread "Cache worker for file content cache (C:\Users\amirn\Desktop\ScientistProject\.gradle\6.5\fileContent)" [_thread_blocked, id=12432, stack(0x0000004c81100000,0x0000004c81200000)]
  0x000002443f98d000 JavaThread "Execution worker for ':'" [_thread_in_native, id=11544, stack(0x0000004c88a00000,0x0000004c88b00000)]
  0x000002443f98b800 JavaThread "Execution worker for ':' Thread 2" [_thread_blocked, id=9976, stack(0x0000004c88b00000,0x0000004c88c00000)]
  0x000002443c42d000 JavaThread "Execution worker for ':' Thread 3" [_thread_in_native, id=8384, stack(0x0000004c88c00000,0x0000004c88d00000)]
  0x000002443c42c000 JavaThread "Cache worker for execution history cache (C:\Users\amirn\Desktop\ScientistProject\.gradle\6.5\executionHistory)" [_thread_blocked, id=11608, stack(0x0000004c88d00000,0x0000004c88e00000)]
  0x000002443c432000 JavaThread "WorkerExecutor Queue Thread 4" [_thread_blocked, id=11900, stack(0x0000004c89a00000,0x0000004c89b00000)]
  0x000002443c438800 JavaThread "Java2D Disposer" daemon [_thread_blocked, id=1508, stack(0x0000004c89d00000,0x0000004c89e00000)]
=>0x0000024441bcb000 JavaThread "C2 CompilerThread1" daemon [_thread_in_native, id=32, stack(0x0000004c82400000,0x0000004c82500000)]
  0x0000024441bc5000 JavaThread "WorkerExecutor Queue Thread 6" [_thread_blocked, id=12864, stack(0x0000004c81200000,0x0000004c81300000)]

Other Threads:
  0x00000244359c4000 VMThread "VM Thread" [stack: 0x0000004c80200000,0x0000004c80300000] [id=10800]
  0x00000244364fa800 WatcherThread [stack: 0x0000004c80d00000,0x0000004c80e00000] [id=15324]
  0x000002441d125800 GCTaskThread "GC Thread#0" [stack: 0x0000004cffd00000,0x0000004cffe00000] [id=3248]
  0x0000024436a72000 GCTaskThread "GC Thread#1" [stack: 0x0000004c80e00000,0x0000004c80f00000] [id=13584]
  0x00000244369a8000 GCTaskThread "GC Thread#2" [stack: 0x0000004c80f00000,0x0000004c81000000] [id=5476]
  0x000002443708d800 GCTaskThread "GC Thread#3" [stack: 0x0000004c81c00000,0x0000004c81d00000] [id=13144]
  0x000002441d14a000 ConcurrentGCThread "G1 Main Marker" [stack: 0x0000004cffe00000,0x0000004cfff00000] [id=13464]
  0x000002441d14b800 ConcurrentGCThread "G1 Conc#0" [stack: 0x0000004cfff00000,0x0000004d00000000] [id=6012]
  0x000002441d1dc800 ConcurrentGCThread "G1 Refine#0" [stack: 0x0000004c80000000,0x0000004c80100000] [id=11540]
  0x000002441d1dd800 ConcurrentGCThread "G1 Young RemSet Sampling" [stack: 0x0000004c80100000,0x0000004c80200000] [id=8352]

Threads with active compile tasks:
C2 CompilerThread0 223052 16796       4       com.android.tools.r8.utils.T::u (160 bytes)
C2 CompilerThread1 223052 16743       4       org.gradle.api.internal.artifacts.DefaultImmutableModuleIdentifierFactory::module (74 bytes)

VM state:not at safepoint (normal execution)

VM Mutex/Monitor currently owned by a thread: None

Heap address: 0x00000000a0000000, size: 1536 MB, Compressed Oops mode: 32-bit
Narrow klass base: 0x0000000000000000, Narrow klass shift: 3
Compressed class space size: 1073741824 Address: 0x0000000100000000

Heap:
 garbage-first heap   total 157696K, used 132113K [0x00000000a0000000, 0x0000000100000000)
  region size 1024K, 17 young (17408K), 3 survivors (3072K)
 Metaspace       used 112723K, capacity 115790K, committed 116000K, reserved 1150976K
  class space    used 13778K, capacity 14898K, committed 14976K, reserved 1048576K
Heap Regions: E=young(eden), S=young(survivor), O=old, HS=humongous(starts), HC=humongous(continues), CS=collection set, F=free, A=archive, TAMS=top-at-mark-start (previous, next)
|   0|0x00000000a0000000, 0x00000000a0100000, 0x00000000a0100000|100%| O|  |TAMS 0x00000000a0100000, 0x00000000a0100000| Untracked 
|   1|0x00000000a0100000, 0x00000000a0200000, 0x00000000a0200000|100%| O|  |TAMS 0x00000000a0200000, 0x00000000a0200000| Untracked 
|   2|0x00000000a0200000, 0x00000000a0300000, 0x00000000a0300000|100%| O|  |TAMS 0x00000000a0300000, 0x00000000a0300000| Untracked 
|   3|0x00000000a0300000, 0x00000000a0400000, 0x00000000a0400000|100%|HS|  |TAMS 0x00000000a0400000, 0x00000000a0400000| Complete 
|   4|0x00000000a0400000, 0x00000000a0500000, 0x00000000a0500000|100%|HC|  |TAMS 0x00000000a0500000, 0x00000000a0500000| Complete 
|   5|0x00000000a0500000, 0x00000000a0600000, 0x00000000a0600000|100%|HC|  |TAMS 0x00000000a0600000, 0x00000000a0600000| Complete 
|   6|0x00000000a0600000, 0x00000000a0700000, 0x00000000a0700000|100%| O|  |TAMS 0x00000000a0700000, 0x00000000a0700000| Untracked 
|   7|0x00000000a0700000, 0x00000000a0800000, 0x00000000a0800000|100%| O|  |TAMS 0x00000000a0800000, 0x00000000a0800000| Untracked 
|   8|0x00000000a0800000, 0x00000000a0900000, 0x00000000a0900000|100%| O|  |TAMS 0x00000000a0900000, 0x00000000a0900000| Untracked 
|   9|0x00000000a0900000, 0x00000000a0a00000, 0x00000000a0a00000|100%| O|  |TAMS 0x00000000a0a00000, 0x00000000a0a00000| Untracked 
|  10|0x00000000a0a00000, 0x00000000a0b00000, 0x00000000a0b00000|100%| O|  |TAMS 0x00000000a0b00000, 0x00000000a0b00000| Untracked 
|  11|0x00000000a0b00000, 0x00000000a0c00000, 0x00000000a0c00000|100%| O|  |TAMS 0x00000000a0c00000, 0x00000000a0c00000| Untracked 
|  12|0x00000000a0c00000, 0x00000000a0d00000, 0x00000000a0d00000|100%| O|  |TAMS 0x00000000a0d00000, 0x00000000a0d00000| Untracked 
|  13|0x00000000a0d00000, 0x00000000a0e00000, 0x00000000a0e00000|100%|HS|  |TAMS 0x00000000a0e00000, 0x00000000a0e00000| Complete 
|  14|0x00000000a0e00000, 0x00000000a0f00000, 0x00000000a0f00000|100%|HC|  |TAMS 0x00000000a0f00000, 0x00000000a0f00000| Complete 
|  15|0x00000000a0f00000, 0x00000000a1000000, 0x00000000a1000000|100%|HS|  |TAMS 0x00000000a1000000, 0x00000000a1000000| Complete 
|  16|0x00000000a1000000, 0x00000000a1100000, 0x00000000a1100000|100%|HC|  |TAMS 0x00000000a1100000, 0x00000000a1100000| Complete 
|  17|0x00000000a1100000, 0x00000000a1200000, 0x00000000a1200000|100%|HC|  |TAMS 0x00000000a1200000, 0x00000000a1200000| Complete 
|  18|0x00000000a1200000, 0x00000000a1300000, 0x00000000a1300000|100%|HS|  |TAMS 0x00000000a1300000, 0x00000000a1300000| Complete 
|  19|0x00000000a1300000, 0x00000000a1400000, 0x00000000a1400000|100%|HC|  |TAMS 0x00000000a1400000, 0x00000000a1400000| Complete 
|  20|0x00000000a1400000, 0x00000000a1500000, 0x00000000a1500000|100%|HC|  |TAMS 0x00000000a1500000, 0x00000000a1500000| Complete 
|  21|0x00000000a1500000, 0x00000000a1600000, 0x00000000a1600000|100%|HC|  |TAMS 0x00000000a1600000, 0x00000000a1600000| Complete 
|  22|0x00000000a1600000, 0x00000000a1700000, 0x00000000a1700000|100%| O|  |TAMS 0x00000000a1700000, 0x00000000a1700000| Untracked 
|  23|0x00000000a1700000, 0x00000000a1800000, 0x00000000a1800000|100%| O|  |TAMS 0x00000000a1800000, 0x00000000a1800000| Untracked 
|  24|0x00000000a1800000, 0x00000000a1900000, 0x00000000a1900000|100%| O|  |TAMS 0x00000000a1900000, 0x00000000a1900000| Untracked 
|  25|0x00000000a1900000, 0x00000000a1a00000, 0x00000000a1a00000|100%| O|  |TAMS 0x00000000a1a00000, 0x00000000a1a00000| Untracked 
|  26|0x00000000a1a00000, 0x00000000a1b00000, 0x00000000a1b00000|100%| O|  |TAMS 0x00000000a1a00000, 0x00000000a1b00000| Untracked 
|  27|0x00000000a1b00000, 0x00000000a1c00000, 0x00000000a1c00000|100%| O|  |TAMS 0x00000000a1c00000, 0x00000000a1c00000| Untracked 
|  28|0x00000000a1c00000, 0x00000000a1d00000, 0x00000000a1d00000|100%| O|  |TAMS 0x00000000a1d00000, 0x00000000a1d00000| Untracked 
|  29|0x00000000a1d00000, 0x00000000a1e00000, 0x00000000a1e00000|100%| O|  |TAMS 0x00000000a1e00000, 0x00000000a1e00000| Untracked 
|  30|0x00000000a1e00000, 0x00000000a1f00000, 0x00000000a1f00000|100%| O|  |TAMS 0x00000000a1f00000, 0x00000000a1f00000| Untracked 
|  31|0x00000000a1f00000, 0x00000000a2000000, 0x00000000a2000000|100%| O|  |TAMS 0x00000000a2000000, 0x00000000a2000000| Untracked 
|  32|0x00000000a2000000, 0x00000000a2100000, 0x00000000a2100000|100%| O|  |TAMS 0x00000000a2100000, 0x00000000a2100000| Untracked 
|  33|0x00000000a2100000, 0x00000000a2200000, 0x00000000a2200000|100%| O|  |TAMS 0x00000000a2200000, 0x00000000a2200000| Untracked 
|  34|0x00000000a2200000, 0x00000000a2300000, 0x00000000a2300000|100%| O|  |TAMS 0x00000000a2300000, 0x00000000a2300000| Untracked 
|  35|0x00000000a2300000, 0x00000000a2400000, 0x00000000a2400000|100%| O|  |TAMS 0x00000000a2400000, 0x00000000a2400000| Untracked 
|  36|0x00000000a2400000, 0x00000000a2500000, 0x00000000a2500000|100%| O|  |TAMS 0x00000000a2500000, 0x00000000a2500000| Untracked 
|  37|0x00000000a2500000, 0x00000000a2600000, 0x00000000a2600000|100%| O|  |TAMS 0x00000000a2600000, 0x00000000a2600000| Untracked 
|  38|0x00000000a2600000, 0x00000000a2700000, 0x00000000a2700000|100%| O|  |TAMS 0x00000000a2700000, 0x00000000a2700000| Untracked 
|  39|0x00000000a2700000, 0x00000000a2800000, 0x00000000a2800000|100%| O|  |TAMS 0x00000000a2800000, 0x00000000a2800000| Untracked 
|  40|0x00000000a2800000, 0x00000000a2900000, 0x00000000a2900000|100%| O|  |TAMS 0x00000000a2900000, 0x00000000a2900000| Untracked 
|  41|0x00000000a2900000, 0x00000000a2a00000, 0x00000000a2a00000|100%| O|  |TAMS 0x00000000a2a00000, 0x00000000a2a00000| Untracked 
|  42|0x00000000a2a00000, 0x00000000a2b00000, 0x00000000a2b00000|100%| O|  |TAMS 0x00000000a2b00000, 0x00000000a2b00000| Untracked 
|  43|0x00000000a2b00000, 0x00000000a2c00000, 0x00000000a2c00000|100%| O|  |TAMS 0x00000000a2c00000, 0x00000000a2c00000| Untracked 
|  44|0x00000000a2c00000, 0x00000000a2d00000, 0x00000000a2d00000|100%|HS|  |TAMS 0x00000000a2d00000, 0x00000000a2d00000| Complete 
|  45|0x00000000a2d00000, 0x00000000a2e00000, 0x00000000a2e00000|100%|HS|  |TAMS 0x00000000a2e00000, 0x00000000a2e00000| Complete 
|  46|0x00000000a2e00000, 0x00000000a2f00000, 0x00000000a2f00000|100%|HC|  |TAMS 0x00000000a2f00000, 0x00000000a2f00000| Complete 
|  47|0x00000000a2f00000, 0x00000000a3000000, 0x00000000a3000000|100%| O|  |TAMS 0x00000000a3000000, 0x00000000a3000000| Untracked 
|  48|0x00000000a3000000, 0x00000000a3100000, 0x00000000a3100000|100%| O|  |TAMS 0x00000000a3100000, 0x00000000a3100000| Untracked 
|  49|0x00000000a3100000, 0x00000000a3200000, 0x00000000a3200000|100%| O|  |TAMS 0x00000000a3200000, 0x00000000a3200000| Untracked 
|  50|0x00000000a3200000, 0x00000000a3300000, 0x00000000a3300000|100%| O|  |TAMS 0x00000000a3300000, 0x00000000a3300000| Untracked 
|  51|0x00000000a3300000, 0x00000000a3400000, 0x00000000a3400000|100%| O|  |TAMS 0x00000000a3400000, 0x00000000a3400000| Untracked 
|  52|0x00000000a3400000, 0x00000000a3500000, 0x00000000a3500000|100%| O|  |TAMS 0x00000000a3500000, 0x00000000a3500000| Untracked 
|  53|0x00000000a3500000, 0x00000000a3600000, 0x00000000a3600000|100%| O|  |TAMS 0x00000000a3600000, 0x00000000a3600000| Untracked 
|  54|0x00000000a3600000, 0x00000000a3700000, 0x00000000a3700000|100%| O|  |TAMS 0x00000000a3700000, 0x00000000a3700000| Untracked 
|  55|0x00000000a3700000, 0x00000000a3800000, 0x00000000a3800000|100%| O|  |TAMS 0x00000000a3800000, 0x00000000a3800000| Untracked 
|  56|0x00000000a3800000, 0x00000000a3900000, 0x00000000a3900000|100%| O|  |TAMS 0x00000000a3900000, 0x00000000a3900000| Untracked 
|  57|0x00000000a3900000, 0x00000000a3a00000, 0x00000000a3a00000|100%| O|  |TAMS 0x00000000a3a00000, 0x00000000a3a00000| Untracked 
|  58|0x00000000a3a00000, 0x00000000a3b00000, 0x00000000a3b00000|100%| O|  |TAMS 0x00000000a3b00000, 0x00000000a3b00000| Untracked 
|  59|0x00000000a3b00000, 0x00000000a3c00000, 0x00000000a3c00000|100%| O|  |TAMS 0x00000000a3c00000, 0x00000000a3c00000| Untracked 
|  60|0x00000000a3c00000, 0x00000000a3d00000, 0x00000000a3d00000|100%| O|  |TAMS 0x00000000a3d00000, 0x00000000a3d00000| Untracked 
|  61|0x00000000a3d00000, 0x00000000a3e00000, 0x00000000a3e00000|100%| O|  |TAMS 0x00000000a3e00000, 0x00000000a3e00000| Untracked 
|  62|0x00000000a3e00000, 0x00000000a3f00000, 0x00000000a3f00000|100%|HS|  |TAMS 0x00000000a3f00000, 0x00000000a3f00000| Complete 
|  63|0x00000000a3f00000, 0x00000000a4000000, 0x00000000a4000000|100%|HC|  |TAMS 0x00000000a4000000, 0x00000000a4000000| Complete 
|  64|0x00000000a4000000, 0x00000000a4100000, 0x00000000a4100000|100%|HS|  |TAMS 0x00000000a4100000, 0x00000000a4100000| Complete 
|  65|0x00000000a4100000, 0x00000000a4200000, 0x00000000a4200000|100%|HC|  |TAMS 0x00000000a4200000, 0x00000000a4200000| Complete 
|  66|0x00000000a4200000, 0x00000000a4300000, 0x00000000a4300000|100%|HC|  |TAMS 0x00000000a4300000, 0x00000000a4300000| Complete 
|  67|0x00000000a4300000, 0x00000000a4400000, 0x00000000a4400000|100%|HS|  |TAMS 0x00000000a4400000, 0x00000000a4400000| Complete 
|  68|0x00000000a4400000, 0x00000000a4500000, 0x00000000a4500000|100%|HC|  |TAMS 0x00000000a4500000, 0x00000000a4500000| Complete 
|  69|0x00000000a4500000, 0x00000000a4600000, 0x00000000a4600000|100%|HC|  |TAMS 0x00000000a4600000, 0x00000000a4600000| Complete 
|  70|0x00000000a4600000, 0x00000000a4700000, 0x00000000a4700000|100%|HC|  |TAMS 0x00000000a4700000, 0x00000000a4700000| Complete 
|  71|0x00000000a4700000, 0x00000000a4800000, 0x00000000a4800000|100%| O|  |TAMS 0x00000000a4700000, 0x00000000a4800000| Untracked 
|  72|0x00000000a4800000, 0x00000000a4900000, 0x00000000a4900000|100%| O|  |TAMS 0x00000000a4900000, 0x00000000a4900000| Untracked 
|  73|0x00000000a4900000, 0x00000000a4a00000, 0x00000000a4a00000|100%| O|  |TAMS 0x00000000a4a00000, 0x00000000a4a00000| Untracked 
|  74|0x00000000a4a00000, 0x00000000a4b00000, 0x00000000a4b00000|100%| O|  |TAMS 0x00000000a4b00000, 0x00000000a4b00000| Untracked 
|  75|0x00000000a4b00000, 0x00000000a4c00000, 0x00000000a4c00000|100%| O|  |TAMS 0x00000000a4c00000, 0x00000000a4c00000| Untracked 
|  76|0x00000000a4c00000, 0x00000000a4d00000, 0x00000000a4d00000|100%| O|  |TAMS 0x00000000a4d00000, 0x00000000a4d00000| Untracked 
|  77|0x00000000a4d00000, 0x00000000a4e00000, 0x00000000a4e00000|100%| O|  |TAMS 0x00000000a4e00000, 0x00000000a4e00000| Untracked 
|  78|0x00000000a4e00000, 0x00000000a4f00000, 0x00000000a4f00000|100%| O|  |TAMS 0x00000000a4f00000, 0x00000000a4f00000| Untracked 
|  79|0x00000000a4f00000, 0x00000000a5000000, 0x00000000a5000000|100%| O|  |TAMS 0x00000000a5000000, 0x00000000a5000000| Untracked 
|  80|0x00000000a5000000, 0x00000000a5100000, 0x00000000a5100000|100%| O|  |TAMS 0x00000000a5100000, 0x00000000a5100000| Untracked 
|  81|0x00000000a5100000, 0x00000000a5200000, 0x00000000a5200000|100%| O|  |TAMS 0x00000000a5200000, 0x00000000a5200000| Untracked 
|  82|0x00000000a5200000, 0x00000000a5300000, 0x00000000a5300000|100%| O|  |TAMS 0x00000000a5300000, 0x00000000a5300000| Untracked 
|  83|0x00000000a5300000, 0x00000000a5400000, 0x00000000a5400000|100%| O|  |TAMS 0x00000000a5400000, 0x00000000a5400000| Untracked 
|  84|0x00000000a5400000, 0x00000000a5500000, 0x00000000a5500000|100%| O|  |TAMS 0x00000000a5500000, 0x00000000a5500000| Untracked 
|  85|0x00000000a5500000, 0x00000000a5600000, 0x00000000a5600000|100%| O|  |TAMS 0x00000000a5600000, 0x00000000a5600000| Untracked 
|  86|0x00000000a5600000, 0x00000000a5700000, 0x00000000a5700000|100%| O|  |TAMS 0x00000000a5700000, 0x00000000a5700000| Untracked 
|  87|0x00000000a5700000, 0x00000000a5800000, 0x00000000a5800000|100%| O|  |TAMS 0x00000000a5700000, 0x00000000a5800000| Untracked 
|  88|0x00000000a5800000, 0x00000000a5900000, 0x00000000a5900000|100%| O|  |TAMS 0x00000000a5900000, 0x00000000a5900000| Untracked 
|  89|0x00000000a5900000, 0x00000000a5a00000, 0x00000000a5a00000|100%| O|  |TAMS 0x00000000a5a00000, 0x00000000a5a00000| Untracked 
|  90|0x00000000a5a00000, 0x00000000a5b00000, 0x00000000a5b00000|100%| O|  |TAMS 0x00000000a5b00000, 0x00000000a5b00000| Untracked 
|  91|0x00000000a5b00000, 0x00000000a5c00000, 0x00000000a5c00000|100%| O|  |TAMS 0x00000000a5c00000, 0x00000000a5c00000| Untracked 
|  92|0x00000000a5c00000, 0x00000000a5d00000, 0x00000000a5d00000|100%| O|  |TAMS 0x00000000a5d00000, 0x00000000a5d00000| Untracked 
|  93|0x00000000a5d00000, 0x00000000a5e00000, 0x00000000a5e00000|100%| O|  |TAMS 0x00000000a5e00000, 0x00000000a5e00000| Untracked 
|  94|0x00000000a5e00000, 0x00000000a5f00000, 0x00000000a5f00000|100%| O|  |TAMS 0x00000000a5f00000, 0x00000000a5f00000| Untracked 
|  95|0x00000000a5f00000, 0x00000000a6000000, 0x00000000a6000000|100%| O|  |TAMS 0x00000000a6000000, 0x00000000a6000000| Untracked 
|  96|0x00000000a6000000, 0x00000000a6100000, 0x00000000a6100000|100%| O|  |TAMS 0x00000000a6100000, 0x00000000a6100000| Untracked 
|  97|0x00000000a6100000, 0x00000000a6200000, 0x00000000a6200000|100%| O|  |TAMS 0x00000000a6200000, 0x00000000a6200000| Untracked 
|  98|0x00000000a6200000, 0x00000000a6300000, 0x00000000a6300000|100%| O|  |TAMS 0x00000000a6300000, 0x00000000a6300000| Untracked 
|  99|0x00000000a6300000, 0x00000000a6400000, 0x00000000a6400000|100%| O|  |TAMS 0x00000000a6400000, 0x00000000a6400000| Untracked 
| 100|0x00000000a6400000, 0x00000000a6500000, 0x00000000a6500000|100%| O|  |TAMS 0x00000000a6500000, 0x00000000a6500000| Untracked 
| 101|0x00000000a6500000, 0x00000000a6600000, 0x00000000a6600000|100%| O|  |TAMS 0x00000000a6600000, 0x00000000a6600000| Untracked 
| 102|0x00000000a6600000, 0x00000000a6700000, 0x00000000a6700000|100%| O|  |TAMS 0x00000000a6700000, 0x00000000a6700000| Untracked 
| 103|0x00000000a6700000, 0x00000000a6800000, 0x00000000a6800000|100%| O|  |TAMS 0x00000000a6800000, 0x00000000a6800000| Untracked 
| 104|0x00000000a6800000, 0x00000000a6900000, 0x00000000a6900000|100%| O|  |TAMS 0x00000000a6900000, 0x00000000a6900000| Untracked 
| 105|0x00000000a6900000, 0x00000000a6a00000, 0x00000000a6a00000|100%| O|  |TAMS 0x00000000a6a00000, 0x00000000a6a00000| Untracked 
| 106|0x00000000a6a00000, 0x00000000a6b00000, 0x00000000a6b00000|100%| O|  |TAMS 0x00000000a6b00000, 0x00000000a6b00000| Untracked 
| 107|0x00000000a6b00000, 0x00000000a6c00000, 0x00000000a6c00000|100%| O|  |TAMS 0x00000000a6b69200, 0x00000000a6c00000| Untracked 
| 108|0x00000000a6c00000, 0x00000000a6d00000, 0x00000000a6d00000|100%| O|  |TAMS 0x00000000a6c00000, 0x00000000a6c40a00| Untracked 
| 109|0x00000000a6d00000, 0x00000000a6d04600, 0x00000000a6e00000|  1%| O|  |TAMS 0x00000000a6d00000, 0x00000000a6d00000| Untracked 
| 110|0x00000000a6e00000, 0x00000000a6f00000, 0x00000000a6f00000|100%| O|  |TAMS 0x00000000a6e00000, 0x00000000a6f00000| Untracked 
| 111|0x00000000a6f00000, 0x00000000a7000000, 0x00000000a7000000|100%| O|  |TAMS 0x00000000a6f00000, 0x00000000a7000000| Untracked 
| 112|0x00000000a7000000, 0x00000000a7100000, 0x00000000a7100000|100%|HS|  |TAMS 0x00000000a7000000, 0x00000000a7100000| Complete 
| 113|0x00000000a7100000, 0x00000000a7200000, 0x00000000a7200000|100%|HC|  |TAMS 0x00000000a7100000, 0x00000000a7200000| Complete 
| 114|0x00000000a7200000, 0x00000000a7300000, 0x00000000a7300000|100%| O|  |TAMS 0x00000000a7200000, 0x00000000a7300000| Untracked 
| 115|0x00000000a7300000, 0x00000000a7300000, 0x00000000a7400000|  0%| F|  |TAMS 0x00000000a7300000, 0x00000000a7300000| Untracked 
| 116|0x00000000a7400000, 0x00000000a7400000, 0x00000000a7500000|  0%| F|  |TAMS 0x00000000a7400000, 0x00000000a7400000| Untracked 
| 117|0x00000000a7500000, 0x00000000a7500000, 0x00000000a7600000|  0%| F|  |TAMS 0x00000000a7500000, 0x00000000a7500000| Untracked 
| 118|0x00000000a7600000, 0x00000000a7600000, 0x00000000a7700000|  0%| F|  |TAMS 0x00000000a7600000, 0x00000000a7600000| Untracked 
| 119|0x00000000a7700000, 0x00000000a7700000, 0x00000000a7800000|  0%| F|  |TAMS 0x00000000a7700000, 0x00000000a7700000| Untracked 
| 120|0x00000000a7800000, 0x00000000a7800000, 0x00000000a7900000|  0%| F|  |TAMS 0x00000000a7800000, 0x00000000a7800000| Untracked 
| 121|0x00000000a7900000, 0x00000000a7900000, 0x00000000a7a00000|  0%| F|  |TAMS 0x00000000a7900000, 0x00000000a7900000| Untracked 
| 122|0x00000000a7a00000, 0x00000000a7a00000, 0x00000000a7b00000|  0%| F|  |TAMS 0x00000000a7a00000, 0x00000000a7a00000| Untracked 
| 123|0x00000000a7b00000, 0x00000000a7b00000, 0x00000000a7c00000|  0%| F|  |TAMS 0x00000000a7b00000, 0x00000000a7b00000| Untracked 
| 124|0x00000000a7c00000, 0x00000000a7c00000, 0x00000000a7d00000|  0%| F|  |TAMS 0x00000000a7c00000, 0x00000000a7c00000| Untracked 
| 125|0x00000000a7d00000, 0x00000000a7d00000, 0x00000000a7e00000|  0%| F|  |TAMS 0x00000000a7d00000, 0x00000000a7d00000| Untracked 
| 126|0x00000000a7e00000, 0x00000000a7e00000, 0x00000000a7f00000|  0%| F|  |TAMS 0x00000000a7e00000, 0x00000000a7e00000| Untracked 
| 127|0x00000000a7f00000, 0x00000000a7f00000, 0x00000000a8000000|  0%| F|  |TAMS 0x00000000a7f00000, 0x00000000a7f00000| Untracked 
| 128|0x00000000a8000000, 0x00000000a8000000, 0x00000000a8100000|  0%| F|  |TAMS 0x00000000a8000000, 0x00000000a8000000| Untracked 
| 129|0x00000000a8100000, 0x00000000a8100000, 0x00000000a8200000|  0%| F|  |TAMS 0x00000000a8100000, 0x00000000a8100000| Untracked 
| 130|0x00000000a8200000, 0x00000000a8200000, 0x00000000a8300000|  0%| F|  |TAMS 0x00000000a8200000, 0x00000000a8200000| Untracked 
| 131|0x00000000a8300000, 0x00000000a8300000, 0x00000000a8400000|  0%| F|  |TAMS 0x00000000a8300000, 0x00000000a8300000| Untracked 
| 132|0x00000000a8400000, 0x00000000a8400000, 0x00000000a8500000|  0%| F|  |TAMS 0x00000000a8400000, 0x00000000a8400000| Untracked 
| 133|0x00000000a8500000, 0x00000000a8500000, 0x00000000a8600000|  0%| F|  |TAMS 0x00000000a8500000, 0x00000000a8500000| Untracked 
| 134|0x00000000a8600000, 0x00000000a8700000, 0x00000000a8700000|100%| S|CS|TAMS 0x00000000a8600000, 0x00000000a8600000| Complete 
| 135|0x00000000a8700000, 0x00000000a8800000, 0x00000000a8800000|100%| S|CS|TAMS 0x00000000a8700000, 0x00000000a8700000| Complete 
| 136|0x00000000a8800000, 0x00000000a8900000, 0x00000000a8900000|100%| S|CS|TAMS 0x00000000a8800000, 0x00000000a8800000| Complete 
| 137|0x00000000a8900000, 0x00000000a8900000, 0x00000000a8a00000|  0%| F|  |TAMS 0x00000000a8900000, 0x00000000a8900000| Untracked 
| 138|0x00000000a8a00000, 0x00000000a8a00000, 0x00000000a8b00000|  0%| F|  |TAMS 0x00000000a8a00000, 0x00000000a8a00000| Untracked 
| 139|0x00000000a8b00000, 0x00000000a8b00000, 0x00000000a8c00000|  0%| F|  |TAMS 0x00000000a8b00000, 0x00000000a8b00000| Untracked 
| 140|0x00000000a8c00000, 0x00000000a8ceac58, 0x00000000a8d00000| 91%| E|  |TAMS 0x00000000a8c00000, 0x00000000a8c00000| Complete 
| 141|0x00000000a8d00000, 0x00000000a8dff988, 0x00000000a8e00000| 99%| E|  |TAMS 0x00000000a8d00000, 0x00000000a8d00000| Complete 
| 142|0x00000000a8e00000, 0x00000000a8f00000, 0x00000000a8f00000|100%| E|CS|TAMS 0x00000000a8e00000, 0x00000000a8e00000| Complete 
| 143|0x00000000a8f00000, 0x00000000a9000000, 0x00000000a9000000|100%| E|CS|TAMS 0x00000000a8f00000, 0x00000000a8f00000| Complete 
| 144|0x00000000a9000000, 0x00000000a9100000, 0x00000000a9100000|100%| E|CS|TAMS 0x00000000a9000000, 0x00000000a9000000| Complete 
| 145|0x00000000a9100000, 0x00000000a9200000, 0x00000000a9200000|100%| E|CS|TAMS 0x00000000a9100000, 0x00000000a9100000| Complete 
| 146|0x00000000a9200000, 0x00000000a9300000, 0x00000000a9300000|100%| E|CS|TAMS 0x00000000a9200000, 0x00000000a9200000| Complete 
| 147|0x00000000a9300000, 0x00000000a9400000, 0x00000000a9400000|100%| E|CS|TAMS 0x00000000a9300000, 0x00000000a9300000| Complete 
| 148|0x00000000a9400000, 0x00000000a9500000, 0x00000000a9500000|100%| E|CS|TAMS 0x00000000a9400000, 0x00000000a9400000| Complete 
| 149|0x00000000a9500000, 0x00000000a9600000, 0x00000000a9600000|100%| E|CS|TAMS 0x00000000a9500000, 0x00000000a9500000| Complete 
| 150|0x00000000a9600000, 0x00000000a9700000, 0x00000000a9700000|100%| E|CS|TAMS 0x00000000a9600000, 0x00000000a9600000| Complete 
| 151|0x00000000a9700000, 0x00000000a9800000, 0x00000000a9800000|100%| E|CS|TAMS 0x00000000a9700000, 0x00000000a9700000| Complete 
| 152|0x00000000a9800000, 0x00000000a9900000, 0x00000000a9900000|100%| E|CS|TAMS 0x00000000a9800000, 0x00000000a9800000| Complete 
| 153|0x00000000a9900000, 0x00000000a9a00000, 0x00000000a9a00000|100%| E|CS|TAMS 0x00000000a9900000, 0x00000000a9900000| Complete 

Card table byte_map: [0x000002442ff10000,0x0000024430210000] _byte_map_base: 0x000002442fa10000

Marking Bits (Prev, Next): (CMBitMap*) 0x000002441d1434e8, (CMBitMap*) 0x000002441d143520
 Prev Bits: [0x0000024430510000, 0x0000024431d10000)
 Next Bits: [0x0000024431d10000, 0x0000024433510000)

Polling page: 0x000002441b0c0000

Metaspace:

Usage:
  Non-class:     98.59 MB capacity,    96.65 MB ( 98%) used,     1.64 MB (  2%) free+waste,   305.81 KB ( <1%) overhead. 
      Class:     14.58 MB capacity,    13.46 MB ( 92%) used,  1010.26 KB (  7%) free+waste,   138.31 KB ( <1%) overhead. 
       Both:    113.17 MB capacity,   110.11 MB ( 97%) used,     2.63 MB (  2%) free+waste,   444.13 KB ( <1%) overhead. 

Virtual space:
  Non-class space:      100.00 MB reserved,      98.66 MB ( 99%) committed 
      Class space:        1.00 GB reserved,      14.63 MB (  1%) committed 
             Both:        1.10 GB reserved,     113.28 MB ( 10%) committed 

Chunk freelists:
   Non-Class:  4.00 KB
       Class:  14.00 KB
        Both:  18.00 KB

MaxMetaspaceSize: 17179869184.00 GB
CompressedClassSpaceSize: 1.00 GB

CodeHeap 'non-profiled nmethods': size=120064Kb used=12132Kb max_used=12132Kb free=107931Kb
 bounds [0x00000244286d0000, 0x00000244292b0000, 0x000002442fc10000]
CodeHeap 'profiled nmethods': size=120000Kb used=36171Kb max_used=36171Kb free=83828Kb
 bounds [0x00000244211a0000, 0x0000024423510000, 0x00000244286d0000]
CodeHeap 'non-nmethods': size=5696Kb used=2398Kb max_used=2440Kb free=3297Kb
 bounds [0x0000024420c10000, 0x0000024420e80000, 0x00000244211a0000]
 total_blobs=16755 nmethods=15710 adapters=954
 compilation: enabled
              stopped_count=0, restarted_count=0
 full_count=0

Compilation events (20 events):
Event: 222.762 Thread 0x0000024435a3d000 nmethod 16763 0x0000024421abc210 code [0x0000024421abc3e0, 0x0000024421abc5b8]
Event: 222.762 Thread 0x0000024435a3d000 16764       3       org.gradle.api.internal.artifacts.ivyservice.ResolvedFileCollectionVisitor::prepareForVisit (11 bytes)
Event: 222.763 Thread 0x0000024435a3d000 nmethod 16764 0x0000024421c2f310 code [0x0000024421c2f4c0, 0x0000024421c2f688]
Event: 222.763 Thread 0x0000024435a3d000 16765       3       org.gradle.api.internal.file.FileCollectionStructureVisitor::prepareForVisit (4 bytes)
Event: 222.763 Thread 0x0000024435a3d000 nmethod 16765 0x0000024421811890 code [0x0000024421811a40, 0x0000024421811b58]
Event: 222.763 Thread 0x0000024435a3d000 16766       3       org.gradle.api.internal.artifacts.ivyservice.ResolvedFileCollectionVisitor::endVisitCollection (24 bytes)
Event: 222.764 Thread 0x0000024435a3d000 nmethod 16766 0x0000024421d01210 code [0x0000024421d013e0, 0x0000024421d01798]
Event: 222.775 Thread 0x0000024435a3d000 16767       3       org.gradle.model.internal.asm.AsmClassGenerator::<init> (88 bytes)
Event: 222.778 Thread 0x0000024435a3d000 nmethod 16767 0x00000244234feb10 code [0x00000244234feee0, 0x0000024423500488]
Event: 222.779 Thread 0x0000024435a3d000 16768       3       org.gradle.internal.instantiation.generator.AsmBackedClassGenerator$ClassBuilderImpl$$Lambda$395/0x00000001007a0040::add (21 bytes)
Event: 222.780 Thread 0x0000024435a3d000 nmethod 16768 0x0000024421bfce10 code [0x0000024421bfcfc0, 0x0000024421bfd108]
Event: 222.780 Thread 0x0000024435a3d000 16769       3       org.gradle.internal.instantiation.generator.AsmBackedClassGenerator$ClassBuilderImpl::lambda$applyReadOnlyManagedStateToGetter$10 (236 bytes)
Event: 222.783 Thread 0x0000024435a3d000 nmethod 16769 0x0000024423500c90 code [0x0000024423501100, 0x0000024423502f58]
Event: 222.783 Thread 0x0000024435a3d000 16770       3       org.gradle.model.internal.asm.AsmClassGenerator::define (12 bytes)
Event: 222.785 Thread 0x0000024435a3d000 nmethod 16770 0x0000024421d56c90 code [0x0000024421d56f00, 0x0000024421d57998]
Event: 222.788 Thread 0x0000024435a3d000 16771       3       org.gradle.api.internal.changedetection.state.ZipHasher::isZipFile (43 bytes)
Event: 222.793 Thread 0x0000024435a3d000 nmethod 16771 0x0000024421d89a90 code [0x0000024421d89da0, 0x0000024421d8b1f8]
Event: 222.805 Thread 0x0000024435a10800 nmethod 16749 0x00000244292a0190 code [0x00000244292a0420, 0x00000244292a1708]
Event: 222.805 Thread 0x0000024435a10800 16754       4       org.gradle.internal.snapshot.impl.IsolatedArray::isolate (60 bytes)
Event: 222.807 Thread 0x0000024435a3d000 16772       3       jdk.internal.reflect.UnsafeFieldAccessorFactory::newFieldAccessor (676 bytes)

GC Heap History (20 events):
Event: 206.143 GC heap before
{Heap before GC invocations=110 (full 0):
 garbage-first heap   total 157696K, used 131098K [0x00000000a0000000, 0x0000000100000000)
  region size 1024K, 3 young (3072K), 2 survivors (2048K)
 Metaspace       used 108090K, capacity 111058K, committed 111264K, reserved 1146880K
  class space    used 13192K, capacity 14304K, committed 14336K, reserved 1048576K
}
Event: 206.152 GC heap after
{Heap after GC invocations=111 (full 0):
 garbage-first heap   total 157696K, used 126870K [0x00000000a0000000, 0x0000000100000000)
  region size 1024K, 1 young (1024K), 1 survivors (1024K)
 Metaspace       used 108090K, capacity 111058K, committed 111264K, reserved 1146880K
  class space    used 13192K, capacity 14304K, committed 14336K, reserved 1048576K
}
Event: 207.163 GC heap before
{Heap before GC invocations=112 (full 0):
 garbage-first heap   total 157696K, used 134038K [0x00000000a0000000, 0x0000000100000000)
  region size 1024K, 7 young (7168K), 1 survivors (1024K)
 Metaspace       used 108168K, capacity 111176K, committed 111264K, reserved 1146880K
  class space    used 13201K, capacity 14313K, committed 14336K, reserved 1048576K
}
Event: 207.167 GC heap after
{Heap after GC invocations=113 (full 0):
 garbage-first heap   total 157696K, used 125481K [0x00000000a0000000, 0x0000000100000000)
  region size 1024K, 1 young (1024K), 1 survivors (1024K)
 Metaspace       used 108168K, capacity 111176K, committed 111264K, reserved 1146880K
  class space    used 13201K, capacity 14313K, committed 14336K, reserved 1048576K
}
Event: 213.285 GC heap before
{Heap before GC invocations=113 (full 0):
 garbage-first heap   total 157696K, used 131625K [0x00000000a0000000, 0x0000000100000000)
  region size 1024K, 8 young (8192K), 1 survivors (1024K)
 Metaspace       used 108561K, capacity 111639K, committed 111904K, reserved 1146880K
  class space    used 13257K, capacity 14382K, committed 14464K, reserved 1048576K
}
Event: 213.290 GC heap after
{Heap after GC invocations=114 (full 0):
 garbage-first heap   total 157696K, used 126035K [0x00000000a0000000, 0x0000000100000000)
  region size 1024K, 1 young (1024K), 1 survivors (1024K)
 Metaspace       used 108561K, capacity 111639K, committed 111904K, reserved 1146880K
  class space    used 13257K, capacity 14382K, committed 14464K, reserved 1048576K
}
Event: 214.095 GC heap before
{Heap before GC invocations=115 (full 0):
 garbage-first heap   total 157696K, used 128083K [0x00000000a0000000, 0x0000000100000000)
  region size 1024K, 8 young (8192K), 1 survivors (1024K)
 Metaspace       used 108920K, capacity 112070K, committed 112160K, reserved 1146880K
  class space    used 13298K, capacity 14440K, committed 14464K, reserved 1048576K
}
Event: 214.100 GC heap after
{Heap after GC invocations=116 (full 0):
 garbage-first heap   total 157696K, used 121227K [0x00000000a0000000, 0x0000000100000000)
  region size 1024K, 1 young (1024K), 1 survivors (1024K)
 Metaspace       used 108920K, capacity 112070K, committed 112160K, reserved 1146880K
  class space    used 13298K, capacity 14440K, committed 14464K, reserved 1048576K
}
Event: 215.003 GC heap before
{Heap before GC invocations=116 (full 0):
 garbage-first heap   total 157696K, used 126347K [0x00000000a0000000, 0x0000000100000000)
  region size 1024K, 7 young (7168K), 1 survivors (1024K)
 Metaspace       used 109403K, capacity 112521K, committed 112800K, reserved 1146880K
  class space    used 13369K, capacity 14505K, committed 14592K, reserved 1048576K
}
Event: 215.013 GC heap after
{Heap after GC invocations=117 (full 0):
 garbage-first heap   total 157696K, used 111567K [0x00000000a0000000, 0x0000000100000000)
  region size 1024K, 1 young (1024K), 1 survivors (1024K)
 Metaspace       used 109403K, capacity 112521K, committed 112800K, reserved 1146880K
  class space    used 13369K, capacity 14505K, committed 14592K, reserved 1048576K
}
Event: 216.028 GC heap before
{Heap before GC invocations=117 (full 0):
 garbage-first heap   total 157696K, used 125903K [0x00000000a0000000, 0x0000000100000000)
  region size 1024K, 15 young (15360K), 1 survivors (1024K)
 Metaspace       used 110873K, capacity 113929K, committed 113952K, reserved 1148928K
  class space    used 13569K, capacity 14697K, committed 14720K, reserved 1048576K
}
Event: 216.033 GC heap after
{Heap after GC invocations=118 (full 0):
 garbage-first heap   total 157696K, used 111894K [0x00000000a0000000, 0x0000000100000000)
  region size 1024K, 1 young (1024K), 1 survivors (1024K)
 Metaspace       used 110873K, capacity 113929K, committed 113952K, reserved 1148928K
  class space    used 13569K, capacity 14697K, committed 14720K, reserved 1048576K
}
Event: 218.984 GC heap before
{Heap before GC invocations=118 (full 0):
 garbage-first heap   total 157696K, used 127254K [0x00000000a0000000, 0x0000000100000000)
  region size 1024K, 16 young (16384K), 1 survivors (1024K)
 Metaspace       used 111770K, capacity 114763K, committed 115104K, reserved 1148928K
  class space    used 13650K, capacity 14761K, committed 14848K, reserved 1048576K
}
Event: 218.992 GC heap after
{Heap after GC invocations=119 (full 0):
 garbage-first heap   total 157696K, used 114088K [0x00000000a0000000, 0x0000000100000000)
  region size 1024K, 2 young (2048K), 2 survivors (2048K)
 Metaspace       used 111770K, capacity 114763K, committed 115104K, reserved 1148928K
  class space    used 13650K, capacity 14761K, committed 14848K, reserved 1048576K
}
Event: 220.140 GC heap before
{Heap before GC invocations=119 (full 0):
 garbage-first heap   total 157696K, used 128424K [0x00000000a0000000, 0x0000000100000000)
  region size 1024K, 17 young (17408K), 2 survivors (2048K)
 Metaspace       used 111890K, capacity 114931K, committed 115104K, reserved 1148928K
  class space    used 13661K, capacity 14767K, committed 14848K, reserved 1048576K
}
Event: 220.147 GC heap after
{Heap after GC invocations=120 (full 0):
 garbage-first heap   total 157696K, used 114451K [0x00000000a0000000, 0x0000000100000000)
  region size 1024K, 2 young (2048K), 2 survivors (2048K)
 Metaspace       used 111890K, capacity 114931K, committed 115104K, reserved 1148928K
  class space    used 13661K, capacity 14767K, committed 14848K, reserved 1048576K
}
Event: 221.341 GC heap before
{Heap before GC invocations=120 (full 0):
 garbage-first heap   total 157696K, used 128787K [0x00000000a0000000, 0x0000000100000000)
  region size 1024K, 17 young (17408K), 2 survivors (2048K)
 Metaspace       used 112217K, capacity 115243K, committed 115360K, reserved 1150976K
  class space    used 13711K, capacity 14847K, committed 14848K, reserved 1048576K
}
Event: 221.347 GC heap after
{Heap after GC invocations=121 (full 0):
 garbage-first heap   total 157696K, used 114771K [0x00000000a0000000, 0x0000000100000000)
  region size 1024K, 1 young (1024K), 1 survivors (1024K)
 Metaspace       used 112217K, capacity 115243K, committed 115360K, reserved 1150976K
  class space    used 13711K, capacity 14847K, committed 14848K, reserved 1048576K
}
Event: 222.394 GC heap before
{Heap before GC invocations=121 (full 0):
 garbage-first heap   total 157696K, used 129107K [0x00000000a0000000, 0x0000000100000000)
  region size 1024K, 16 young (16384K), 1 survivors (1024K)
 Metaspace       used 112244K, capacity 115314K, committed 115360K, reserved 1150976K
  class space    used 13712K, capacity 14848K, committed 14848K, reserved 1048576K
}
Event: 222.398 GC heap after
{Heap after GC invocations=122 (full 0):
 garbage-first heap   total 157696K, used 115045K [0x00000000a0000000, 0x0000000100000000)
  region size 1024K, 2 young (2048K), 2 survivors (2048K)
 Metaspace       used 112244K, capacity 115314K, committed 115360K, reserved 1150976K
  class space    used 13712K, capacity 14848K, committed 14848K, reserved 1048576K
}

Deoptimization events (20 events):
Event: 222.745 Thread 0x000002443c42d000 Uncommon trap: trap_request=0xffffff4d fr.pc=0x0000024429077500 relative=0x00000000000005c0
Event: 222.745 Thread 0x000002443c42d000 Uncommon trap: reason=unstable_if action=reinterpret pc=0x0000024429077500 method=com.google.common.util.concurrent.AbstractFuture.get()Ljava/lang/Object; @ 84 c2
Event: 222.745 Thread 0x000002443c42d000 DEOPT PACKING pc=0x0000024429077500 sp=0x0000004c88cfd700
Event: 222.745 Thread 0x000002443c42d000 DEOPT UNPACKING pc=0x0000024420c36029 sp=0x0000004c88cfd5e0 mode 2
Event: 222.745 Thread 0x000002443c42d000 Uncommon trap: trap_request=0xffffffde fr.pc=0x0000024428ffa704 relative=0x0000000000000aa4
Event: 222.745 Thread 0x000002443c42d000 Uncommon trap: reason=class_check action=maybe_recompile pc=0x0000024428ffa704 method=com.google.common.cache.LocalCache$Segment.get(Ljava/lang/Object;ILcom/google/common/cache/CacheLoader;)Ljava/lang/Object; @ 99 c2
Event: 222.745 Thread 0x000002443c42d000 DEOPT PACKING pc=0x0000024428ffa704 sp=0x0000004c88cfd880
Event: 222.745 Thread 0x000002443c42d000 DEOPT UNPACKING pc=0x0000024420c36029 sp=0x0000004c88cfd838 mode 2
Event: 222.747 Thread 0x000002443c42d000 Uncommon trap: trap_request=0xffffffde fr.pc=0x0000024428ffa704 relative=0x0000000000000aa4
Event: 222.747 Thread 0x000002443c42d000 Uncommon trap: reason=class_check action=maybe_recompile pc=0x0000024428ffa704 method=com.google.common.cache.LocalCache$Segment.get(Ljava/lang/Object;ILcom/google/common/cache/CacheLoader;)Ljava/lang/Object; @ 99 c2
Event: 222.747 Thread 0x000002443c42d000 DEOPT PACKING pc=0x0000024428ffa704 sp=0x0000004c88cfd880
Event: 222.747 Thread 0x000002443c42d000 DEOPT UNPACKING pc=0x0000024420c36029 sp=0x0000004c88cfd838 mode 2
Event: 222.749 Thread 0x0000024437137000 Uncommon trap: trap_request=0xffffffde fr.pc=0x0000024428ffa704 relative=0x0000000000000aa4
Event: 222.749 Thread 0x0000024437137000 Uncommon trap: reason=class_check action=maybe_recompile pc=0x0000024428ffa704 method=com.google.common.cache.LocalCache$Segment.get(Ljava/lang/Object;ILcom/google/common/cache/CacheLoader;)Ljava/lang/Object; @ 99 c2
Event: 222.749 Thread 0x0000024437137000 DEOPT PACKING pc=0x0000024428ffa704 sp=0x0000004c818fb240
Event: 222.749 Thread 0x0000024437137000 DEOPT UNPACKING pc=0x0000024420c36029 sp=0x0000004c818fb1f8 mode 2
Event: 222.785 Thread 0x000002443f98b800 Uncommon trap: trap_request=0xffffffde fr.pc=0x00000244290829a0 relative=0x0000000000003ca0
Event: 222.785 Thread 0x000002443f98b800 Uncommon trap: reason=class_check action=maybe_recompile pc=0x00000244290829a0 method=com.google.common.cache.LocalCache$Segment.lockedGetOrLoad(Ljava/lang/Object;ILcom/google/common/cache/CacheLoader;)Ljava/lang/Object; @ 120 c2
Event: 222.785 Thread 0x000002443f98b800 DEOPT PACKING pc=0x00000244290829a0 sp=0x0000004c88bfda50
Event: 222.785 Thread 0x000002443f98b800 DEOPT UNPACKING pc=0x0000024420c36029 sp=0x0000004c88bfd9f0 mode 2

Classes redefined (0 events):
No events

Internal exceptions (20 events):
Event: 222.405 Thread 0x000002443f98d000 Exception <a 'sun/nio/fs/WindowsException'{0x00000000a9926700}> (0x00000000a9926700) thrown at [./src/hotspot/share/prims/jni.cpp, line 615]
Event: 222.407 Thread 0x000002443c42d000 Exception <a 'sun/nio/fs/WindowsException'{0x00000000a993f930}> (0x00000000a993f930) thrown at [./src/hotspot/share/prims/jni.cpp, line 615]
Event: 222.428 Thread 0x0000024437137000 Exception <a 'sun/nio/fs/WindowsException'{0x00000000a99a89a8}> (0x00000000a99a89a8) thrown at [./src/hotspot/share/prims/jni.cpp, line 615]
Event: 222.437 Thread 0x000002443f98b800 Exception <a 'sun/nio/fs/WindowsException'{0x00000000a98446f0}> (0x00000000a98446f0) thrown at [./src/hotspot/share/prims/jni.cpp, line 615]
Event: 222.449 Thread 0x000002443f98d000 Exception <a 'sun/nio/fs/WindowsException'{0x00000000a988f348}> (0x00000000a988f348) thrown at [./src/hotspot/share/prims/jni.cpp, line 615]
Event: 222.450 Thread 0x0000024437137000 Exception <a 'sun/nio/fs/WindowsException'{0x00000000a9884308}> (0x00000000a9884308) thrown at [./src/hotspot/share/prims/jni.cpp, line 615]
Event: 222.450 Thread 0x000002443c42d000 Exception <a 'sun/nio/fs/WindowsException'{0x00000000a982e7e8}> (0x00000000a982e7e8) thrown at [./src/hotspot/share/prims/jni.cpp, line 615]
Event: 222.503 Thread 0x0000024437137000 Exception <a 'sun/nio/fs/WindowsException'{0x00000000a9731c70}> (0x00000000a9731c70) thrown at [./src/hotspot/share/prims/jni.cpp, line 615]
Event: 222.507 Thread 0x000002443f98b800 Exception <a 'sun/nio/fs/WindowsException'{0x00000000a97439d8}> (0x00000000a97439d8) thrown at [./src/hotspot/share/prims/jni.cpp, line 615]
Event: 222.509 Thread 0x000002443f98d000 Exception <a 'sun/nio/fs/WindowsException'{0x00000000a97079c0}> (0x00000000a97079c0) thrown at [./src/hotspot/share/prims/jni.cpp, line 615]
Event: 222.543 Thread 0x000002443c42d000 Exception <a 'sun/nio/fs/WindowsException'{0x00000000a97794f8}> (0x00000000a97794f8) thrown at [./src/hotspot/share/prims/jni.cpp, line 615]
Event: 222.560 Thread 0x000002443f98b800 Exception <a 'sun/nio/fs/WindowsException'{0x00000000a97de928}> (0x00000000a97de928) thrown at [./src/hotspot/share/prims/jni.cpp, line 615]
Event: 222.593 Thread 0x000002443c42d000 Exception <a 'sun/nio/fs/WindowsException'{0x00000000a964df70}> (0x00000000a964df70) thrown at [./src/hotspot/share/prims/jni.cpp, line 615]
Event: 222.597 Thread 0x0000024437137000 Exception <a 'sun/nio/fs/WindowsException'{0x00000000a96264a8}> (0x00000000a96264a8) thrown at [./src/hotspot/share/prims/jni.cpp, line 615]
Event: 222.626 Thread 0x000002443f98d000 Exception <a 'sun/nio/fs/WindowsException'{0x00000000a96965f8}> (0x00000000a96965f8) thrown at [./src/hotspot/share/prims/jni.cpp, line 615]
Event: 222.626 Thread 0x000002443f98b800 Exception <a 'sun/nio/fs/WindowsException'{0x00000000a96e5348}> (0x00000000a96e5348) thrown at [./src/hotspot/share/prims/jni.cpp, line 615]
Event: 222.650 Thread 0x000002443c42d000 Exception <a 'sun/nio/fs/WindowsException'{0x00000000a9513538}> (0x00000000a9513538) thrown at [./src/hotspot/share/prims/jni.cpp, line 615]
Event: 222.650 Thread 0x0000024437137000 Exception <a 'sun/nio/fs/WindowsException'{0x00000000a9546968}> (0x00000000a9546968) thrown at [./src/hotspot/share/prims/jni.cpp, line 615]
Event: 222.674 Thread 0x000002443f98b800 Exception <a 'sun/nio/fs/WindowsException'{0x00000000a959a580}> (0x00000000a959a580) thrown at [./src/hotspot/share/prims/jni.cpp, line 615]
Event: 222.699 Thread 0x000002443f98d000 Exception <a 'sun/nio/fs/WindowsException'{0x00000000a95ede68}> (0x00000000a95ede68) thrown at [./src/hotspot/share/prims/jni.cpp, line 615]

Events (20 events):
Event: 222.800 Executing VM operation: RevokeBias
Event: 222.801 Executing VM operation: RevokeBias done
Event: 222.801 Executing VM operation: RevokeBias
Event: 222.802 Executing VM operation: RevokeBias done
Event: 222.802 Executing VM operation: RevokeBias
Event: 222.802 Executing coalesced safepoint VM operation: RevokeBias
Event: 222.802 Executing coalesced safepoint VM operation: RevokeBias done
Event: 222.802 Executing VM operation: RevokeBias done
Event: 222.803 Executing VM operation: RevokeBias
Event: 222.803 Executing VM operation: RevokeBias done
Event: 222.804 Executing VM operation: RevokeBias
Event: 222.804 Executing VM operation: RevokeBias done
Event: 222.805 Executing VM operation: RevokeBias
Event: 222.806 Executing VM operation: RevokeBias done
Event: 222.806 Executing VM operation: RevokeBias
Event: 222.806 Executing coalesced safepoint VM operation: RevokeBias
Event: 222.806 Executing coalesced safepoint VM operation: RevokeBias done
Event: 222.806 Executing VM operation: RevokeBias done
Event: 222.808 loading class com/android/build/gradle/internal/tasks/CheckDuplicateClassesDelegate
Event: 222.808 loading class com/android/build/gradle/internal/tasks/CheckDuplicateClassesDelegate done


Dynamic libraries:
0x00007ff6f8dc0000 - 0x00007ff6f8dca000 	C:\Program Files\Android\Android Studio\jre\bin\java.exe
0x00007ffacc5e0000 - 0x00007ffacc7e9000 	C:\Windows\SYSTEM32\ntdll.dll
0x00007ffaca4e0000 - 0x00007ffaca59d000 	C:\Windows\System32\KERNEL32.DLL
0x00007ffac9cc0000 - 0x00007ffaca034000 	C:\Windows\System32\KERNELBASE.dll
0x00007ffaca330000 - 0x00007ffaca441000 	C:\Windows\System32\ucrtbase.dll
0x00007ffabbf60000 - 0x00007ffabbf79000 	C:\Program Files\Android\Android Studio\jre\bin\jli.dll
0x00007ffacaa30000 - 0x00007ffacabdc000 	C:\Windows\System32\USER32.dll
0x00007ffaca450000 - 0x00007ffaca476000 	C:\Windows\System32\win32u.dll
0x00007ffaca5c0000 - 0x00007ffaca5e9000 	C:\Windows\System32\GDI32.dll
0x00007ffaca040000 - 0x00007ffaca152000 	C:\Windows\System32\gdi32full.dll
0x00007ffaca220000 - 0x00007ffaca2bd000 	C:\Windows\System32\msvcp_win.dll
0x00007ffac6430000 - 0x00007ffac6447000 	C:\Program Files\Android\Android Studio\jre\bin\VCRUNTIME140.dll
0x00007ffac0470000 - 0x00007ffac0715000 	C:\Windows\WinSxS\amd64_microsoft.windows.common-controls_6595b64144ccf1df_6.0.22000.120_none_9d947278b86cc467\COMCTL32.dll
0x00007ffacaee0000 - 0x00007ffacaf83000 	C:\Windows\System32\msvcrt.dll
0x00007ffacc550000 - 0x00007ffacc581000 	C:\Windows\System32\IMM32.DLL
0x00007ffaa92a0000 - 0x00007ffaa933d000 	C:\Program Files\Android\Android Studio\jre\bin\msvcp140.dll
0x00007ffa7bc80000 - 0x00007ffa7c755000 	C:\Program Files\Android\Android Studio\jre\bin\server\jvm.dll
0x00007ffacb130000 - 0x00007ffacb1de000 	C:\Windows\System32\ADVAPI32.dll
0x00007ffacc4b0000 - 0x00007ffacc54e000 	C:\Windows\System32\sechost.dll
0x00007ffacc120000 - 0x00007ffacc240000 	C:\Windows\System32\RPCRT4.dll
0x00007ffacbf50000 - 0x00007ffacbf58000 	C:\Windows\System32\PSAPI.DLL
0x00007ffac6410000 - 0x00007ffac6419000 	C:\Windows\SYSTEM32\WSOCK32.dll
0x00007ffacc440000 - 0x00007ffacc4af000 	C:\Windows\System32\WS2_32.dll
0x00007ffac0720000 - 0x00007ffac0753000 	C:\Windows\SYSTEM32\WINMM.dll
0x00007ffac0820000 - 0x00007ffac082a000 	C:\Windows\SYSTEM32\VERSION.dll
0x00007ffac8bd0000 - 0x00007ffac8be8000 	C:\Windows\SYSTEM32\kernel.appcore.dll
0x00007ffabe0f0000 - 0x00007ffabe101000 	C:\Program Files\Android\Android Studio\jre\bin\verify.dll
0x00007ffabba90000 - 0x00007ffabbcb1000 	C:\Windows\SYSTEM32\DBGHELP.DLL
0x00007ffabb930000 - 0x00007ffabb961000 	C:\Windows\SYSTEM32\dbgcore.DLL
0x00007ffac9c40000 - 0x00007ffac9cbf000 	C:\Windows\System32\bcryptPrimitives.dll
0x00007ffabda00000 - 0x00007ffabda29000 	C:\Program Files\Android\Android Studio\jre\bin\java.dll
0x00007ffac5ad0000 - 0x00007ffac5adb000 	C:\Program Files\Android\Android Studio\jre\bin\jimage.dll
0x00007ffabd340000 - 0x00007ffabd358000 	C:\Program Files\Android\Android Studio\jre\bin\zip.dll
0x00007ffacb730000 - 0x00007ffacbede000 	C:\Windows\System32\SHELL32.dll
0x00007ffac7c40000 - 0x00007ffac84a8000 	C:\Windows\SYSTEM32\windows.storage.dll
0x00007ffaca6b0000 - 0x00007ffacaa28000 	C:\Windows\System32\combase.dll
0x00007ffac7ad0000 - 0x00007ffac7c36000 	C:\Windows\SYSTEM32\wintypes.dll
0x00007ffacadf0000 - 0x00007ffacaeda000 	C:\Windows\System32\SHCORE.dll
0x00007ffaca480000 - 0x00007ffaca4dd000 	C:\Windows\System32\shlwapi.dll
0x00007ffac9a00000 - 0x00007ffac9a21000 	C:\Windows\SYSTEM32\profapi.dll
0x00007ffabd100000 - 0x00007ffabd11a000 	C:\Program Files\Android\Android Studio\jre\bin\net.dll
0x00007ffac1f10000 - 0x00007ffac201c000 	C:\Windows\SYSTEM32\WINHTTP.dll
0x00007ffac9000000 - 0x00007ffac9067000 	C:\Windows\system32\mswsock.dll
0x00007ffabcf80000 - 0x00007ffabcf94000 	C:\Program Files\Android\Android Studio\jre\bin\nio.dll
0x00007ffac6450000 - 0x00007ffac6477000 	C:\Users\amirn\.gradle\native\f6784746aeab05261644944871eae4fe03e0ef1612fff0a4a95f87b438bc6780\windows-amd64\native-platform.dll
0x00007ffac5aa0000 - 0x00007ffac5aaa000 	C:\Program Files\Android\Android Studio\jre\bin\management.dll
0x00007ffabd670000 - 0x00007ffabd67d000 	C:\Program Files\Android\Android Studio\jre\bin\management_ext.dll
0x00007ffac9240000 - 0x00007ffac9258000 	C:\Windows\SYSTEM32\CRYPTSP.dll
0x00007ffac8b30000 - 0x00007ffac8b65000 	C:\Windows\system32\rsaenh.dll
0x00007ffac90f0000 - 0x00007ffac9119000 	C:\Windows\SYSTEM32\USERENV.dll
0x00007ffac94b0000 - 0x00007ffac94d7000 	C:\Windows\SYSTEM32\bcrypt.dll
0x00007ffac9260000 - 0x00007ffac926c000 	C:\Windows\SYSTEM32\CRYPTBASE.dll
0x00007ffac86f0000 - 0x00007ffac871d000 	C:\Windows\SYSTEM32\IPHLPAPI.DLL
0x00007ffacb090000 - 0x00007ffacb099000 	C:\Windows\System32\NSI.dll
0x00007ffac1ef0000 - 0x00007ffac1f09000 	C:\Windows\SYSTEM32\dhcpcsvc6.DLL
0x00007ffac21a0000 - 0x00007ffac21be000 	C:\Windows\SYSTEM32\dhcpcsvc.DLL
0x00007ffac8720000 - 0x00007ffac8807000 	C:\Windows\SYSTEM32\DNSAPI.dll
0x00007ffac1300000 - 0x00007ffac130c000 	C:\Windows\SYSTEM32\WINNSI.DLL
0x00007ffab96c0000 - 0x00007ffab96e7000 	C:\Program Files\Android\Android Studio\jre\bin\sunec.dll
0x00007ffabe1f0000 - 0x00007ffabe1fa000 	C:\Windows\System32\rasadhlp.dll
0x00007ffabe970000 - 0x00007ffabe9f1000 	C:\Windows\System32\fwpuclnt.dll
0x00007ffac7260000 - 0x00007ffac7294000 	C:\Windows\SYSTEM32\ntmarta.dll
0x00007ffac7100000 - 0x00007ffac7191000 	C:\Windows\system32\apphelp.dll
0x00007ffaacdb0000 - 0x00007ffaacf55000 	C:\Program Files\Android\Android Studio\jre\bin\awt.dll
0x00007ffacafb0000 - 0x00007ffacb086000 	C:\Windows\System32\OLEAUT32.dll
0x00007ffac7600000 - 0x00007ffac762f000 	C:\Windows\SYSTEM32\dwmapi.dll
0x00007ffac73c0000 - 0x00007ffac746c000 	C:\Windows\system32\uxtheme.dll

dbghelp: loaded successfully - version: 4.0.5 - missing functions: none
symbol engine: initialized successfully - sym options: 0x614 - pdb path: .;C:\Program Files\Android\Android Studio\jre\bin;C:\Windows\SYSTEM32;C:\Windows\WinSxS\amd64_microsoft.windows.common-controls_6595b64144ccf1df_6.0.22000.120_none_9d947278b86cc467;C:\Program Files\Android\Android Studio\jre\bin\server;C:\Users\amirn\.gradle\native\f6784746aeab05261644944871eae4fe03e0ef1612fff0a4a95f87b438bc6780\windows-amd64

VM Arguments:
jvm_args: --add-opens=java.base/java.util=ALL-UNNAMED --add-opens=java.base/java.lang=ALL-UNNAMED --add-opens=java.base/java.lang.invoke=ALL-UNNAMED --add-opens=java.prefs/java.util.prefs=ALL-UNNAMED -Xmx1536m -Dfile.encoding=windows-1252 -Duser.country=US -Duser.language=en -Duser.variant 
java_command: org.gradle.launcher.daemon.bootstrap.GradleDaemon 6.5
java_class_path (initial): C:\Users\amirn\.gradle\wrapper\dists\gradle-6.5-bin\6nifqtx7604sqp1q6g8wikw7p\gradle-6.5\lib\gradle-launcher-6.5.jar
Launcher Type: SUN_STANDARD

[Global flags]
     intx CICompilerCount                          = 3                                         {product} {ergonomic}
     uint ConcGCThreads                            = 1                                         {product} {ergonomic}
     uint G1ConcRefinementThreads                  = 4                                         {product} {ergonomic}
   size_t G1HeapRegionSize                         = 1048576                                   {product} {ergonomic}
    uintx GCDrainStackTargetSize                   = 64                                        {product} {ergonomic}
   size_t InitialHeapSize                          = 134217728                                 {product} {ergonomic}
   size_t MarkStackSize                            = 4194304                                   {product} {ergonomic}
   size_t MaxHeapSize                              = 1610612736                                {product} {command line}
   size_t MaxNewSize                               = 965738496                                 {product} {ergonomic}
   size_t MinHeapDeltaBytes                        = 1048576                                   {product} {ergonomic}
    uintx NonNMethodCodeHeapSize                   = 5830732                                {pd product} {ergonomic}
    uintx NonProfiledCodeHeapSize                  = 122913754                              {pd product} {ergonomic}
    uintx ProfiledCodeHeapSize                     = 122913754                              {pd product} {ergonomic}
    uintx ReservedCodeCacheSize                    = 251658240                              {pd product} {ergonomic}
     bool SegmentedCodeCache                       = true                                      {product} {ergonomic}
     bool UseCompressedClassPointers               = true                                 {lp64_product} {ergonomic}
     bool UseCompressedOops                        = true                                 {lp64_product} {ergonomic}
     bool UseG1GC                                  = true                                      {product} {ergonomic}
     bool UseLargePagesIndividualAllocation        = false                                  {pd product} {ergonomic}

Logging:
Log output configuration:
 #0: stdout all=warning uptime,level,tags
 #1: stderr all=off uptime,level,tags

Environment Variables:
PATH=C:\Program Files (x86)\Common Files\Oracle\Java\javapath;C:\Program Files\Common Files\Oracle\Java\javapath;C:\Program Files (x86)\NVIDIA Corporation\PhysX\Common;C:\Windows\system32;C:\Windows;C:\Windows\System32\Wbem;C:\Windows\System32\WindowsPowerShell\v1.0\;C:\Windows\System32\OpenSSH\;C:\Program Files\Git\cmd;C:\Program Files\dotnet\;C:\Users\amirn\AppData\Local\Microsoft\WindowsApps;
USERNAME=iamnovinfar.ir
OS=Windows_NT
PROCESSOR_IDENTIFIER=AMD64 Family 16 Model 5 Stepping 2, AuthenticAMD



---------------  S Y S T E M  ---------------

OS: Windows 10 , 64 bit Build 22000 (10.0.22000.434)
OS uptime: 0 days 7:17 hours

CPU:total 4 (initial active 4) (4 cores per cpu, 1 threads per core) family 16 model 5 stepping 2 microcode 0x0, cmov, cx8, fxsr, mmx, sse, sse2, sse3, popcnt, mmxext, 3dnowpref, lzcnt, sse4a, tsc, tscinvbit, tscinv

Memory: 4k page, system-wide physical 8191M (1525M free)
TotalPageFile size 11775M (AvailPageFile size 2614M)
current process WorkingSet (physical memory assigned to process): 468M, peak: 470M
current process commit charge ("private bytes"): 496M, peak: 499M

vm_info: OpenJDK 64-Bit Server VM (11.0.11+9-b60-7590822) for windows-amd64 JRE (11.0.11+9-b60-7590822), built on Jul 29 2021 21:43:44 by "builder" with MS VC++ 14.0 (VS2015)

END.
